Start testing: Feb 18 19:41 PST
----------------------------------------------------------
1/23 Testing: Pivot.Empty
1/23 Test: Pivot.Empty
Command: "/usr/bin/valgrind" "--tool=memcheck" "--leak-check=yes" "--trace-children=no" "--error-exitcode=113" "/work/hw3/hw3/hw3_tests/llrec_tests/llrec_tests" "--gtest_filter=Pivot.Empty"
Directory: /work/hw3/hw3/hw3_tests/llrec_tests
"Pivot.Empty" start time: Feb 18 19:41 PST
Output:
----------------------------------------------------------
==3604== Memcheck, a memory error detector
==3604== Copyright (C) 2002-2017, and GNU GPL'd, by Julian Seward et al.
==3604== Using Valgrind-3.15.0 and LibVEX; rerun with -h for copyright info
==3604== Command: /work/hw3/hw3/hw3_tests/llrec_tests/llrec_tests --gtest_filter=Pivot.Empty
==3604== 
Running main() from /build/googletest-K1TalW/googletest-1.10.0/googletest/src/gtest_main.cc
Note: Google Test filter = Pivot.Empty
[==========] Running 1 test from 1 test suite.
[----------] Global test environment set-up.
[----------] 1 test from Pivot
[ RUN      ] Pivot.Empty
[       OK ] Pivot.Empty (2 ms)
[----------] 1 test from Pivot (5 ms total)

[----------] Global test environment tear-down
[==========] 1 test from 1 test suite ran. (14 ms total)
[  PASSED  ] 1 test.
==3604== 
==3604== HEAP SUMMARY:
==3604==     in use at exit: 0 bytes in 0 blocks
==3604==   total heap usage: 372 allocs, 372 frees, 127,574 bytes allocated
==3604== 
==3604== All heap blocks were freed -- no leaks are possible
==3604== 
==3604== For lists of detected and suppressed errors, rerun with: -s
==3604== ERROR SUMMARY: 0 errors from 0 contexts (suppressed: 0 from 0)
<end of output>
Test time =   0.77 sec
----------------------------------------------------------
Test Passed.
"Pivot.Empty" end time: Feb 18 19:41 PST
"Pivot.Empty" time elapsed: 00:00:00
----------------------------------------------------------

2/23 Testing: Pivot.Size1SmallEmpty
2/23 Test: Pivot.Size1SmallEmpty
Command: "/usr/bin/valgrind" "--tool=memcheck" "--leak-check=yes" "--trace-children=no" "--error-exitcode=113" "/work/hw3/hw3/hw3_tests/llrec_tests/llrec_tests" "--gtest_filter=Pivot.Size1SmallEmpty"
Directory: /work/hw3/hw3/hw3_tests/llrec_tests
"Pivot.Size1SmallEmpty" start time: Feb 18 19:41 PST
Output:
----------------------------------------------------------
==3605== Memcheck, a memory error detector
==3605== Copyright (C) 2002-2017, and GNU GPL'd, by Julian Seward et al.
==3605== Using Valgrind-3.15.0 and LibVEX; rerun with -h for copyright info
==3605== Command: /work/hw3/hw3/hw3_tests/llrec_tests/llrec_tests --gtest_filter=Pivot.Size1SmallEmpty
==3605== 
Running main() from /build/googletest-K1TalW/googletest-1.10.0/googletest/src/gtest_main.cc
Note: Google Test filter = Pivot.Size1SmallEmpty
[==========] Running 1 test from 1 test suite.
[----------] Global test environment set-up.
[----------] 1 test from Pivot
[ RUN      ] Pivot.Size1SmallEmpty
[       OK ] Pivot.Size1SmallEmpty (5 ms)
[----------] 1 test from Pivot (8 ms total)

[----------] Global test environment tear-down
[==========] 1 test from 1 test suite ran. (15 ms total)
[  PASSED  ] 1 test.
==3605== 
==3605== HEAP SUMMARY:
==3605==     in use at exit: 0 bytes in 0 blocks
==3605==   total heap usage: 400 allocs, 400 frees, 128,435 bytes allocated
==3605== 
==3605== All heap blocks were freed -- no leaks are possible
==3605== 
==3605== For lists of detected and suppressed errors, rerun with: -s
==3605== ERROR SUMMARY: 0 errors from 0 contexts (suppressed: 0 from 0)
<end of output>
Test time =   0.46 sec
----------------------------------------------------------
Test Passed.
"Pivot.Size1SmallEmpty" end time: Feb 18 19:41 PST
"Pivot.Size1SmallEmpty" time elapsed: 00:00:00
----------------------------------------------------------

3/23 Testing: Pivot.Size1LargeEmpty
3/23 Test: Pivot.Size1LargeEmpty
Command: "/usr/bin/valgrind" "--tool=memcheck" "--leak-check=yes" "--trace-children=no" "--error-exitcode=113" "/work/hw3/hw3/hw3_tests/llrec_tests/llrec_tests" "--gtest_filter=Pivot.Size1LargeEmpty"
Directory: /work/hw3/hw3/hw3_tests/llrec_tests
"Pivot.Size1LargeEmpty" start time: Feb 18 19:41 PST
Output:
----------------------------------------------------------
==3606== Memcheck, a memory error detector
==3606== Copyright (C) 2002-2017, and GNU GPL'd, by Julian Seward et al.
==3606== Using Valgrind-3.15.0 and LibVEX; rerun with -h for copyright info
==3606== Command: /work/hw3/hw3/hw3_tests/llrec_tests/llrec_tests --gtest_filter=Pivot.Size1LargeEmpty
==3606== 
Running main() from /build/googletest-K1TalW/googletest-1.10.0/googletest/src/gtest_main.cc
Note: Google Test filter = Pivot.Size1LargeEmpty
[==========] Running 1 test from 1 test suite.
[----------] Global test environment set-up.
[----------] 1 test from Pivot
[ RUN      ] Pivot.Size1LargeEmpty
[       OK ] Pivot.Size1LargeEmpty (5 ms)
[----------] 1 test from Pivot (7 ms total)

[----------] Global test environment tear-down
[==========] 1 test from 1 test suite ran. (15 ms total)
[  PASSED  ] 1 test.
==3606== 
==3606== HEAP SUMMARY:
==3606==     in use at exit: 0 bytes in 0 blocks
==3606==   total heap usage: 400 allocs, 400 frees, 128,435 bytes allocated
==3606== 
==3606== All heap blocks were freed -- no leaks are possible
==3606== 
==3606== For lists of detected and suppressed errors, rerun with: -s
==3606== ERROR SUMMARY: 0 errors from 0 contexts (suppressed: 0 from 0)
<end of output>
Test time =   0.42 sec
----------------------------------------------------------
Test Passed.
"Pivot.Size1LargeEmpty" end time: Feb 18 19:41 PST
"Pivot.Size1LargeEmpty" time elapsed: 00:00:00
----------------------------------------------------------

4/23 Testing: Pivot.Size2SmallLarge
4/23 Test: Pivot.Size2SmallLarge
Command: "/usr/bin/valgrind" "--tool=memcheck" "--leak-check=yes" "--trace-children=no" "--error-exitcode=113" "/work/hw3/hw3/hw3_tests/llrec_tests/llrec_tests" "--gtest_filter=Pivot.Size2SmallLarge"
Directory: /work/hw3/hw3/hw3_tests/llrec_tests
"Pivot.Size2SmallLarge" start time: Feb 18 19:41 PST
Output:
----------------------------------------------------------
==3607== Memcheck, a memory error detector
==3607== Copyright (C) 2002-2017, and GNU GPL'd, by Julian Seward et al.
==3607== Using Valgrind-3.15.0 and LibVEX; rerun with -h for copyright info
==3607== Command: /work/hw3/hw3/hw3_tests/llrec_tests/llrec_tests --gtest_filter=Pivot.Size2SmallLarge
==3607== 
Running main() from /build/googletest-K1TalW/googletest-1.10.0/googletest/src/gtest_main.cc
Note: Google Test filter = Pivot.Size2SmallLarge
[==========] Running 1 test from 1 test suite.
[----------] Global test environment set-up.
[----------] 1 test from Pivot
[ RUN      ] Pivot.Size2SmallLarge
[       OK ] Pivot.Size2SmallLarge (5 ms)
[----------] 1 test from Pivot (7 ms total)

[----------] Global test environment tear-down
[==========] 1 test from 1 test suite ran. (14 ms total)
[  PASSED  ] 1 test.
==3607== 
==3607== HEAP SUMMARY:
==3607==     in use at exit: 0 bytes in 0 blocks
==3607==   total heap usage: 402 allocs, 402 frees, 128,459 bytes allocated
==3607== 
==3607== All heap blocks were freed -- no leaks are possible
==3607== 
==3607== For lists of detected and suppressed errors, rerun with: -s
==3607== ERROR SUMMARY: 0 errors from 0 contexts (suppressed: 0 from 0)
<end of output>
Test time =   0.42 sec
----------------------------------------------------------
Test Passed.
"Pivot.Size2SmallLarge" end time: Feb 18 19:41 PST
"Pivot.Size2SmallLarge" time elapsed: 00:00:00
----------------------------------------------------------

5/23 Testing: Pivot.Size2LargeSmall
5/23 Test: Pivot.Size2LargeSmall
Command: "/usr/bin/valgrind" "--tool=memcheck" "--leak-check=yes" "--trace-children=no" "--error-exitcode=113" "/work/hw3/hw3/hw3_tests/llrec_tests/llrec_tests" "--gtest_filter=Pivot.Size2LargeSmall"
Directory: /work/hw3/hw3/hw3_tests/llrec_tests
"Pivot.Size2LargeSmall" start time: Feb 18 19:41 PST
Output:
----------------------------------------------------------
==3608== Memcheck, a memory error detector
==3608== Copyright (C) 2002-2017, and GNU GPL'd, by Julian Seward et al.
==3608== Using Valgrind-3.15.0 and LibVEX; rerun with -h for copyright info
==3608== Command: /work/hw3/hw3/hw3_tests/llrec_tests/llrec_tests --gtest_filter=Pivot.Size2LargeSmall
==3608== 
Running main() from /build/googletest-K1TalW/googletest-1.10.0/googletest/src/gtest_main.cc
Note: Google Test filter = Pivot.Size2LargeSmall
[==========] Running 1 test from 1 test suite.
[----------] Global test environment set-up.
[----------] 1 test from Pivot
[ RUN      ] Pivot.Size2LargeSmall
[       OK ] Pivot.Size2LargeSmall (6 ms)
[----------] 1 test from Pivot (8 ms total)

[----------] Global test environment tear-down
[==========] 1 test from 1 test suite ran. (15 ms total)
[  PASSED  ] 1 test.
==3608== 
==3608== HEAP SUMMARY:
==3608==     in use at exit: 0 bytes in 0 blocks
==3608==   total heap usage: 402 allocs, 402 frees, 128,459 bytes allocated
==3608== 
==3608== All heap blocks were freed -- no leaks are possible
==3608== 
==3608== For lists of detected and suppressed errors, rerun with: -s
==3608== ERROR SUMMARY: 0 errors from 0 contexts (suppressed: 0 from 0)
<end of output>
Test time =   0.40 sec
----------------------------------------------------------
Test Passed.
"Pivot.Size2LargeSmall" end time: Feb 18 19:41 PST
"Pivot.Size2LargeSmall" time elapsed: 00:00:00
----------------------------------------------------------

6/23 Testing: Pivot.Size3LargeSmallLarge
6/23 Test: Pivot.Size3LargeSmallLarge
Command: "/usr/bin/valgrind" "--tool=memcheck" "--leak-check=yes" "--trace-children=no" "--error-exitcode=113" "/work/hw3/hw3/hw3_tests/llrec_tests/llrec_tests" "--gtest_filter=Pivot.Size3LargeSmallLarge"
Directory: /work/hw3/hw3/hw3_tests/llrec_tests
"Pivot.Size3LargeSmallLarge" start time: Feb 18 19:41 PST
Output:
----------------------------------------------------------
==3609== Memcheck, a memory error detector
==3609== Copyright (C) 2002-2017, and GNU GPL'd, by Julian Seward et al.
==3609== Using Valgrind-3.15.0 and LibVEX; rerun with -h for copyright info
==3609== Command: /work/hw3/hw3/hw3_tests/llrec_tests/llrec_tests --gtest_filter=Pivot.Size3LargeSmallLarge
==3609== 
Running main() from /build/googletest-K1TalW/googletest-1.10.0/googletest/src/gtest_main.cc
Note: Google Test filter = Pivot.Size3LargeSmallLarge
[==========] Running 1 test from 1 test suite.
[----------] Global test environment set-up.
[----------] 1 test from Pivot
[ RUN      ] Pivot.Size3LargeSmallLarge
[       OK ] Pivot.Size3LargeSmallLarge (6 ms)
[----------] 1 test from Pivot (7 ms total)

[----------] Global test environment tear-down
[==========] 1 test from 1 test suite ran. (14 ms total)
[  PASSED  ] 1 test.
==3609== 
==3609== HEAP SUMMARY:
==3609==     in use at exit: 0 bytes in 0 blocks
==3609==   total heap usage: 403 allocs, 403 frees, 128,518 bytes allocated
==3609== 
==3609== All heap blocks were freed -- no leaks are possible
==3609== 
==3609== For lists of detected and suppressed errors, rerun with: -s
==3609== ERROR SUMMARY: 0 errors from 0 contexts (suppressed: 0 from 0)
<end of output>
Test time =   0.39 sec
----------------------------------------------------------
Test Passed.
"Pivot.Size3LargeSmallLarge" end time: Feb 18 19:41 PST
"Pivot.Size3LargeSmallLarge" time elapsed: 00:00:00
----------------------------------------------------------

7/23 Testing: Pivot.Size3SmallLargeSmall
7/23 Test: Pivot.Size3SmallLargeSmall
Command: "/usr/bin/valgrind" "--tool=memcheck" "--leak-check=yes" "--trace-children=no" "--error-exitcode=113" "/work/hw3/hw3/hw3_tests/llrec_tests/llrec_tests" "--gtest_filter=Pivot.Size3SmallLargeSmall"
Directory: /work/hw3/hw3/hw3_tests/llrec_tests
"Pivot.Size3SmallLargeSmall" start time: Feb 18 19:41 PST
Output:
----------------------------------------------------------
==3610== Memcheck, a memory error detector
==3610== Copyright (C) 2002-2017, and GNU GPL'd, by Julian Seward et al.
==3610== Using Valgrind-3.15.0 and LibVEX; rerun with -h for copyright info
==3610== Command: /work/hw3/hw3/hw3_tests/llrec_tests/llrec_tests --gtest_filter=Pivot.Size3SmallLargeSmall
==3610== 
Running main() from /build/googletest-K1TalW/googletest-1.10.0/googletest/src/gtest_main.cc
Note: Google Test filter = Pivot.Size3SmallLargeSmall
[==========] Running 1 test from 1 test suite.
[----------] Global test environment set-up.
[----------] 1 test from Pivot
[ RUN      ] Pivot.Size3SmallLargeSmall
[       OK ] Pivot.Size3SmallLargeSmall (6 ms)
[----------] 1 test from Pivot (8 ms total)

[----------] Global test environment tear-down
[==========] 1 test from 1 test suite ran. (16 ms total)
[  PASSED  ] 1 test.
==3610== 
==3610== HEAP SUMMARY:
==3610==     in use at exit: 0 bytes in 0 blocks
==3610==   total heap usage: 403 allocs, 403 frees, 128,518 bytes allocated
==3610== 
==3610== All heap blocks were freed -- no leaks are possible
==3610== 
==3610== For lists of detected and suppressed errors, rerun with: -s
==3610== ERROR SUMMARY: 0 errors from 0 contexts (suppressed: 0 from 0)
<end of output>
Test time =   0.41 sec
----------------------------------------------------------
Test Passed.
"Pivot.Size3SmallLargeSmall" end time: Feb 18 19:41 PST
"Pivot.Size3SmallLargeSmall" time elapsed: 00:00:00
----------------------------------------------------------

8/23 Testing: Pivot.Size3LargeLargeSmall
8/23 Test: Pivot.Size3LargeLargeSmall
Command: "/usr/bin/valgrind" "--tool=memcheck" "--leak-check=yes" "--trace-children=no" "--error-exitcode=113" "/work/hw3/hw3/hw3_tests/llrec_tests/llrec_tests" "--gtest_filter=Pivot.Size3LargeLargeSmall"
Directory: /work/hw3/hw3/hw3_tests/llrec_tests
"Pivot.Size3LargeLargeSmall" start time: Feb 18 19:41 PST
Output:
----------------------------------------------------------
==3611== Memcheck, a memory error detector
==3611== Copyright (C) 2002-2017, and GNU GPL'd, by Julian Seward et al.
==3611== Using Valgrind-3.15.0 and LibVEX; rerun with -h for copyright info
==3611== Command: /work/hw3/hw3/hw3_tests/llrec_tests/llrec_tests --gtest_filter=Pivot.Size3LargeLargeSmall
==3611== 
Running main() from /build/googletest-K1TalW/googletest-1.10.0/googletest/src/gtest_main.cc
Note: Google Test filter = Pivot.Size3LargeLargeSmall
[==========] Running 1 test from 1 test suite.
[----------] Global test environment set-up.
[----------] 1 test from Pivot
[ RUN      ] Pivot.Size3LargeLargeSmall
[       OK ] Pivot.Size3LargeLargeSmall (6 ms)
[----------] 1 test from Pivot (7 ms total)

[----------] Global test environment tear-down
[==========] 1 test from 1 test suite ran. (14 ms total)
[  PASSED  ] 1 test.
==3611== 
==3611== HEAP SUMMARY:
==3611==     in use at exit: 0 bytes in 0 blocks
==3611==   total heap usage: 403 allocs, 403 frees, 128,518 bytes allocated
==3611== 
==3611== All heap blocks were freed -- no leaks are possible
==3611== 
==3611== For lists of detected and suppressed errors, rerun with: -s
==3611== ERROR SUMMARY: 0 errors from 0 contexts (suppressed: 0 from 0)
<end of output>
Test time =   0.39 sec
----------------------------------------------------------
Test Passed.
"Pivot.Size3LargeLargeSmall" end time: Feb 18 19:41 PST
"Pivot.Size3LargeLargeSmall" time elapsed: 00:00:00
----------------------------------------------------------

9/23 Testing: Pivot.Size6SmallThenLarge
9/23 Test: Pivot.Size6SmallThenLarge
Command: "/usr/bin/valgrind" "--tool=memcheck" "--leak-check=yes" "--trace-children=no" "--error-exitcode=113" "/work/hw3/hw3/hw3_tests/llrec_tests/llrec_tests" "--gtest_filter=Pivot.Size6SmallThenLarge"
Directory: /work/hw3/hw3/hw3_tests/llrec_tests
"Pivot.Size6SmallThenLarge" start time: Feb 18 19:41 PST
Output:
----------------------------------------------------------
==3612== Memcheck, a memory error detector
==3612== Copyright (C) 2002-2017, and GNU GPL'd, by Julian Seward et al.
==3612== Using Valgrind-3.15.0 and LibVEX; rerun with -h for copyright info
==3612== Command: /work/hw3/hw3/hw3_tests/llrec_tests/llrec_tests --gtest_filter=Pivot.Size6SmallThenLarge
==3612== 
Running main() from /build/googletest-K1TalW/googletest-1.10.0/googletest/src/gtest_main.cc
Note: Google Test filter = Pivot.Size6SmallThenLarge
[==========] Running 1 test from 1 test suite.
[----------] Global test environment set-up.
[----------] 1 test from Pivot
[ RUN      ] Pivot.Size6SmallThenLarge
[       OK ] Pivot.Size6SmallThenLarge (6 ms)
[----------] 1 test from Pivot (7 ms total)

[----------] Global test environment tear-down
[==========] 1 test from 1 test suite ran. (14 ms total)
[  PASSED  ] 1 test.
==3612== 
==3612== HEAP SUMMARY:
==3612==     in use at exit: 0 bytes in 0 blocks
==3612==   total heap usage: 406 allocs, 406 frees, 128,583 bytes allocated
==3612== 
==3612== All heap blocks were freed -- no leaks are possible
==3612== 
==3612== For lists of detected and suppressed errors, rerun with: -s
==3612== ERROR SUMMARY: 0 errors from 0 contexts (suppressed: 0 from 0)
<end of output>
Test time =   0.40 sec
----------------------------------------------------------
Test Passed.
"Pivot.Size6SmallThenLarge" end time: Feb 18 19:41 PST
"Pivot.Size6SmallThenLarge" time elapsed: 00:00:00
----------------------------------------------------------

10/23 Testing: Pivot.Size6LargeThenSmall
10/23 Test: Pivot.Size6LargeThenSmall
Command: "/usr/bin/valgrind" "--tool=memcheck" "--leak-check=yes" "--trace-children=no" "--error-exitcode=113" "/work/hw3/hw3/hw3_tests/llrec_tests/llrec_tests" "--gtest_filter=Pivot.Size6LargeThenSmall"
Directory: /work/hw3/hw3/hw3_tests/llrec_tests
"Pivot.Size6LargeThenSmall" start time: Feb 18 19:41 PST
Output:
----------------------------------------------------------
==3613== Memcheck, a memory error detector
==3613== Copyright (C) 2002-2017, and GNU GPL'd, by Julian Seward et al.
==3613== Using Valgrind-3.15.0 and LibVEX; rerun with -h for copyright info
==3613== Command: /work/hw3/hw3/hw3_tests/llrec_tests/llrec_tests --gtest_filter=Pivot.Size6LargeThenSmall
==3613== 
Running main() from /build/googletest-K1TalW/googletest-1.10.0/googletest/src/gtest_main.cc
Note: Google Test filter = Pivot.Size6LargeThenSmall
[==========] Running 1 test from 1 test suite.
[----------] Global test environment set-up.
[----------] 1 test from Pivot
[ RUN      ] Pivot.Size6LargeThenSmall
[       OK ] Pivot.Size6LargeThenSmall (6 ms)
[----------] 1 test from Pivot (7 ms total)

[----------] Global test environment tear-down
[==========] 1 test from 1 test suite ran. (14 ms total)
[  PASSED  ] 1 test.
==3613== 
==3613== HEAP SUMMARY:
==3613==     in use at exit: 0 bytes in 0 blocks
==3613==   total heap usage: 406 allocs, 406 frees, 128,583 bytes allocated
==3613== 
==3613== All heap blocks were freed -- no leaks are possible
==3613== 
==3613== For lists of detected and suppressed errors, rerun with: -s
==3613== ERROR SUMMARY: 0 errors from 0 contexts (suppressed: 0 from 0)
<end of output>
Test time =   0.39 sec
----------------------------------------------------------
Test Passed.
"Pivot.Size6LargeThenSmall" end time: Feb 18 19:41 PST
"Pivot.Size6LargeThenSmall" time elapsed: 00:00:00
----------------------------------------------------------

11/23 Testing: Pivot.Nominal
11/23 Test: Pivot.Nominal
Command: "/usr/bin/valgrind" "--tool=memcheck" "--leak-check=yes" "--trace-children=no" "--error-exitcode=113" "/work/hw3/hw3/hw3_tests/llrec_tests/llrec_tests" "--gtest_filter=Pivot.Nominal"
Directory: /work/hw3/hw3/hw3_tests/llrec_tests
"Pivot.Nominal" start time: Feb 18 19:41 PST
Output:
----------------------------------------------------------
==3614== Memcheck, a memory error detector
==3614== Copyright (C) 2002-2017, and GNU GPL'd, by Julian Seward et al.
==3614== Using Valgrind-3.15.0 and LibVEX; rerun with -h for copyright info
==3614== Command: /work/hw3/hw3/hw3_tests/llrec_tests/llrec_tests --gtest_filter=Pivot.Nominal
==3614== 
Running main() from /build/googletest-K1TalW/googletest-1.10.0/googletest/src/gtest_main.cc
Note: Google Test filter = Pivot.Nominal
[==========] Running 1 test from 1 test suite.
[----------] Global test environment set-up.
[----------] 1 test from Pivot
[ RUN      ] Pivot.Nominal
[       OK ] Pivot.Nominal (6 ms)
[----------] 1 test from Pivot (7 ms total)

[----------] Global test environment tear-down
[==========] 1 test from 1 test suite ran. (14 ms total)
[  PASSED  ] 1 test.
==3614== 
==3614== HEAP SUMMARY:
==3614==     in use at exit: 0 bytes in 0 blocks
==3614==   total heap usage: 379 allocs, 379 frees, 127,680 bytes allocated
==3614== 
==3614== All heap blocks were freed -- no leaks are possible
==3614== 
==3614== For lists of detected and suppressed errors, rerun with: -s
==3614== ERROR SUMMARY: 0 errors from 0 contexts (suppressed: 0 from 0)
<end of output>
Test time =   0.41 sec
----------------------------------------------------------
Test Passed.
"Pivot.Nominal" end time: Feb 18 19:41 PST
"Pivot.Nominal" time elapsed: 00:00:00
----------------------------------------------------------

12/23 Testing: Pivot.SameValues
12/23 Test: Pivot.SameValues
Command: "/usr/bin/valgrind" "--tool=memcheck" "--leak-check=yes" "--trace-children=no" "--error-exitcode=113" "/work/hw3/hw3/hw3_tests/llrec_tests/llrec_tests" "--gtest_filter=Pivot.SameValues"
Directory: /work/hw3/hw3/hw3_tests/llrec_tests
"Pivot.SameValues" start time: Feb 18 19:41 PST
Output:
----------------------------------------------------------
==3615== Memcheck, a memory error detector
==3615== Copyright (C) 2002-2017, and GNU GPL'd, by Julian Seward et al.
==3615== Using Valgrind-3.15.0 and LibVEX; rerun with -h for copyright info
==3615== Command: /work/hw3/hw3/hw3_tests/llrec_tests/llrec_tests --gtest_filter=Pivot.SameValues
==3615== 
Running main() from /build/googletest-K1TalW/googletest-1.10.0/googletest/src/gtest_main.cc
Note: Google Test filter = Pivot.SameValues
[==========] Running 1 test from 1 test suite.
[----------] Global test environment set-up.
[----------] 1 test from Pivot
[ RUN      ] Pivot.SameValues
[       OK ] Pivot.SameValues (6 ms)
[----------] 1 test from Pivot (7 ms total)

[----------] Global test environment tear-down
[==========] 1 test from 1 test suite ran. (14 ms total)
[  PASSED  ] 1 test.
==3615== 
==3615== HEAP SUMMARY:
==3615==     in use at exit: 0 bytes in 0 blocks
==3615==   total heap usage: 403 allocs, 403 frees, 128,472 bytes allocated
==3615== 
==3615== All heap blocks were freed -- no leaks are possible
==3615== 
==3615== For lists of detected and suppressed errors, rerun with: -s
==3615== ERROR SUMMARY: 0 errors from 0 contexts (suppressed: 0 from 0)
<end of output>
Test time =   0.40 sec
----------------------------------------------------------
Test Passed.
"Pivot.SameValues" end time: Feb 18 19:41 PST
"Pivot.SameValues" time elapsed: 00:00:00
----------------------------------------------------------

13/23 Testing: Pivot.NoCopySameNodeCheck
13/23 Test: Pivot.NoCopySameNodeCheck
Command: "/usr/bin/valgrind" "--tool=memcheck" "--leak-check=yes" "--trace-children=no" "--error-exitcode=113" "/work/hw3/hw3/hw3_tests/llrec_tests/llrec_tests" "--gtest_filter=Pivot.NoCopySameNodeCheck"
Directory: /work/hw3/hw3/hw3_tests/llrec_tests
"Pivot.NoCopySameNodeCheck" start time: Feb 18 19:41 PST
Output:
----------------------------------------------------------
==3616== Memcheck, a memory error detector
==3616== Copyright (C) 2002-2017, and GNU GPL'd, by Julian Seward et al.
==3616== Using Valgrind-3.15.0 and LibVEX; rerun with -h for copyright info
==3616== Command: /work/hw3/hw3/hw3_tests/llrec_tests/llrec_tests --gtest_filter=Pivot.NoCopySameNodeCheck
==3616== 
Running main() from /build/googletest-K1TalW/googletest-1.10.0/googletest/src/gtest_main.cc
Note: Google Test filter = Pivot.NoCopySameNodeCheck
[==========] Running 1 test from 1 test suite.
[----------] Global test environment set-up.
[----------] 1 test from Pivot
[ RUN      ] Pivot.NoCopySameNodeCheck
[       OK ] Pivot.NoCopySameNodeCheck (9 ms)
[----------] 1 test from Pivot (10 ms total)

[----------] Global test environment tear-down
[==========] 1 test from 1 test suite ran. (17 ms total)
[  PASSED  ] 1 test.
==3616== 
==3616== HEAP SUMMARY:
==3616==     in use at exit: 0 bytes in 0 blocks
==3616==   total heap usage: 407 allocs, 407 frees, 128,591 bytes allocated
==3616== 
==3616== All heap blocks were freed -- no leaks are possible
==3616== 
==3616== For lists of detected and suppressed errors, rerun with: -s
==3616== ERROR SUMMARY: 0 errors from 0 contexts (suppressed: 0 from 0)
<end of output>
Test time =   0.40 sec
----------------------------------------------------------
Test Passed.
"Pivot.NoCopySameNodeCheck" end time: Feb 18 19:41 PST
"Pivot.NoCopySameNodeCheck" time elapsed: 00:00:00
----------------------------------------------------------

14/23 Testing: Filter.EmptyList
14/23 Test: Filter.EmptyList
Command: "/usr/bin/valgrind" "--tool=memcheck" "--leak-check=yes" "--trace-children=no" "--error-exitcode=113" "/work/hw3/hw3/hw3_tests/llrec_tests/llrec_tests" "--gtest_filter=Filter.EmptyList"
Directory: /work/hw3/hw3/hw3_tests/llrec_tests
"Filter.EmptyList" start time: Feb 18 19:41 PST
Output:
----------------------------------------------------------
==3617== Memcheck, a memory error detector
==3617== Copyright (C) 2002-2017, and GNU GPL'd, by Julian Seward et al.
==3617== Using Valgrind-3.15.0 and LibVEX; rerun with -h for copyright info
==3617== Command: /work/hw3/hw3/hw3_tests/llrec_tests/llrec_tests --gtest_filter=Filter.EmptyList
==3617== 
Running main() from /build/googletest-K1TalW/googletest-1.10.0/googletest/src/gtest_main.cc
Note: Google Test filter = Filter.EmptyList
[==========] Running 1 test from 1 test suite.
[----------] Global test environment set-up.
[----------] 1 test from Filter
[ RUN      ] Filter.EmptyList
[       OK ] Filter.EmptyList (4 ms)
[----------] 1 test from Filter (5 ms total)

[----------] Global test environment tear-down
[==========] 1 test from 1 test suite ran. (12 ms total)
[  PASSED  ] 1 test.
==3617== 
==3617== HEAP SUMMARY:
==3617==     in use at exit: 0 bytes in 0 blocks
==3617==   total heap usage: 397 allocs, 397 frees, 128,376 bytes allocated
==3617== 
==3617== All heap blocks were freed -- no leaks are possible
==3617== 
==3617== For lists of detected and suppressed errors, rerun with: -s
==3617== ERROR SUMMARY: 0 errors from 0 contexts (suppressed: 0 from 0)
<end of output>
Test time =   0.39 sec
----------------------------------------------------------
Test Passed.
"Filter.EmptyList" end time: Feb 18 19:41 PST
"Filter.EmptyList" time elapsed: 00:00:00
----------------------------------------------------------

15/23 Testing: Filter.Size1_F
15/23 Test: Filter.Size1_F
Command: "/usr/bin/valgrind" "--tool=memcheck" "--leak-check=yes" "--trace-children=no" "--error-exitcode=113" "/work/hw3/hw3/hw3_tests/llrec_tests/llrec_tests" "--gtest_filter=Filter.Size1_F"
Directory: /work/hw3/hw3/hw3_tests/llrec_tests
"Filter.Size1_F" start time: Feb 18 19:41 PST
Output:
----------------------------------------------------------
==3618== Memcheck, a memory error detector
==3618== Copyright (C) 2002-2017, and GNU GPL'd, by Julian Seward et al.
==3618== Using Valgrind-3.15.0 and LibVEX; rerun with -h for copyright info
==3618== Command: /work/hw3/hw3/hw3_tests/llrec_tests/llrec_tests --gtest_filter=Filter.Size1_F
==3618== 
Running main() from /build/googletest-K1TalW/googletest-1.10.0/googletest/src/gtest_main.cc
Note: Google Test filter = Filter.Size1_F
[==========] Running 1 test from 1 test suite.
[----------] Global test environment set-up.
[----------] 1 test from Filter
[ RUN      ] Filter.Size1_F
[       OK ] Filter.Size1_F (5 ms)
[----------] 1 test from Filter (7 ms total)

[----------] Global test environment tear-down
[==========] 1 test from 1 test suite ran. (14 ms total)
[  PASSED  ] 1 test.
==3618== 
==3618== HEAP SUMMARY:
==3618==     in use at exit: 0 bytes in 0 blocks
==3618==   total heap usage: 375 allocs, 375 frees, 127,613 bytes allocated
==3618== 
==3618== All heap blocks were freed -- no leaks are possible
==3618== 
==3618== For lists of detected and suppressed errors, rerun with: -s
==3618== ERROR SUMMARY: 0 errors from 0 contexts (suppressed: 0 from 0)
<end of output>
Test time =   0.39 sec
----------------------------------------------------------
Test Passed.
"Filter.Size1_F" end time: Feb 18 19:41 PST
"Filter.Size1_F" time elapsed: 00:00:00
----------------------------------------------------------

16/23 Testing: Filter.Size1_nF
16/23 Test: Filter.Size1_nF
Command: "/usr/bin/valgrind" "--tool=memcheck" "--leak-check=yes" "--trace-children=no" "--error-exitcode=113" "/work/hw3/hw3/hw3_tests/llrec_tests/llrec_tests" "--gtest_filter=Filter.Size1_nF"
Directory: /work/hw3/hw3/hw3_tests/llrec_tests
"Filter.Size1_nF" start time: Feb 18 19:41 PST
Output:
----------------------------------------------------------
==3619== Memcheck, a memory error detector
==3619== Copyright (C) 2002-2017, and GNU GPL'd, by Julian Seward et al.
==3619== Using Valgrind-3.15.0 and LibVEX; rerun with -h for copyright info
==3619== Command: /work/hw3/hw3/hw3_tests/llrec_tests/llrec_tests --gtest_filter=Filter.Size1_nF
==3619== 
Running main() from /build/googletest-K1TalW/googletest-1.10.0/googletest/src/gtest_main.cc
Note: Google Test filter = Filter.Size1_nF
[==========] Running 1 test from 1 test suite.
[----------] Global test environment set-up.
[----------] 1 test from Filter
[ RUN      ] Filter.Size1_nF
[       OK ] Filter.Size1_nF (5 ms)
[----------] 1 test from Filter (7 ms total)

[----------] Global test environment tear-down
[==========] 1 test from 1 test suite ran. (14 ms total)
[  PASSED  ] 1 test.
==3619== 
==3619== HEAP SUMMARY:
==3619==     in use at exit: 0 bytes in 0 blocks
==3619==   total heap usage: 376 allocs, 376 frees, 127,622 bytes allocated
==3619== 
==3619== All heap blocks were freed -- no leaks are possible
==3619== 
==3619== For lists of detected and suppressed errors, rerun with: -s
==3619== ERROR SUMMARY: 0 errors from 0 contexts (suppressed: 0 from 0)
<end of output>
Test time =   0.39 sec
----------------------------------------------------------
Test Passed.
"Filter.Size1_nF" end time: Feb 18 19:41 PST
"Filter.Size1_nF" time elapsed: 00:00:00
----------------------------------------------------------

17/23 Testing: Filter.Size2_F_nF
17/23 Test: Filter.Size2_F_nF
Command: "/usr/bin/valgrind" "--tool=memcheck" "--leak-check=yes" "--trace-children=no" "--error-exitcode=113" "/work/hw3/hw3/hw3_tests/llrec_tests/llrec_tests" "--gtest_filter=Filter.Size2_F_nF"
Directory: /work/hw3/hw3/hw3_tests/llrec_tests
"Filter.Size2_F_nF" start time: Feb 18 19:41 PST
Output:
----------------------------------------------------------
==3620== Memcheck, a memory error detector
==3620== Copyright (C) 2002-2017, and GNU GPL'd, by Julian Seward et al.
==3620== Using Valgrind-3.15.0 and LibVEX; rerun with -h for copyright info
==3620== Command: /work/hw3/hw3/hw3_tests/llrec_tests/llrec_tests --gtest_filter=Filter.Size2_F_nF
==3620== 
Running main() from /build/googletest-K1TalW/googletest-1.10.0/googletest/src/gtest_main.cc
Note: Google Test filter = Filter.Size2_F_nF
[==========] Running 1 test from 1 test suite.
[----------] Global test environment set-up.
[----------] 1 test from Filter
[ RUN      ] Filter.Size2_F_nF
[       OK ] Filter.Size2_F_nF (5 ms)
[----------] 1 test from Filter (7 ms total)

[----------] Global test environment tear-down
[==========] 1 test from 1 test suite ran. (14 ms total)
[  PASSED  ] 1 test.
==3620== 
==3620== HEAP SUMMARY:
==3620==     in use at exit: 0 bytes in 0 blocks
==3620==   total heap usage: 402 allocs, 402 frees, 128,435 bytes allocated
==3620== 
==3620== All heap blocks were freed -- no leaks are possible
==3620== 
==3620== For lists of detected and suppressed errors, rerun with: -s
==3620== ERROR SUMMARY: 0 errors from 0 contexts (suppressed: 0 from 0)
<end of output>
Test time =   0.39 sec
----------------------------------------------------------
Test Passed.
"Filter.Size2_F_nF" end time: Feb 18 19:41 PST
"Filter.Size2_F_nF" time elapsed: 00:00:00
----------------------------------------------------------

18/23 Testing: Filter.Size2_nF_F
18/23 Test: Filter.Size2_nF_F
Command: "/usr/bin/valgrind" "--tool=memcheck" "--leak-check=yes" "--trace-children=no" "--error-exitcode=113" "/work/hw3/hw3/hw3_tests/llrec_tests/llrec_tests" "--gtest_filter=Filter.Size2_nF_F"
Directory: /work/hw3/hw3/hw3_tests/llrec_tests
"Filter.Size2_nF_F" start time: Feb 18 19:41 PST
Output:
----------------------------------------------------------
==3621== Memcheck, a memory error detector
==3621== Copyright (C) 2002-2017, and GNU GPL'd, by Julian Seward et al.
==3621== Using Valgrind-3.15.0 and LibVEX; rerun with -h for copyright info
==3621== Command: /work/hw3/hw3/hw3_tests/llrec_tests/llrec_tests --gtest_filter=Filter.Size2_nF_F
==3621== 
Running main() from /build/googletest-K1TalW/googletest-1.10.0/googletest/src/gtest_main.cc
Note: Google Test filter = Filter.Size2_nF_F
[==========] Running 1 test from 1 test suite.
[----------] Global test environment set-up.
[----------] 1 test from Filter
[ RUN      ] Filter.Size2_nF_F
[       OK ] Filter.Size2_nF_F (6 ms)
[----------] 1 test from Filter (7 ms total)

[----------] Global test environment tear-down
[==========] 1 test from 1 test suite ran. (14 ms total)
[  PASSED  ] 1 test.
==3621== 
==3621== HEAP SUMMARY:
==3621==     in use at exit: 0 bytes in 0 blocks
==3621==   total heap usage: 401 allocs, 401 frees, 128,427 bytes allocated
==3621== 
==3621== All heap blocks were freed -- no leaks are possible
==3621== 
==3621== For lists of detected and suppressed errors, rerun with: -s
==3621== ERROR SUMMARY: 0 errors from 0 contexts (suppressed: 0 from 0)
<end of output>
Test time =   0.39 sec
----------------------------------------------------------
Test Passed.
"Filter.Size2_nF_F" end time: Feb 18 19:41 PST
"Filter.Size2_nF_F" time elapsed: 00:00:00
----------------------------------------------------------

19/23 Testing: Filter.Size3_nF_F_nF
19/23 Test: Filter.Size3_nF_F_nF
Command: "/usr/bin/valgrind" "--tool=memcheck" "--leak-check=yes" "--trace-children=no" "--error-exitcode=113" "/work/hw3/hw3/hw3_tests/llrec_tests/llrec_tests" "--gtest_filter=Filter.Size3_nF_F_nF"
Directory: /work/hw3/hw3/hw3_tests/llrec_tests
"Filter.Size3_nF_F_nF" start time: Feb 18 19:41 PST
Output:
----------------------------------------------------------
==3622== Memcheck, a memory error detector
==3622== Copyright (C) 2002-2017, and GNU GPL'd, by Julian Seward et al.
==3622== Using Valgrind-3.15.0 and LibVEX; rerun with -h for copyright info
==3622== Command: /work/hw3/hw3/hw3_tests/llrec_tests/llrec_tests --gtest_filter=Filter.Size3_nF_F_nF
==3622== 
Running main() from /build/googletest-K1TalW/googletest-1.10.0/googletest/src/gtest_main.cc
Note: Google Test filter = Filter.Size3_nF_F_nF
[==========] Running 1 test from 1 test suite.
[----------] Global test environment set-up.
[----------] 1 test from Filter
[ RUN      ] Filter.Size3_nF_F_nF
[       OK ] Filter.Size3_nF_F_nF (6 ms)
[----------] 1 test from Filter (7 ms total)

[----------] Global test environment tear-down
[==========] 1 test from 1 test suite ran. (14 ms total)
[  PASSED  ] 1 test.
==3622== 
==3622== HEAP SUMMARY:
==3622==     in use at exit: 0 bytes in 0 blocks
==3622==   total heap usage: 402 allocs, 402 frees, 128,472 bytes allocated
==3622== 
==3622== All heap blocks were freed -- no leaks are possible
==3622== 
==3622== For lists of detected and suppressed errors, rerun with: -s
==3622== ERROR SUMMARY: 0 errors from 0 contexts (suppressed: 0 from 0)
<end of output>
Test time =   0.39 sec
----------------------------------------------------------
Test Passed.
"Filter.Size3_nF_F_nF" end time: Feb 18 19:41 PST
"Filter.Size3_nF_F_nF" time elapsed: 00:00:00
----------------------------------------------------------

20/23 Testing: Filter.Size3_F_nF_F
20/23 Test: Filter.Size3_F_nF_F
Command: "/usr/bin/valgrind" "--tool=memcheck" "--leak-check=yes" "--trace-children=no" "--error-exitcode=113" "/work/hw3/hw3/hw3_tests/llrec_tests/llrec_tests" "--gtest_filter=Filter.Size3_F_nF_F"
Directory: /work/hw3/hw3/hw3_tests/llrec_tests
"Filter.Size3_F_nF_F" start time: Feb 18 19:41 PST
Output:
----------------------------------------------------------
==3623== Memcheck, a memory error detector
==3623== Copyright (C) 2002-2017, and GNU GPL'd, by Julian Seward et al.
==3623== Using Valgrind-3.15.0 and LibVEX; rerun with -h for copyright info
==3623== Command: /work/hw3/hw3/hw3_tests/llrec_tests/llrec_tests --gtest_filter=Filter.Size3_F_nF_F
==3623== 
Running main() from /build/googletest-K1TalW/googletest-1.10.0/googletest/src/gtest_main.cc
Note: Google Test filter = Filter.Size3_F_nF_F
[==========] Running 1 test from 1 test suite.
[----------] Global test environment set-up.
[----------] 1 test from Filter
[ RUN      ] Filter.Size3_F_nF_F
[       OK ] Filter.Size3_F_nF_F (6 ms)
[----------] 1 test from Filter (7 ms total)

[----------] Global test environment tear-down
[==========] 1 test from 1 test suite ran. (15 ms total)
[  PASSED  ] 1 test.
==3623== 
==3623== HEAP SUMMARY:
==3623==     in use at exit: 0 bytes in 0 blocks
==3623==   total heap usage: 402 allocs, 402 frees, 128,461 bytes allocated
==3623== 
==3623== All heap blocks were freed -- no leaks are possible
==3623== 
==3623== For lists of detected and suppressed errors, rerun with: -s
==3623== ERROR SUMMARY: 0 errors from 0 contexts (suppressed: 0 from 0)
<end of output>
Test time =   0.39 sec
----------------------------------------------------------
Test Passed.
"Filter.Size3_F_nF_F" end time: Feb 18 19:41 PST
"Filter.Size3_F_nF_F" time elapsed: 00:00:00
----------------------------------------------------------

21/23 Testing: Filter.SameNodeCheck
21/23 Test: Filter.SameNodeCheck
Command: "/usr/bin/valgrind" "--tool=memcheck" "--leak-check=yes" "--trace-children=no" "--error-exitcode=113" "/work/hw3/hw3/hw3_tests/llrec_tests/llrec_tests" "--gtest_filter=Filter.SameNodeCheck"
Directory: /work/hw3/hw3/hw3_tests/llrec_tests
"Filter.SameNodeCheck" start time: Feb 18 19:41 PST
Output:
----------------------------------------------------------
==3624== Memcheck, a memory error detector
==3624== Copyright (C) 2002-2017, and GNU GPL'd, by Julian Seward et al.
==3624== Using Valgrind-3.15.0 and LibVEX; rerun with -h for copyright info
==3624== Command: /work/hw3/hw3/hw3_tests/llrec_tests/llrec_tests --gtest_filter=Filter.SameNodeCheck
==3624== 
Running main() from /build/googletest-K1TalW/googletest-1.10.0/googletest/src/gtest_main.cc
Note: Google Test filter = Filter.SameNodeCheck
[==========] Running 1 test from 1 test suite.
[----------] Global test environment set-up.
[----------] 1 test from Filter
[ RUN      ] Filter.SameNodeCheck
[       OK ] Filter.SameNodeCheck (9 ms)
[----------] 1 test from Filter (10 ms total)

[----------] Global test environment tear-down
[==========] 1 test from 1 test suite ran. (17 ms total)
[  PASSED  ] 1 test.
==3624== 
==3624== HEAP SUMMARY:
==3624==     in use at exit: 0 bytes in 0 blocks
==3624==   total heap usage: 407 allocs, 407 frees, 128,568 bytes allocated
==3624== 
==3624== All heap blocks were freed -- no leaks are possible
==3624== 
==3624== For lists of detected and suppressed errors, rerun with: -s
==3624== ERROR SUMMARY: 0 errors from 0 contexts (suppressed: 0 from 0)
<end of output>
Test time =   0.41 sec
----------------------------------------------------------
Test Passed.
"Filter.SameNodeCheck" end time: Feb 18 19:41 PST
"Filter.SameNodeCheck" time elapsed: 00:00:00
----------------------------------------------------------

22/23 Testing: Filter.MultipleCalls
22/23 Test: Filter.MultipleCalls
Command: "/usr/bin/valgrind" "--tool=memcheck" "--leak-check=yes" "--trace-children=no" "--error-exitcode=113" "/work/hw3/hw3/hw3_tests/llrec_tests/llrec_tests" "--gtest_filter=Filter.MultipleCalls"
Directory: /work/hw3/hw3/hw3_tests/llrec_tests
"Filter.MultipleCalls" start time: Feb 18 19:41 PST
Output:
----------------------------------------------------------
==3625== Memcheck, a memory error detector
==3625== Copyright (C) 2002-2017, and GNU GPL'd, by Julian Seward et al.
==3625== Using Valgrind-3.15.0 and LibVEX; rerun with -h for copyright info
==3625== Command: /work/hw3/hw3/hw3_tests/llrec_tests/llrec_tests --gtest_filter=Filter.MultipleCalls
==3625== 
Running main() from /build/googletest-K1TalW/googletest-1.10.0/googletest/src/gtest_main.cc
Note: Google Test filter = Filter.MultipleCalls
[==========] Running 1 test from 1 test suite.
[----------] Global test environment set-up.
[----------] 1 test from Filter
[ RUN      ] Filter.MultipleCalls
[       OK ] Filter.MultipleCalls (6 ms)
[----------] 1 test from Filter (7 ms total)

[----------] Global test environment tear-down
[==========] 1 test from 1 test suite ran. (14 ms total)
[  PASSED  ] 1 test.
==3625== 
==3625== HEAP SUMMARY:
==3625==     in use at exit: 0 bytes in 0 blocks
==3625==   total heap usage: 407 allocs, 407 frees, 128,568 bytes allocated
==3625== 
==3625== All heap blocks were freed -- no leaks are possible
==3625== 
==3625== For lists of detected and suppressed errors, rerun with: -s
==3625== ERROR SUMMARY: 0 errors from 0 contexts (suppressed: 0 from 0)
<end of output>
Test time =   0.39 sec
----------------------------------------------------------
Test Passed.
"Filter.MultipleCalls" end time: Feb 18 19:41 PST
"Filter.MultipleCalls" time elapsed: 00:00:00
----------------------------------------------------------

23/23 Testing: Filter.CompareWithLlrec
23/23 Test: Filter.CompareWithLlrec
Command: "/usr/bin/valgrind" "--tool=memcheck" "--leak-check=yes" "--trace-children=no" "--error-exitcode=113" "/work/hw3/hw3/hw3_tests/llrec_tests/llrec_tests" "--gtest_filter=Filter.CompareWithLlrec"
Directory: /work/hw3/hw3/hw3_tests/llrec_tests
"Filter.CompareWithLlrec" start time: Feb 18 19:41 PST
Output:
----------------------------------------------------------
==3626== Memcheck, a memory error detector
==3626== Copyright (C) 2002-2017, and GNU GPL'd, by Julian Seward et al.
==3626== Using Valgrind-3.15.0 and LibVEX; rerun with -h for copyright info
==3626== Command: /work/hw3/hw3/hw3_tests/llrec_tests/llrec_tests --gtest_filter=Filter.CompareWithLlrec
==3626== 
Running main() from /build/googletest-K1TalW/googletest-1.10.0/googletest/src/gtest_main.cc
Note: Google Test filter = Filter.CompareWithLlrec
[==========] Running 1 test from 1 test suite.
[----------] Global test environment set-up.
[----------] 1 test from Filter
[ RUN      ] Filter.CompareWithLlrec
[       OK ] Filter.CompareWithLlrec (7 ms)
[----------] 1 test from Filter (9 ms total)

[----------] Global test environment tear-down
[==========] 1 test from 1 test suite ran. (16 ms total)
[  PASSED  ] 1 test.
==3626== 
==3626== HEAP SUMMARY:
==3626==     in use at exit: 0 bytes in 0 blocks
==3626==   total heap usage: 417 allocs, 417 frees, 128,713 bytes allocated
==3626== 
==3626== All heap blocks were freed -- no leaks are possible
==3626== 
==3626== For lists of detected and suppressed errors, rerun with: -s
==3626== ERROR SUMMARY: 0 errors from 0 contexts (suppressed: 0 from 0)
<end of output>
Test time =   0.42 sec
----------------------------------------------------------
Test Passed.
"Filter.CompareWithLlrec" end time: Feb 18 19:41 PST
"Filter.CompareWithLlrec" time elapsed: 00:00:00
----------------------------------------------------------

End testing: Feb 18 19:41 PST
