Start testing: Feb 21 11:38 PST
----------------------------------------------------------
1/25 Testing: HeapTest.ConstructionDestruction
1/25 Test: HeapTest.ConstructionDestruction
Command: "/usr/bin/valgrind" "--tool=memcheck" "--leak-check=yes" "--trace-children=no" "--error-exitcode=113" "/work/hw3/hw3/hw3_tests/heap_tests/heap_tests" "--gtest_filter=HeapTest.ConstructionDestruction"
Directory: /work/hw3/hw3/hw3_tests/heap_tests
"HeapTest.ConstructionDestruction" start time: Feb 21 11:38 PST
Output:
----------------------------------------------------------
==524== Memcheck, a memory error detector
==524== Copyright (C) 2002-2017, and GNU GPL'd, by Julian Seward et al.
==524== Using Valgrind-3.15.0 and LibVEX; rerun with -h for copyright info
==524== Command: /work/hw3/hw3/hw3_tests/heap_tests/heap_tests --gtest_filter=HeapTest.ConstructionDestruction
==524== 
Running main() from /build/googletest-K1TalW/googletest-1.10.0/googletest/src/gtest_main.cc
Note: Google Test filter = HeapTest.ConstructionDestruction
[==========] Running 1 test from 1 test suite.
[----------] Global test environment set-up.
[----------] 1 test from HeapTest
[ RUN      ] HeapTest.ConstructionDestruction
[       OK ] HeapTest.ConstructionDestruction (2 ms)
[----------] 1 test from HeapTest (4 ms total)

[----------] Global test environment tear-down
[==========] 1 test from 1 test suite ran. (11 ms total)
[  PASSED  ] 1 test.
==524== 
==524== HEAP SUMMARY:
==524==     in use at exit: 0 bytes in 0 blocks
==524==   total heap usage: 457 allocs, 457 frees, 130,896 bytes allocated
==524== 
==524== All heap blocks were freed -- no leaks are possible
==524== 
==524== For lists of detected and suppressed errors, rerun with: -s
==524== ERROR SUMMARY: 0 errors from 0 contexts (suppressed: 0 from 0)
<end of output>
Test time =   0.47 sec
----------------------------------------------------------
Test Passed.
"HeapTest.ConstructionDestruction" end time: Feb 21 11:38 PST
"HeapTest.ConstructionDestruction" time elapsed: 00:00:00
----------------------------------------------------------

2/25 Testing: HeapTest.InitiallyEmpty
2/25 Test: HeapTest.InitiallyEmpty
Command: "/usr/bin/valgrind" "--tool=memcheck" "--leak-check=yes" "--trace-children=no" "--error-exitcode=113" "/work/hw3/hw3/hw3_tests/heap_tests/heap_tests" "--gtest_filter=HeapTest.InitiallyEmpty"
Directory: /work/hw3/hw3/hw3_tests/heap_tests
"HeapTest.InitiallyEmpty" start time: Feb 21 11:38 PST
Output:
----------------------------------------------------------
==525== Memcheck, a memory error detector
==525== Copyright (C) 2002-2017, and GNU GPL'd, by Julian Seward et al.
==525== Using Valgrind-3.15.0 and LibVEX; rerun with -h for copyright info
==525== Command: /work/hw3/hw3/hw3_tests/heap_tests/heap_tests --gtest_filter=HeapTest.InitiallyEmpty
==525== 
Running main() from /build/googletest-K1TalW/googletest-1.10.0/googletest/src/gtest_main.cc
Note: Google Test filter = HeapTest.InitiallyEmpty
[==========] Running 1 test from 1 test suite.
[----------] Global test environment set-up.
[----------] 1 test from HeapTest
[ RUN      ] HeapTest.InitiallyEmpty
[       OK ] HeapTest.InitiallyEmpty (3 ms)
[----------] 1 test from HeapTest (5 ms total)

[----------] Global test environment tear-down
[==========] 1 test from 1 test suite ran. (12 ms total)
[  PASSED  ] 1 test.
==525== 
==525== HEAP SUMMARY:
==525==     in use at exit: 0 bytes in 0 blocks
==525==   total heap usage: 457 allocs, 457 frees, 130,779 bytes allocated
==525== 
==525== All heap blocks were freed -- no leaks are possible
==525== 
==525== For lists of detected and suppressed errors, rerun with: -s
==525== ERROR SUMMARY: 0 errors from 0 contexts (suppressed: 0 from 0)
<end of output>
Test time =   0.41 sec
----------------------------------------------------------
Test Passed.
"HeapTest.InitiallyEmpty" end time: Feb 21 11:38 PST
"HeapTest.InitiallyEmpty" time elapsed: 00:00:00
----------------------------------------------------------

3/25 Testing: HeapTest.EmptyTopException
3/25 Test: HeapTest.EmptyTopException
Command: "/usr/bin/valgrind" "--tool=memcheck" "--leak-check=yes" "--trace-children=no" "--error-exitcode=113" "/work/hw3/hw3/hw3_tests/heap_tests/heap_tests" "--gtest_filter=HeapTest.EmptyTopException"
Directory: /work/hw3/hw3/hw3_tests/heap_tests
"HeapTest.EmptyTopException" start time: Feb 21 11:38 PST
Output:
----------------------------------------------------------
==526== Memcheck, a memory error detector
==526== Copyright (C) 2002-2017, and GNU GPL'd, by Julian Seward et al.
==526== Using Valgrind-3.15.0 and LibVEX; rerun with -h for copyright info
==526== Command: /work/hw3/hw3/hw3_tests/heap_tests/heap_tests --gtest_filter=HeapTest.EmptyTopException
==526== 
Running main() from /build/googletest-K1TalW/googletest-1.10.0/googletest/src/gtest_main.cc
Note: Google Test filter = HeapTest.EmptyTopException
[==========] Running 1 test from 1 test suite.
[----------] Global test environment set-up.
[----------] 1 test from HeapTest
[ RUN      ] HeapTest.EmptyTopException
[       OK ] HeapTest.EmptyTopException (13 ms)
[----------] 1 test from HeapTest (14 ms total)

[----------] Global test environment tear-down
[==========] 1 test from 1 test suite ran. (21 ms total)
[  PASSED  ] 1 test.
==526== 
==526== HEAP SUMMARY:
==526==     in use at exit: 0 bytes in 0 blocks
==526==   total heap usage: 459 allocs, 459 frees, 130,979 bytes allocated
==526== 
==526== All heap blocks were freed -- no leaks are possible
==526== 
==526== For lists of detected and suppressed errors, rerun with: -s
==526== ERROR SUMMARY: 0 errors from 0 contexts (suppressed: 0 from 0)
<end of output>
Test time =   0.41 sec
----------------------------------------------------------
Test Passed.
"HeapTest.EmptyTopException" end time: Feb 21 11:38 PST
"HeapTest.EmptyTopException" time elapsed: 00:00:00
----------------------------------------------------------

4/25 Testing: HeapTest.EmptyPopException
4/25 Test: HeapTest.EmptyPopException
Command: "/usr/bin/valgrind" "--tool=memcheck" "--leak-check=yes" "--trace-children=no" "--error-exitcode=113" "/work/hw3/hw3/hw3_tests/heap_tests/heap_tests" "--gtest_filter=HeapTest.EmptyPopException"
Directory: /work/hw3/hw3/hw3_tests/heap_tests
"HeapTest.EmptyPopException" start time: Feb 21 11:38 PST
Output:
----------------------------------------------------------
==527== Memcheck, a memory error detector
==527== Copyright (C) 2002-2017, and GNU GPL'd, by Julian Seward et al.
==527== Using Valgrind-3.15.0 and LibVEX; rerun with -h for copyright info
==527== Command: /work/hw3/hw3/hw3_tests/heap_tests/heap_tests --gtest_filter=HeapTest.EmptyPopException
==527== 
Running main() from /build/googletest-K1TalW/googletest-1.10.0/googletest/src/gtest_main.cc
Note: Google Test filter = HeapTest.EmptyPopException
[==========] Running 1 test from 1 test suite.
[----------] Global test environment set-up.
[----------] 1 test from HeapTest
[ RUN      ] HeapTest.EmptyPopException
[       OK ] HeapTest.EmptyPopException (12 ms)
[----------] 1 test from HeapTest (14 ms total)

[----------] Global test environment tear-down
[==========] 1 test from 1 test suite ran. (21 ms total)
[  PASSED  ] 1 test.
==527== 
==527== HEAP SUMMARY:
==527==     in use at exit: 0 bytes in 0 blocks
==527==   total heap usage: 459 allocs, 459 frees, 130,979 bytes allocated
==527== 
==527== All heap blocks were freed -- no leaks are possible
==527== 
==527== For lists of detected and suppressed errors, rerun with: -s
==527== ERROR SUMMARY: 0 errors from 0 contexts (suppressed: 0 from 0)
<end of output>
Test time =   0.41 sec
----------------------------------------------------------
Test Passed.
"HeapTest.EmptyPopException" end time: Feb 21 11:38 PST
"HeapTest.EmptyPopException" time elapsed: 00:00:00
----------------------------------------------------------

5/25 Testing: HeapTest.SingleItemNonempty
5/25 Test: HeapTest.SingleItemNonempty
Command: "/usr/bin/valgrind" "--tool=memcheck" "--leak-check=yes" "--trace-children=no" "--error-exitcode=113" "/work/hw3/hw3/hw3_tests/heap_tests/heap_tests" "--gtest_filter=HeapTest.SingleItemNonempty"
Directory: /work/hw3/hw3/hw3_tests/heap_tests
"HeapTest.SingleItemNonempty" start time: Feb 21 11:38 PST
Output:
----------------------------------------------------------
==528== Memcheck, a memory error detector
==528== Copyright (C) 2002-2017, and GNU GPL'd, by Julian Seward et al.
==528== Using Valgrind-3.15.0 and LibVEX; rerun with -h for copyright info
==528== Command: /work/hw3/hw3/hw3_tests/heap_tests/heap_tests --gtest_filter=HeapTest.SingleItemNonempty
==528== 
Running main() from /build/googletest-K1TalW/googletest-1.10.0/googletest/src/gtest_main.cc
Note: Google Test filter = HeapTest.SingleItemNonempty
[==========] Running 1 test from 1 test suite.
[----------] Global test environment set-up.
[----------] 1 test from HeapTest
[ RUN      ] HeapTest.SingleItemNonempty
[       OK ] HeapTest.SingleItemNonempty (4 ms)
[----------] 1 test from HeapTest (7 ms total)

[----------] Global test environment tear-down
[==========] 1 test from 1 test suite ran. (14 ms total)
[  PASSED  ] 1 test.
==528== 
==528== HEAP SUMMARY:
==528==     in use at exit: 0 bytes in 0 blocks
==528==   total heap usage: 458 allocs, 458 frees, 130,811 bytes allocated
==528== 
==528== All heap blocks were freed -- no leaks are possible
==528== 
==528== For lists of detected and suppressed errors, rerun with: -s
==528== ERROR SUMMARY: 0 errors from 0 contexts (suppressed: 0 from 0)
<end of output>
Test time =   0.40 sec
----------------------------------------------------------
Test Passed.
"HeapTest.SingleItemNonempty" end time: Feb 21 11:38 PST
"HeapTest.SingleItemNonempty" time elapsed: 00:00:00
----------------------------------------------------------

6/25 Testing: HeapTest.SingleItemPush
6/25 Test: HeapTest.SingleItemPush
Command: "/usr/bin/valgrind" "--tool=memcheck" "--leak-check=yes" "--trace-children=no" "--error-exitcode=113" "/work/hw3/hw3/hw3_tests/heap_tests/heap_tests" "--gtest_filter=HeapTest.SingleItemPush"
Directory: /work/hw3/hw3/hw3_tests/heap_tests
"HeapTest.SingleItemPush" start time: Feb 21 11:38 PST
Output:
----------------------------------------------------------
==529== Memcheck, a memory error detector
==529== Copyright (C) 2002-2017, and GNU GPL'd, by Julian Seward et al.
==529== Using Valgrind-3.15.0 and LibVEX; rerun with -h for copyright info
==529== Command: /work/hw3/hw3/hw3_tests/heap_tests/heap_tests --gtest_filter=HeapTest.SingleItemPush
==529== 
Running main() from /build/googletest-K1TalW/googletest-1.10.0/googletest/src/gtest_main.cc
Note: Google Test filter = HeapTest.SingleItemPush
[==========] Running 1 test from 1 test suite.
[----------] Global test environment set-up.
[----------] 1 test from HeapTest
[ RUN      ] HeapTest.SingleItemPush
[       OK ] HeapTest.SingleItemPush (5 ms)
[----------] 1 test from HeapTest (7 ms total)

[----------] Global test environment tear-down
[==========] 1 test from 1 test suite ran. (14 ms total)
[  PASSED  ] 1 test.
==529== 
==529== HEAP SUMMARY:
==529==     in use at exit: 0 bytes in 0 blocks
==529==   total heap usage: 458 allocs, 458 frees, 130,783 bytes allocated
==529== 
==529== All heap blocks were freed -- no leaks are possible
==529== 
==529== For lists of detected and suppressed errors, rerun with: -s
==529== ERROR SUMMARY: 0 errors from 0 contexts (suppressed: 0 from 0)
<end of output>
Test time =   0.40 sec
----------------------------------------------------------
Test Passed.
"HeapTest.SingleItemPush" end time: Feb 21 11:38 PST
"HeapTest.SingleItemPush" time elapsed: 00:00:00
----------------------------------------------------------

7/25 Testing: HeapTest.SingleItemPushPop
7/25 Test: HeapTest.SingleItemPushPop
Command: "/usr/bin/valgrind" "--tool=memcheck" "--leak-check=yes" "--trace-children=no" "--error-exitcode=113" "/work/hw3/hw3/hw3_tests/heap_tests/heap_tests" "--gtest_filter=HeapTest.SingleItemPushPop"
Directory: /work/hw3/hw3/hw3_tests/heap_tests
"HeapTest.SingleItemPushPop" start time: Feb 21 11:38 PST
Output:
----------------------------------------------------------
==530== Memcheck, a memory error detector
==530== Copyright (C) 2002-2017, and GNU GPL'd, by Julian Seward et al.
==530== Using Valgrind-3.15.0 and LibVEX; rerun with -h for copyright info
==530== Command: /work/hw3/hw3/hw3_tests/heap_tests/heap_tests --gtest_filter=HeapTest.SingleItemPushPop
==530== 
Running main() from /build/googletest-K1TalW/googletest-1.10.0/googletest/src/gtest_main.cc
Note: Google Test filter = HeapTest.SingleItemPushPop
[==========] Running 1 test from 1 test suite.
[----------] Global test environment set-up.
[----------] 1 test from HeapTest
[ RUN      ] HeapTest.SingleItemPushPop
[       OK ] HeapTest.SingleItemPushPop (5 ms)
[----------] 1 test from HeapTest (7 ms total)

[----------] Global test environment tear-down
[==========] 1 test from 1 test suite ran. (14 ms total)
[  PASSED  ] 1 test.
==530== 
==530== HEAP SUMMARY:
==530==     in use at exit: 0 bytes in 0 blocks
==530==   total heap usage: 458 allocs, 458 frees, 130,804 bytes allocated
==530== 
==530== All heap blocks were freed -- no leaks are possible
==530== 
==530== For lists of detected and suppressed errors, rerun with: -s
==530== ERROR SUMMARY: 0 errors from 0 contexts (suppressed: 0 from 0)
<end of output>
Test time =   0.41 sec
----------------------------------------------------------
Test Passed.
"HeapTest.SingleItemPushPop" end time: Feb 21 11:38 PST
"HeapTest.SingleItemPushPop" time elapsed: 00:00:00
----------------------------------------------------------

8/25 Testing: HeapTest.TwoElementPush_LowPriFirst
8/25 Test: HeapTest.TwoElementPush_LowPriFirst
Command: "/usr/bin/valgrind" "--tool=memcheck" "--leak-check=yes" "--trace-children=no" "--error-exitcode=113" "/work/hw3/hw3/hw3_tests/heap_tests/heap_tests" "--gtest_filter=HeapTest.TwoElementPush_LowPriFirst"
Directory: /work/hw3/hw3/hw3_tests/heap_tests
"HeapTest.TwoElementPush_LowPriFirst" start time: Feb 21 11:38 PST
Output:
----------------------------------------------------------
==531== Memcheck, a memory error detector
==531== Copyright (C) 2002-2017, and GNU GPL'd, by Julian Seward et al.
==531== Using Valgrind-3.15.0 and LibVEX; rerun with -h for copyright info
==531== Command: /work/hw3/hw3/hw3_tests/heap_tests/heap_tests --gtest_filter=HeapTest.TwoElementPush_LowPriFirst
==531== 
Running main() from /build/googletest-K1TalW/googletest-1.10.0/googletest/src/gtest_main.cc
Note: Google Test filter = HeapTest.TwoElementPush_LowPriFirst
[==========] Running 1 test from 1 test suite.
[----------] Global test environment set-up.
[----------] 1 test from HeapTest
[ RUN      ] HeapTest.TwoElementPush_LowPriFirst
[       OK ] HeapTest.TwoElementPush_LowPriFirst (6 ms)
[----------] 1 test from HeapTest (7 ms total)

[----------] Global test environment tear-down
[==========] 1 test from 1 test suite ran. (14 ms total)
[  PASSED  ] 1 test.
==531== 
==531== HEAP SUMMARY:
==531==     in use at exit: 0 bytes in 0 blocks
==531==   total heap usage: 459 allocs, 459 frees, 131,010 bytes allocated
==531== 
==531== All heap blocks were freed -- no leaks are possible
==531== 
==531== For lists of detected and suppressed errors, rerun with: -s
==531== ERROR SUMMARY: 0 errors from 0 contexts (suppressed: 0 from 0)
<end of output>
Test time =   0.40 sec
----------------------------------------------------------
Test Passed.
"HeapTest.TwoElementPush_LowPriFirst" end time: Feb 21 11:38 PST
"HeapTest.TwoElementPush_LowPriFirst" time elapsed: 00:00:00
----------------------------------------------------------

9/25 Testing: HeapTest.TwoElementPush_HighPriFirst
9/25 Test: HeapTest.TwoElementPush_HighPriFirst
Command: "/usr/bin/valgrind" "--tool=memcheck" "--leak-check=yes" "--trace-children=no" "--error-exitcode=113" "/work/hw3/hw3/hw3_tests/heap_tests/heap_tests" "--gtest_filter=HeapTest.TwoElementPush_HighPriFirst"
Directory: /work/hw3/hw3/hw3_tests/heap_tests
"HeapTest.TwoElementPush_HighPriFirst" start time: Feb 21 11:38 PST
Output:
----------------------------------------------------------
==532== Memcheck, a memory error detector
==532== Copyright (C) 2002-2017, and GNU GPL'd, by Julian Seward et al.
==532== Using Valgrind-3.15.0 and LibVEX; rerun with -h for copyright info
==532== Command: /work/hw3/hw3/hw3_tests/heap_tests/heap_tests --gtest_filter=HeapTest.TwoElementPush_HighPriFirst
==532== 
Running main() from /build/googletest-K1TalW/googletest-1.10.0/googletest/src/gtest_main.cc
Note: Google Test filter = HeapTest.TwoElementPush_HighPriFirst
[==========] Running 1 test from 1 test suite.
[----------] Global test environment set-up.
[----------] 1 test from HeapTest
[ RUN      ] HeapTest.TwoElementPush_HighPriFirst
[       OK ] HeapTest.TwoElementPush_HighPriFirst (6 ms)
[----------] 1 test from HeapTest (7 ms total)

[----------] Global test environment tear-down
[==========] 1 test from 1 test suite ran. (14 ms total)
[  PASSED  ] 1 test.
==532== 
==532== HEAP SUMMARY:
==532==     in use at exit: 0 bytes in 0 blocks
==532==   total heap usage: 459 allocs, 459 frees, 131,044 bytes allocated
==532== 
==532== All heap blocks were freed -- no leaks are possible
==532== 
==532== For lists of detected and suppressed errors, rerun with: -s
==532== ERROR SUMMARY: 0 errors from 0 contexts (suppressed: 0 from 0)
<end of output>
Test time =   0.40 sec
----------------------------------------------------------
Test Passed.
"HeapTest.TwoElementPush_HighPriFirst" end time: Feb 21 11:38 PST
"HeapTest.TwoElementPush_HighPriFirst" time elapsed: 00:00:00
----------------------------------------------------------

10/25 Testing: HeapTest.Duplicates
10/25 Test: HeapTest.Duplicates
Command: "/usr/bin/valgrind" "--tool=memcheck" "--leak-check=yes" "--trace-children=no" "--error-exitcode=113" "/work/hw3/hw3/hw3_tests/heap_tests/heap_tests" "--gtest_filter=HeapTest.Duplicates"
Directory: /work/hw3/hw3/hw3_tests/heap_tests
"HeapTest.Duplicates" start time: Feb 21 11:38 PST
Output:
----------------------------------------------------------
==533== Memcheck, a memory error detector
==533== Copyright (C) 2002-2017, and GNU GPL'd, by Julian Seward et al.
==533== Using Valgrind-3.15.0 and LibVEX; rerun with -h for copyright info
==533== Command: /work/hw3/hw3/hw3_tests/heap_tests/heap_tests --gtest_filter=HeapTest.Duplicates
==533== 
Running main() from /build/googletest-K1TalW/googletest-1.10.0/googletest/src/gtest_main.cc
Note: Google Test filter = HeapTest.Duplicates
[==========] Running 1 test from 1 test suite.
[----------] Global test environment set-up.
[----------] 1 test from HeapTest
[ RUN      ] HeapTest.Duplicates
[       OK ] HeapTest.Duplicates (6 ms)
[----------] 1 test from HeapTest (7 ms total)

[----------] Global test environment tear-down
[==========] 1 test from 1 test suite ran. (15 ms total)
[  PASSED  ] 1 test.
==533== 
==533== HEAP SUMMARY:
==533==     in use at exit: 0 bytes in 0 blocks
==533==   total heap usage: 460 allocs, 460 frees, 130,779 bytes allocated
==533== 
==533== All heap blocks were freed -- no leaks are possible
==533== 
==533== For lists of detected and suppressed errors, rerun with: -s
==533== ERROR SUMMARY: 0 errors from 0 contexts (suppressed: 0 from 0)
<end of output>
Test time =   0.40 sec
----------------------------------------------------------
Test Passed.
"HeapTest.Duplicates" end time: Feb 21 11:38 PST
"HeapTest.Duplicates" time elapsed: 00:00:00
----------------------------------------------------------

11/25 Testing: HeapTest.NegativeElements
11/25 Test: HeapTest.NegativeElements
Command: "/usr/bin/valgrind" "--tool=memcheck" "--leak-check=yes" "--trace-children=no" "--error-exitcode=113" "/work/hw3/hw3/hw3_tests/heap_tests/heap_tests" "--gtest_filter=HeapTest.NegativeElements"
Directory: /work/hw3/hw3/hw3_tests/heap_tests
"HeapTest.NegativeElements" start time: Feb 21 11:38 PST
Output:
----------------------------------------------------------
==534== Memcheck, a memory error detector
==534== Copyright (C) 2002-2017, and GNU GPL'd, by Julian Seward et al.
==534== Using Valgrind-3.15.0 and LibVEX; rerun with -h for copyright info
==534== Command: /work/hw3/hw3/hw3_tests/heap_tests/heap_tests --gtest_filter=HeapTest.NegativeElements
==534== 
Running main() from /build/googletest-K1TalW/googletest-1.10.0/googletest/src/gtest_main.cc
Note: Google Test filter = HeapTest.NegativeElements
[==========] Running 1 test from 1 test suite.
[----------] Global test environment set-up.
[----------] 1 test from HeapTest
[ RUN      ] HeapTest.NegativeElements
[       OK ] HeapTest.NegativeElements (6 ms)
[----------] 1 test from HeapTest (7 ms total)

[----------] Global test environment tear-down
[==========] 1 test from 1 test suite ran. (14 ms total)
[  PASSED  ] 1 test.
==534== 
==534== HEAP SUMMARY:
==534==     in use at exit: 0 bytes in 0 blocks
==534==   total heap usage: 459 allocs, 459 frees, 130,805 bytes allocated
==534== 
==534== All heap blocks were freed -- no leaks are possible
==534== 
==534== For lists of detected and suppressed errors, rerun with: -s
==534== ERROR SUMMARY: 0 errors from 0 contexts (suppressed: 0 from 0)
<end of output>
Test time =   0.40 sec
----------------------------------------------------------
Test Passed.
"HeapTest.NegativeElements" end time: Feb 21 11:38 PST
"HeapTest.NegativeElements" time elapsed: 00:00:00
----------------------------------------------------------

12/25 Testing: HeapTest.ThreeElementPush_0_5_10
12/25 Test: HeapTest.ThreeElementPush_0_5_10
Command: "/usr/bin/valgrind" "--tool=memcheck" "--leak-check=yes" "--trace-children=no" "--error-exitcode=113" "/work/hw3/hw3/hw3_tests/heap_tests/heap_tests" "--gtest_filter=HeapTest.ThreeElementPush_0_5_10"
Directory: /work/hw3/hw3/hw3_tests/heap_tests
"HeapTest.ThreeElementPush_0_5_10" start time: Feb 21 11:38 PST
Output:
----------------------------------------------------------
==535== Memcheck, a memory error detector
==535== Copyright (C) 2002-2017, and GNU GPL'd, by Julian Seward et al.
==535== Using Valgrind-3.15.0 and LibVEX; rerun with -h for copyright info
==535== Command: /work/hw3/hw3/hw3_tests/heap_tests/heap_tests --gtest_filter=HeapTest.ThreeElementPush_0_5_10
==535== 
Running main() from /build/googletest-K1TalW/googletest-1.10.0/googletest/src/gtest_main.cc
Note: Google Test filter = HeapTest.ThreeElementPush_0_5_10
[==========] Running 1 test from 1 test suite.
[----------] Global test environment set-up.
[----------] 1 test from HeapTest
[ RUN      ] HeapTest.ThreeElementPush_0_5_10
[       OK ] HeapTest.ThreeElementPush_0_5_10 (6 ms)
[----------] 1 test from HeapTest (8 ms total)

[----------] Global test environment tear-down
[==========] 1 test from 1 test suite ran. (15 ms total)
[  PASSED  ] 1 test.
==535== 
==535== HEAP SUMMARY:
==535==     in use at exit: 0 bytes in 0 blocks
==535==   total heap usage: 460 allocs, 460 frees, 130,924 bytes allocated
==535== 
==535== All heap blocks were freed -- no leaks are possible
==535== 
==535== For lists of detected and suppressed errors, rerun with: -s
==535== ERROR SUMMARY: 0 errors from 0 contexts (suppressed: 0 from 0)
<end of output>
Test time =   0.40 sec
----------------------------------------------------------
Test Passed.
"HeapTest.ThreeElementPush_0_5_10" end time: Feb 21 11:38 PST
"HeapTest.ThreeElementPush_0_5_10" time elapsed: 00:00:00
----------------------------------------------------------

13/25 Testing: HeapTest.ThreeElementPush_0_10_5
13/25 Test: HeapTest.ThreeElementPush_0_10_5
Command: "/usr/bin/valgrind" "--tool=memcheck" "--leak-check=yes" "--trace-children=no" "--error-exitcode=113" "/work/hw3/hw3/hw3_tests/heap_tests/heap_tests" "--gtest_filter=HeapTest.ThreeElementPush_0_10_5"
Directory: /work/hw3/hw3/hw3_tests/heap_tests
"HeapTest.ThreeElementPush_0_10_5" start time: Feb 21 11:38 PST
Output:
----------------------------------------------------------
==536== Memcheck, a memory error detector
==536== Copyright (C) 2002-2017, and GNU GPL'd, by Julian Seward et al.
==536== Using Valgrind-3.15.0 and LibVEX; rerun with -h for copyright info
==536== Command: /work/hw3/hw3/hw3_tests/heap_tests/heap_tests --gtest_filter=HeapTest.ThreeElementPush_0_10_5
==536== 
Running main() from /build/googletest-K1TalW/googletest-1.10.0/googletest/src/gtest_main.cc
Note: Google Test filter = HeapTest.ThreeElementPush_0_10_5
[==========] Running 1 test from 1 test suite.
[----------] Global test environment set-up.
[----------] 1 test from HeapTest
[ RUN      ] HeapTest.ThreeElementPush_0_10_5
[       OK ] HeapTest.ThreeElementPush_0_10_5 (6 ms)
[----------] 1 test from HeapTest (8 ms total)

[----------] Global test environment tear-down
[==========] 1 test from 1 test suite ran. (15 ms total)
[  PASSED  ] 1 test.
==536== 
==536== HEAP SUMMARY:
==536==     in use at exit: 0 bytes in 0 blocks
==536==   total heap usage: 460 allocs, 460 frees, 130,924 bytes allocated
==536== 
==536== All heap blocks were freed -- no leaks are possible
==536== 
==536== For lists of detected and suppressed errors, rerun with: -s
==536== ERROR SUMMARY: 0 errors from 0 contexts (suppressed: 0 from 0)
<end of output>
Test time =   0.40 sec
----------------------------------------------------------
Test Passed.
"HeapTest.ThreeElementPush_0_10_5" end time: Feb 21 11:38 PST
"HeapTest.ThreeElementPush_0_10_5" time elapsed: 00:00:00
----------------------------------------------------------

14/25 Testing: HeapTest.ThreeElementPush_5_0_10
14/25 Test: HeapTest.ThreeElementPush_5_0_10
Command: "/usr/bin/valgrind" "--tool=memcheck" "--leak-check=yes" "--trace-children=no" "--error-exitcode=113" "/work/hw3/hw3/hw3_tests/heap_tests/heap_tests" "--gtest_filter=HeapTest.ThreeElementPush_5_0_10"
Directory: /work/hw3/hw3/hw3_tests/heap_tests
"HeapTest.ThreeElementPush_5_0_10" start time: Feb 21 11:38 PST
Output:
----------------------------------------------------------
==537== Memcheck, a memory error detector
==537== Copyright (C) 2002-2017, and GNU GPL'd, by Julian Seward et al.
==537== Using Valgrind-3.15.0 and LibVEX; rerun with -h for copyright info
==537== Command: /work/hw3/hw3/hw3_tests/heap_tests/heap_tests --gtest_filter=HeapTest.ThreeElementPush_5_0_10
==537== 
Running main() from /build/googletest-K1TalW/googletest-1.10.0/googletest/src/gtest_main.cc
Note: Google Test filter = HeapTest.ThreeElementPush_5_0_10
[==========] Running 1 test from 1 test suite.
[----------] Global test environment set-up.
[----------] 1 test from HeapTest
[ RUN      ] HeapTest.ThreeElementPush_5_0_10
[       OK ] HeapTest.ThreeElementPush_5_0_10 (7 ms)
[----------] 1 test from HeapTest (8 ms total)

[----------] Global test environment tear-down
[==========] 1 test from 1 test suite ran. (15 ms total)
[  PASSED  ] 1 test.
==537== 
==537== HEAP SUMMARY:
==537==     in use at exit: 0 bytes in 0 blocks
==537==   total heap usage: 460 allocs, 460 frees, 130,924 bytes allocated
==537== 
==537== All heap blocks were freed -- no leaks are possible
==537== 
==537== For lists of detected and suppressed errors, rerun with: -s
==537== ERROR SUMMARY: 0 errors from 0 contexts (suppressed: 0 from 0)
<end of output>
Test time =   0.40 sec
----------------------------------------------------------
Test Passed.
"HeapTest.ThreeElementPush_5_0_10" end time: Feb 21 11:38 PST
"HeapTest.ThreeElementPush_5_0_10" time elapsed: 00:00:00
----------------------------------------------------------

15/25 Testing: HeapTest.ThreeElementPush_5_10_0
15/25 Test: HeapTest.ThreeElementPush_5_10_0
Command: "/usr/bin/valgrind" "--tool=memcheck" "--leak-check=yes" "--trace-children=no" "--error-exitcode=113" "/work/hw3/hw3/hw3_tests/heap_tests/heap_tests" "--gtest_filter=HeapTest.ThreeElementPush_5_10_0"
Directory: /work/hw3/hw3/hw3_tests/heap_tests
"HeapTest.ThreeElementPush_5_10_0" start time: Feb 21 11:38 PST
Output:
----------------------------------------------------------
==538== Memcheck, a memory error detector
==538== Copyright (C) 2002-2017, and GNU GPL'd, by Julian Seward et al.
==538== Using Valgrind-3.15.0 and LibVEX; rerun with -h for copyright info
==538== Command: /work/hw3/hw3/hw3_tests/heap_tests/heap_tests --gtest_filter=HeapTest.ThreeElementPush_5_10_0
==538== 
Running main() from /build/googletest-K1TalW/googletest-1.10.0/googletest/src/gtest_main.cc
Note: Google Test filter = HeapTest.ThreeElementPush_5_10_0
[==========] Running 1 test from 1 test suite.
[----------] Global test environment set-up.
[----------] 1 test from HeapTest
[ RUN      ] HeapTest.ThreeElementPush_5_10_0
[       OK ] HeapTest.ThreeElementPush_5_10_0 (6 ms)
[----------] 1 test from HeapTest (8 ms total)

[----------] Global test environment tear-down
[==========] 1 test from 1 test suite ran. (15 ms total)
[  PASSED  ] 1 test.
==538== 
==538== HEAP SUMMARY:
==538==     in use at exit: 0 bytes in 0 blocks
==538==   total heap usage: 460 allocs, 460 frees, 130,924 bytes allocated
==538== 
==538== All heap blocks were freed -- no leaks are possible
==538== 
==538== For lists of detected and suppressed errors, rerun with: -s
==538== ERROR SUMMARY: 0 errors from 0 contexts (suppressed: 0 from 0)
<end of output>
Test time =   0.40 sec
----------------------------------------------------------
Test Passed.
"HeapTest.ThreeElementPush_5_10_0" end time: Feb 21 11:38 PST
"HeapTest.ThreeElementPush_5_10_0" time elapsed: 00:00:00
----------------------------------------------------------

16/25 Testing: HeapTest.ThreeElementPush_10_0_5
16/25 Test: HeapTest.ThreeElementPush_10_0_5
Command: "/usr/bin/valgrind" "--tool=memcheck" "--leak-check=yes" "--trace-children=no" "--error-exitcode=113" "/work/hw3/hw3/hw3_tests/heap_tests/heap_tests" "--gtest_filter=HeapTest.ThreeElementPush_10_0_5"
Directory: /work/hw3/hw3/hw3_tests/heap_tests
"HeapTest.ThreeElementPush_10_0_5" start time: Feb 21 11:38 PST
Output:
----------------------------------------------------------
==539== Memcheck, a memory error detector
==539== Copyright (C) 2002-2017, and GNU GPL'd, by Julian Seward et al.
==539== Using Valgrind-3.15.0 and LibVEX; rerun with -h for copyright info
==539== Command: /work/hw3/hw3/hw3_tests/heap_tests/heap_tests --gtest_filter=HeapTest.ThreeElementPush_10_0_5
==539== 
Running main() from /build/googletest-K1TalW/googletest-1.10.0/googletest/src/gtest_main.cc
Note: Google Test filter = HeapTest.ThreeElementPush_10_0_5
[==========] Running 1 test from 1 test suite.
[----------] Global test environment set-up.
[----------] 1 test from HeapTest
[ RUN      ] HeapTest.ThreeElementPush_10_0_5
[       OK ] HeapTest.ThreeElementPush_10_0_5 (6 ms)
[----------] 1 test from HeapTest (7 ms total)

[----------] Global test environment tear-down
[==========] 1 test from 1 test suite ran. (15 ms total)
[  PASSED  ] 1 test.
==539== 
==539== HEAP SUMMARY:
==539==     in use at exit: 0 bytes in 0 blocks
==539==   total heap usage: 460 allocs, 460 frees, 130,924 bytes allocated
==539== 
==539== All heap blocks were freed -- no leaks are possible
==539== 
==539== For lists of detected and suppressed errors, rerun with: -s
==539== ERROR SUMMARY: 0 errors from 0 contexts (suppressed: 0 from 0)
<end of output>
Test time =   0.40 sec
----------------------------------------------------------
Test Passed.
"HeapTest.ThreeElementPush_10_0_5" end time: Feb 21 11:38 PST
"HeapTest.ThreeElementPush_10_0_5" time elapsed: 00:00:00
----------------------------------------------------------

17/25 Testing: HeapTest.ThreeElementPush_10_5_0
17/25 Test: HeapTest.ThreeElementPush_10_5_0
Command: "/usr/bin/valgrind" "--tool=memcheck" "--leak-check=yes" "--trace-children=no" "--error-exitcode=113" "/work/hw3/hw3/hw3_tests/heap_tests/heap_tests" "--gtest_filter=HeapTest.ThreeElementPush_10_5_0"
Directory: /work/hw3/hw3/hw3_tests/heap_tests
"HeapTest.ThreeElementPush_10_5_0" start time: Feb 21 11:38 PST
Output:
----------------------------------------------------------
==540== Memcheck, a memory error detector
==540== Copyright (C) 2002-2017, and GNU GPL'd, by Julian Seward et al.
==540== Using Valgrind-3.15.0 and LibVEX; rerun with -h for copyright info
==540== Command: /work/hw3/hw3/hw3_tests/heap_tests/heap_tests --gtest_filter=HeapTest.ThreeElementPush_10_5_0
==540== 
Running main() from /build/googletest-K1TalW/googletest-1.10.0/googletest/src/gtest_main.cc
Note: Google Test filter = HeapTest.ThreeElementPush_10_5_0
[==========] Running 1 test from 1 test suite.
[----------] Global test environment set-up.
[----------] 1 test from HeapTest
[ RUN      ] HeapTest.ThreeElementPush_10_5_0
[       OK ] HeapTest.ThreeElementPush_10_5_0 (6 ms)
[----------] 1 test from HeapTest (8 ms total)

[----------] Global test environment tear-down
[==========] 1 test from 1 test suite ran. (15 ms total)
[  PASSED  ] 1 test.
==540== 
==540== HEAP SUMMARY:
==540==     in use at exit: 0 bytes in 0 blocks
==540==   total heap usage: 460 allocs, 460 frees, 130,924 bytes allocated
==540== 
==540== All heap blocks were freed -- no leaks are possible
==540== 
==540== For lists of detected and suppressed errors, rerun with: -s
==540== ERROR SUMMARY: 0 errors from 0 contexts (suppressed: 0 from 0)
<end of output>
Test time =   0.40 sec
----------------------------------------------------------
Test Passed.
"HeapTest.ThreeElementPush_10_5_0" end time: Feb 21 11:38 PST
"HeapTest.ThreeElementPush_10_5_0" time elapsed: 00:00:00
----------------------------------------------------------

18/25 Testing: HeapTest.GreaterComparator
18/25 Test: HeapTest.GreaterComparator
Command: "/usr/bin/valgrind" "--tool=memcheck" "--leak-check=yes" "--trace-children=no" "--error-exitcode=113" "/work/hw3/hw3/hw3_tests/heap_tests/heap_tests" "--gtest_filter=HeapTest.GreaterComparator"
Directory: /work/hw3/hw3/hw3_tests/heap_tests
"HeapTest.GreaterComparator" start time: Feb 21 11:38 PST
Output:
----------------------------------------------------------
==541== Memcheck, a memory error detector
==541== Copyright (C) 2002-2017, and GNU GPL'd, by Julian Seward et al.
==541== Using Valgrind-3.15.0 and LibVEX; rerun with -h for copyright info
==541== Command: /work/hw3/hw3/hw3_tests/heap_tests/heap_tests --gtest_filter=HeapTest.GreaterComparator
==541== 
Running main() from /build/googletest-K1TalW/googletest-1.10.0/googletest/src/gtest_main.cc
Note: Google Test filter = HeapTest.GreaterComparator
[==========] Running 1 test from 1 test suite.
[----------] Global test environment set-up.
[----------] 1 test from HeapTest
[ RUN      ] HeapTest.GreaterComparator
[       OK ] HeapTest.GreaterComparator (6 ms)
[----------] 1 test from HeapTest (8 ms total)

[----------] Global test environment tear-down
[==========] 1 test from 1 test suite ran. (15 ms total)
[  PASSED  ] 1 test.
==541== 
==541== HEAP SUMMARY:
==541==     in use at exit: 0 bytes in 0 blocks
==541==   total heap usage: 460 allocs, 460 frees, 130,828 bytes allocated
==541== 
==541== All heap blocks were freed -- no leaks are possible
==541== 
==541== For lists of detected and suppressed errors, rerun with: -s
==541== ERROR SUMMARY: 0 errors from 0 contexts (suppressed: 0 from 0)
<end of output>
Test time =   0.40 sec
----------------------------------------------------------
Test Passed.
"HeapTest.GreaterComparator" end time: Feb 21 11:39 PST
"HeapTest.GreaterComparator" time elapsed: 00:00:00
----------------------------------------------------------

19/25 Testing: HeapTest.StringStorage
19/25 Test: HeapTest.StringStorage
Command: "/usr/bin/valgrind" "--tool=memcheck" "--leak-check=yes" "--trace-children=no" "--error-exitcode=113" "/work/hw3/hw3/hw3_tests/heap_tests/heap_tests" "--gtest_filter=HeapTest.StringStorage"
Directory: /work/hw3/hw3/hw3_tests/heap_tests
"HeapTest.StringStorage" start time: Feb 21 11:39 PST
Output:
----------------------------------------------------------
==542== Memcheck, a memory error detector
==542== Copyright (C) 2002-2017, and GNU GPL'd, by Julian Seward et al.
==542== Using Valgrind-3.15.0 and LibVEX; rerun with -h for copyright info
==542== Command: /work/hw3/hw3/hw3_tests/heap_tests/heap_tests --gtest_filter=HeapTest.StringStorage
==542== 
Running main() from /build/googletest-K1TalW/googletest-1.10.0/googletest/src/gtest_main.cc
Note: Google Test filter = HeapTest.StringStorage
[==========] Running 1 test from 1 test suite.
[----------] Global test environment set-up.
[----------] 1 test from HeapTest
[ RUN      ] HeapTest.StringStorage
[       OK ] HeapTest.StringStorage (5 ms)
[----------] 1 test from HeapTest (7 ms total)

[----------] Global test environment tear-down
[==========] 1 test from 1 test suite ran. (14 ms total)
[  PASSED  ] 1 test.
==542== 
==542== HEAP SUMMARY:
==542==     in use at exit: 0 bytes in 0 blocks
==542==   total heap usage: 460 allocs, 460 frees, 130,996 bytes allocated
==542== 
==542== All heap blocks were freed -- no leaks are possible
==542== 
==542== For lists of detected and suppressed errors, rerun with: -s
==542== ERROR SUMMARY: 0 errors from 0 contexts (suppressed: 0 from 0)
<end of output>
Test time =   0.40 sec
----------------------------------------------------------
Test Passed.
"HeapTest.StringStorage" end time: Feb 21 11:39 PST
"HeapTest.StringStorage" time elapsed: 00:00:00
----------------------------------------------------------

20/25 Testing: HeapTest.FiveElementPush_TrinaryHeap
20/25 Test: HeapTest.FiveElementPush_TrinaryHeap
Command: "/usr/bin/valgrind" "--tool=memcheck" "--leak-check=yes" "--trace-children=no" "--error-exitcode=113" "/work/hw3/hw3/hw3_tests/heap_tests/heap_tests" "--gtest_filter=HeapTest.FiveElementPush_TrinaryHeap"
Directory: /work/hw3/hw3/hw3_tests/heap_tests
"HeapTest.FiveElementPush_TrinaryHeap" start time: Feb 21 11:39 PST
Output:
----------------------------------------------------------
==543== Memcheck, a memory error detector
==543== Copyright (C) 2002-2017, and GNU GPL'd, by Julian Seward et al.
==543== Using Valgrind-3.15.0 and LibVEX; rerun with -h for copyright info
==543== Command: /work/hw3/hw3/hw3_tests/heap_tests/heap_tests --gtest_filter=HeapTest.FiveElementPush_TrinaryHeap
==543== 
Running main() from /build/googletest-K1TalW/googletest-1.10.0/googletest/src/gtest_main.cc
Note: Google Test filter = HeapTest.FiveElementPush_TrinaryHeap
[==========] Running 1 test from 1 test suite.
[----------] Global test environment set-up.
[----------] 1 test from HeapTest
[ RUN      ] HeapTest.FiveElementPush_TrinaryHeap
[       OK ] HeapTest.FiveElementPush_TrinaryHeap (6 ms)
[----------] 1 test from HeapTest (8 ms total)

[----------] Global test environment tear-down
[==========] 1 test from 1 test suite ran. (15 ms total)
[  PASSED  ] 1 test.
==543== 
==543== HEAP SUMMARY:
==543==     in use at exit: 0 bytes in 0 blocks
==543==   total heap usage: 461 allocs, 461 frees, 131,092 bytes allocated
==543== 
==543== All heap blocks were freed -- no leaks are possible
==543== 
==543== For lists of detected and suppressed errors, rerun with: -s
==543== ERROR SUMMARY: 0 errors from 0 contexts (suppressed: 0 from 0)
<end of output>
Test time =   0.40 sec
----------------------------------------------------------
Test Passed.
"HeapTest.FiveElementPush_TrinaryHeap" end time: Feb 21 11:39 PST
"HeapTest.FiveElementPush_TrinaryHeap" time elapsed: 00:00:00
----------------------------------------------------------

21/25 Testing: HeapTest.SixElementPush_QuaternaryHeap
21/25 Test: HeapTest.SixElementPush_QuaternaryHeap
Command: "/usr/bin/valgrind" "--tool=memcheck" "--leak-check=yes" "--trace-children=no" "--error-exitcode=113" "/work/hw3/hw3/hw3_tests/heap_tests/heap_tests" "--gtest_filter=HeapTest.SixElementPush_QuaternaryHeap"
Directory: /work/hw3/hw3/hw3_tests/heap_tests
"HeapTest.SixElementPush_QuaternaryHeap" start time: Feb 21 11:39 PST
Output:
----------------------------------------------------------
==544== Memcheck, a memory error detector
==544== Copyright (C) 2002-2017, and GNU GPL'd, by Julian Seward et al.
==544== Using Valgrind-3.15.0 and LibVEX; rerun with -h for copyright info
==544== Command: /work/hw3/hw3/hw3_tests/heap_tests/heap_tests --gtest_filter=HeapTest.SixElementPush_QuaternaryHeap
==544== 
Running main() from /build/googletest-K1TalW/googletest-1.10.0/googletest/src/gtest_main.cc
Note: Google Test filter = HeapTest.SixElementPush_QuaternaryHeap
[==========] Running 1 test from 1 test suite.
[----------] Global test environment set-up.
[----------] 1 test from HeapTest
[ RUN      ] HeapTest.SixElementPush_QuaternaryHeap
[       OK ] HeapTest.SixElementPush_QuaternaryHeap (6 ms)
[----------] 1 test from HeapTest (8 ms total)

[----------] Global test environment tear-down
[==========] 1 test from 1 test suite ran. (15 ms total)
[  PASSED  ] 1 test.
==544== 
==544== HEAP SUMMARY:
==544==     in use at exit: 0 bytes in 0 blocks
==544==   total heap usage: 461 allocs, 461 frees, 131,160 bytes allocated
==544== 
==544== All heap blocks were freed -- no leaks are possible
==544== 
==544== For lists of detected and suppressed errors, rerun with: -s
==544== ERROR SUMMARY: 0 errors from 0 contexts (suppressed: 0 from 0)
<end of output>
Test time =   0.40 sec
----------------------------------------------------------
Test Passed.
"HeapTest.SixElementPush_QuaternaryHeap" end time: Feb 21 11:39 PST
"HeapTest.SixElementPush_QuaternaryHeap" time elapsed: 00:00:00
----------------------------------------------------------

22/25 Testing: HeapStress.50x50RandomElements_BinaryHeap
22/25 Test: HeapStress.50x50RandomElements_BinaryHeap
Command: "/usr/bin/valgrind" "--tool=memcheck" "--leak-check=yes" "--trace-children=no" "--error-exitcode=113" "/work/hw3/hw3/hw3_tests/heap_tests/heap_tests" "--gtest_filter=HeapStress.50x50RandomElements_BinaryHeap"
Directory: /work/hw3/hw3/hw3_tests/heap_tests
"HeapStress.50x50RandomElements_BinaryHeap" start time: Feb 21 11:39 PST
Output:
----------------------------------------------------------
==545== Memcheck, a memory error detector
==545== Copyright (C) 2002-2017, and GNU GPL'd, by Julian Seward et al.
==545== Using Valgrind-3.15.0 and LibVEX; rerun with -h for copyright info
==545== Command: /work/hw3/hw3/hw3_tests/heap_tests/heap_tests --gtest_filter=HeapStress.50x50RandomElements_BinaryHeap
==545== 
Running main() from /build/googletest-K1TalW/googletest-1.10.0/googletest/src/gtest_main.cc
Note: Google Test filter = HeapStress.50x50RandomElements_BinaryHeap
[==========] Running 1 test from 1 test suite.
[----------] Global test environment set-up.
[----------] 1 test from HeapStress
[ RUN      ] HeapStress.50x50RandomElements_BinaryHeap
[       OK ] HeapStress.50x50RandomElements_BinaryHeap (83 ms)
[----------] 1 test from HeapStress (85 ms total)

[----------] Global test environment tear-down
[==========] 1 test from 1 test suite ran. (92 ms total)
[  PASSED  ] 1 test.
==545== 
==545== HEAP SUMMARY:
==545==     in use at exit: 0 bytes in 0 blocks
==545==   total heap usage: 958 allocs, 958 frees, 178,794 bytes allocated
==545== 
==545== All heap blocks were freed -- no leaks are possible
==545== 
==545== For lists of detected and suppressed errors, rerun with: -s
==545== ERROR SUMMARY: 0 errors from 0 contexts (suppressed: 0 from 0)
<end of output>
Test time =   0.48 sec
----------------------------------------------------------
Test Passed.
"HeapStress.50x50RandomElements_BinaryHeap" end time: Feb 21 11:39 PST
"HeapStress.50x50RandomElements_BinaryHeap" time elapsed: 00:00:00
----------------------------------------------------------

23/25 Testing: HeapStress.50x50RandomElements_QuaternaryHeap
23/25 Test: HeapStress.50x50RandomElements_QuaternaryHeap
Command: "/usr/bin/valgrind" "--tool=memcheck" "--leak-check=yes" "--trace-children=no" "--error-exitcode=113" "/work/hw3/hw3/hw3_tests/heap_tests/heap_tests" "--gtest_filter=HeapStress.50x50RandomElements_QuaternaryHeap"
Directory: /work/hw3/hw3/hw3_tests/heap_tests
"HeapStress.50x50RandomElements_QuaternaryHeap" start time: Feb 21 11:39 PST
Output:
----------------------------------------------------------
==546== Memcheck, a memory error detector
==546== Copyright (C) 2002-2017, and GNU GPL'd, by Julian Seward et al.
==546== Using Valgrind-3.15.0 and LibVEX; rerun with -h for copyright info
==546== Command: /work/hw3/hw3/hw3_tests/heap_tests/heap_tests --gtest_filter=HeapStress.50x50RandomElements_QuaternaryHeap
==546== 
Running main() from /build/googletest-K1TalW/googletest-1.10.0/googletest/src/gtest_main.cc
Note: Google Test filter = HeapStress.50x50RandomElements_QuaternaryHeap
[==========] Running 1 test from 1 test suite.
[----------] Global test environment set-up.
[----------] 1 test from HeapStress
[ RUN      ] HeapStress.50x50RandomElements_QuaternaryHeap
[       OK ] HeapStress.50x50RandomElements_QuaternaryHeap (81 ms)
[----------] 1 test from HeapStress (82 ms total)

[----------] Global test environment tear-down
[==========] 1 test from 1 test suite ran. (89 ms total)
[  PASSED  ] 1 test.
==546== 
==546== HEAP SUMMARY:
==546==     in use at exit: 0 bytes in 0 blocks
==546==   total heap usage: 958 allocs, 958 frees, 178,930 bytes allocated
==546== 
==546== All heap blocks were freed -- no leaks are possible
==546== 
==546== For lists of detected and suppressed errors, rerun with: -s
==546== ERROR SUMMARY: 0 errors from 0 contexts (suppressed: 0 from 0)
<end of output>
Test time =   0.47 sec
----------------------------------------------------------
Test Passed.
"HeapStress.50x50RandomElements_QuaternaryHeap" end time: Feb 21 11:39 PST
"HeapStress.50x50RandomElements_QuaternaryHeap" time elapsed: 00:00:00
----------------------------------------------------------

24/25 Testing: HeapStress.50x50RandomElements_DodecenaryHeap
24/25 Test: HeapStress.50x50RandomElements_DodecenaryHeap
Command: "/usr/bin/valgrind" "--tool=memcheck" "--leak-check=yes" "--trace-children=no" "--error-exitcode=113" "/work/hw3/hw3/hw3_tests/heap_tests/heap_tests" "--gtest_filter=HeapStress.50x50RandomElements_DodecenaryHeap"
Directory: /work/hw3/hw3/hw3_tests/heap_tests
"HeapStress.50x50RandomElements_DodecenaryHeap" start time: Feb 21 11:39 PST
Output:
----------------------------------------------------------
==547== Memcheck, a memory error detector
==547== Copyright (C) 2002-2017, and GNU GPL'd, by Julian Seward et al.
==547== Using Valgrind-3.15.0 and LibVEX; rerun with -h for copyright info
==547== Command: /work/hw3/hw3/hw3_tests/heap_tests/heap_tests --gtest_filter=HeapStress.50x50RandomElements_DodecenaryHeap
==547== 
Running main() from /build/googletest-K1TalW/googletest-1.10.0/googletest/src/gtest_main.cc
Note: Google Test filter = HeapStress.50x50RandomElements_DodecenaryHeap
[==========] Running 1 test from 1 test suite.
[----------] Global test environment set-up.
[----------] 1 test from HeapStress
[ RUN      ] HeapStress.50x50RandomElements_DodecenaryHeap
[       OK ] HeapStress.50x50RandomElements_DodecenaryHeap (85 ms)
[----------] 1 test from HeapStress (88 ms total)

[----------] Global test environment tear-down
[==========] 1 test from 1 test suite ran. (95 ms total)
[  PASSED  ] 1 test.
==547== 
==547== HEAP SUMMARY:
==547==     in use at exit: 0 bytes in 0 blocks
==547==   total heap usage: 958 allocs, 958 frees, 178,930 bytes allocated
==547== 
==547== All heap blocks were freed -- no leaks are possible
==547== 
==547== For lists of detected and suppressed errors, rerun with: -s
==547== ERROR SUMMARY: 0 errors from 0 contexts (suppressed: 0 from 0)
<end of output>
Test time =   0.48 sec
----------------------------------------------------------
Test Passed.
"HeapStress.50x50RandomElements_DodecenaryHeap" end time: Feb 21 11:39 PST
"HeapStress.50x50RandomElements_DodecenaryHeap" time elapsed: 00:00:00
----------------------------------------------------------

25/25 Testing: HeapStress.2x2000RandomElements_Binary
25/25 Test: HeapStress.2x2000RandomElements_Binary
Command: "/usr/bin/valgrind" "--tool=memcheck" "--leak-check=yes" "--trace-children=no" "--error-exitcode=113" "/work/hw3/hw3/hw3_tests/heap_tests/heap_tests" "--gtest_filter=HeapStress.2x2000RandomElements_Binary"
Directory: /work/hw3/hw3/hw3_tests/heap_tests
"HeapStress.2x2000RandomElements_Binary" start time: Feb 21 11:39 PST
Output:
----------------------------------------------------------
==548== Memcheck, a memory error detector
==548== Copyright (C) 2002-2017, and GNU GPL'd, by Julian Seward et al.
==548== Using Valgrind-3.15.0 and LibVEX; rerun with -h for copyright info
==548== Command: /work/hw3/hw3/hw3_tests/heap_tests/heap_tests --gtest_filter=HeapStress.2x2000RandomElements_Binary
==548== 
Running main() from /build/googletest-K1TalW/googletest-1.10.0/googletest/src/gtest_main.cc
Note: Google Test filter = HeapStress.2x2000RandomElements_Binary
[==========] Running 1 test from 1 test suite.
[----------] Global test environment set-up.
[----------] 1 test from HeapStress
[ RUN      ] HeapStress.2x2000RandomElements_Binary
[       OK ] HeapStress.2x2000RandomElements_Binary (116 ms)
[----------] 1 test from HeapStress (119 ms total)

[----------] Global test environment tear-down
[==========] 1 test from 1 test suite ran. (126 ms total)
[  PASSED  ] 1 test.
==548== 
==548== HEAP SUMMARY:
==548==     in use at exit: 0 bytes in 0 blocks
==548==   total heap usage: 488 allocs, 488 frees, 195,940 bytes allocated
==548== 
==548== All heap blocks were freed -- no leaks are possible
==548== 
==548== For lists of detected and suppressed errors, rerun with: -s
==548== ERROR SUMMARY: 0 errors from 0 contexts (suppressed: 0 from 0)
<end of output>
Test time =   0.51 sec
----------------------------------------------------------
Test Passed.
"HeapStress.2x2000RandomElements_Binary" end time: Feb 21 11:39 PST
"HeapStress.2x2000RandomElements_Binary" time elapsed: 00:00:00
----------------------------------------------------------

End testing: Feb 21 11:39 PST
