Start testing: Feb 22 10:24 PST
----------------------------------------------------------
1/50 Testing: Pivot.Empty
1/50 Test: Pivot.Empty
Command: "/usr/bin/valgrind" "--tool=memcheck" "--leak-check=yes" "--trace-children=no" "--error-exitcode=113" "/work/hw3/hw3/hw3_tests/llrec_tests/llrec_tests" "--gtest_filter=Pivot.Empty"
Directory: /work/hw3/hw3/hw3_tests/llrec_tests
"Pivot.Empty" start time: Feb 22 10:24 PST
Output:
----------------------------------------------------------
==618== Memcheck, a memory error detector
==618== Copyright (C) 2002-2017, and GNU GPL'd, by Julian Seward et al.
==618== Using Valgrind-3.15.0 and LibVEX; rerun with -h for copyright info
==618== Command: /work/hw3/hw3/hw3_tests/llrec_tests/llrec_tests --gtest_filter=Pivot.Empty
==618== 
Running main() from /build/googletest-K1TalW/googletest-1.10.0/googletest/src/gtest_main.cc
Note: Google Test filter = Pivot.Empty
[==========] Running 1 test from 1 test suite.
[----------] Global test environment set-up.
[----------] 1 test from Pivot
[ RUN      ] Pivot.Empty
[       OK ] Pivot.Empty (3 ms)
[----------] 1 test from Pivot (5 ms total)

[----------] Global test environment tear-down
[==========] 1 test from 1 test suite ran. (14 ms total)
[  PASSED  ] 1 test.
==618== 
==618== HEAP SUMMARY:
==618==     in use at exit: 0 bytes in 0 blocks
==618==   total heap usage: 372 allocs, 372 frees, 127,574 bytes allocated
==618== 
==618== All heap blocks were freed -- no leaks are possible
==618== 
==618== For lists of detected and suppressed errors, rerun with: -s
==618== ERROR SUMMARY: 0 errors from 0 contexts (suppressed: 0 from 0)
<end of output>
Test time =   0.75 sec
----------------------------------------------------------
Test Passed.
"Pivot.Empty" end time: Feb 22 10:24 PST
"Pivot.Empty" time elapsed: 00:00:00
----------------------------------------------------------

2/50 Testing: Pivot.Size1SmallEmpty
2/50 Test: Pivot.Size1SmallEmpty
Command: "/usr/bin/valgrind" "--tool=memcheck" "--leak-check=yes" "--trace-children=no" "--error-exitcode=113" "/work/hw3/hw3/hw3_tests/llrec_tests/llrec_tests" "--gtest_filter=Pivot.Size1SmallEmpty"
Directory: /work/hw3/hw3/hw3_tests/llrec_tests
"Pivot.Size1SmallEmpty" start time: Feb 22 10:24 PST
Output:
----------------------------------------------------------
==619== Memcheck, a memory error detector
==619== Copyright (C) 2002-2017, and GNU GPL'd, by Julian Seward et al.
==619== Using Valgrind-3.15.0 and LibVEX; rerun with -h for copyright info
==619== Command: /work/hw3/hw3/hw3_tests/llrec_tests/llrec_tests --gtest_filter=Pivot.Size1SmallEmpty
==619== 
Running main() from /build/googletest-K1TalW/googletest-1.10.0/googletest/src/gtest_main.cc
Note: Google Test filter = Pivot.Size1SmallEmpty
[==========] Running 1 test from 1 test suite.
[----------] Global test environment set-up.
[----------] 1 test from Pivot
[ RUN      ] Pivot.Size1SmallEmpty
[       OK ] Pivot.Size1SmallEmpty (7 ms)
[----------] 1 test from Pivot (8 ms total)

[----------] Global test environment tear-down
[==========] 1 test from 1 test suite ran. (18 ms total)
[  PASSED  ] 1 test.
==619== 
==619== HEAP SUMMARY:
==619==     in use at exit: 0 bytes in 0 blocks
==619==   total heap usage: 400 allocs, 400 frees, 128,435 bytes allocated
==619== 
==619== All heap blocks were freed -- no leaks are possible
==619== 
==619== For lists of detected and suppressed errors, rerun with: -s
==619== ERROR SUMMARY: 0 errors from 0 contexts (suppressed: 0 from 0)
<end of output>
Test time =   0.51 sec
----------------------------------------------------------
Test Passed.
"Pivot.Size1SmallEmpty" end time: Feb 22 10:24 PST
"Pivot.Size1SmallEmpty" time elapsed: 00:00:00
----------------------------------------------------------

3/50 Testing: Pivot.Size1LargeEmpty
3/50 Test: Pivot.Size1LargeEmpty
Command: "/usr/bin/valgrind" "--tool=memcheck" "--leak-check=yes" "--trace-children=no" "--error-exitcode=113" "/work/hw3/hw3/hw3_tests/llrec_tests/llrec_tests" "--gtest_filter=Pivot.Size1LargeEmpty"
Directory: /work/hw3/hw3/hw3_tests/llrec_tests
"Pivot.Size1LargeEmpty" start time: Feb 22 10:24 PST
Output:
----------------------------------------------------------
==620== Memcheck, a memory error detector
==620== Copyright (C) 2002-2017, and GNU GPL'd, by Julian Seward et al.
==620== Using Valgrind-3.15.0 and LibVEX; rerun with -h for copyright info
==620== Command: /work/hw3/hw3/hw3_tests/llrec_tests/llrec_tests --gtest_filter=Pivot.Size1LargeEmpty
==620== 
Running main() from /build/googletest-K1TalW/googletest-1.10.0/googletest/src/gtest_main.cc
Note: Google Test filter = Pivot.Size1LargeEmpty
[==========] Running 1 test from 1 test suite.
[----------] Global test environment set-up.
[----------] 1 test from Pivot
[ RUN      ] Pivot.Size1LargeEmpty
[       OK ] Pivot.Size1LargeEmpty (9 ms)
[----------] 1 test from Pivot (12 ms total)

[----------] Global test environment tear-down
[==========] 1 test from 1 test suite ran. (22 ms total)
[  PASSED  ] 1 test.
==620== 
==620== HEAP SUMMARY:
==620==     in use at exit: 0 bytes in 0 blocks
==620==   total heap usage: 400 allocs, 400 frees, 128,435 bytes allocated
==620== 
==620== All heap blocks were freed -- no leaks are possible
==620== 
==620== For lists of detected and suppressed errors, rerun with: -s
==620== ERROR SUMMARY: 0 errors from 0 contexts (suppressed: 0 from 0)
<end of output>
Test time =   0.55 sec
----------------------------------------------------------
Test Passed.
"Pivot.Size1LargeEmpty" end time: Feb 22 10:24 PST
"Pivot.Size1LargeEmpty" time elapsed: 00:00:00
----------------------------------------------------------

4/50 Testing: Pivot.Size2SmallLarge
4/50 Test: Pivot.Size2SmallLarge
Command: "/usr/bin/valgrind" "--tool=memcheck" "--leak-check=yes" "--trace-children=no" "--error-exitcode=113" "/work/hw3/hw3/hw3_tests/llrec_tests/llrec_tests" "--gtest_filter=Pivot.Size2SmallLarge"
Directory: /work/hw3/hw3/hw3_tests/llrec_tests
"Pivot.Size2SmallLarge" start time: Feb 22 10:24 PST
Output:
----------------------------------------------------------
==621== Memcheck, a memory error detector
==621== Copyright (C) 2002-2017, and GNU GPL'd, by Julian Seward et al.
==621== Using Valgrind-3.15.0 and LibVEX; rerun with -h for copyright info
==621== Command: /work/hw3/hw3/hw3_tests/llrec_tests/llrec_tests --gtest_filter=Pivot.Size2SmallLarge
==621== 
Running main() from /build/googletest-K1TalW/googletest-1.10.0/googletest/src/gtest_main.cc
Note: Google Test filter = Pivot.Size2SmallLarge
[==========] Running 1 test from 1 test suite.
[----------] Global test environment set-up.
[----------] 1 test from Pivot
[ RUN      ] Pivot.Size2SmallLarge
[       OK ] Pivot.Size2SmallLarge (8 ms)
[----------] 1 test from Pivot (9 ms total)

[----------] Global test environment tear-down
[==========] 1 test from 1 test suite ran. (20 ms total)
[  PASSED  ] 1 test.
==621== 
==621== HEAP SUMMARY:
==621==     in use at exit: 0 bytes in 0 blocks
==621==   total heap usage: 402 allocs, 402 frees, 128,459 bytes allocated
==621== 
==621== All heap blocks were freed -- no leaks are possible
==621== 
==621== For lists of detected and suppressed errors, rerun with: -s
==621== ERROR SUMMARY: 0 errors from 0 contexts (suppressed: 0 from 0)
<end of output>
Test time =   0.58 sec
----------------------------------------------------------
Test Passed.
"Pivot.Size2SmallLarge" end time: Feb 22 10:24 PST
"Pivot.Size2SmallLarge" time elapsed: 00:00:00
----------------------------------------------------------

5/50 Testing: Pivot.Size2LargeSmall
5/50 Test: Pivot.Size2LargeSmall
Command: "/usr/bin/valgrind" "--tool=memcheck" "--leak-check=yes" "--trace-children=no" "--error-exitcode=113" "/work/hw3/hw3/hw3_tests/llrec_tests/llrec_tests" "--gtest_filter=Pivot.Size2LargeSmall"
Directory: /work/hw3/hw3/hw3_tests/llrec_tests
"Pivot.Size2LargeSmall" start time: Feb 22 10:24 PST
Output:
----------------------------------------------------------
==622== Memcheck, a memory error detector
==622== Copyright (C) 2002-2017, and GNU GPL'd, by Julian Seward et al.
==622== Using Valgrind-3.15.0 and LibVEX; rerun with -h for copyright info
==622== Command: /work/hw3/hw3/hw3_tests/llrec_tests/llrec_tests --gtest_filter=Pivot.Size2LargeSmall
==622== 
Running main() from /build/googletest-K1TalW/googletest-1.10.0/googletest/src/gtest_main.cc
Note: Google Test filter = Pivot.Size2LargeSmall
[==========] Running 1 test from 1 test suite.
[----------] Global test environment set-up.
[----------] 1 test from Pivot
[ RUN      ] Pivot.Size2LargeSmall
[       OK ] Pivot.Size2LargeSmall (13 ms)
[----------] 1 test from Pivot (17 ms total)

[----------] Global test environment tear-down
[==========] 1 test from 1 test suite ran. (27 ms total)
[  PASSED  ] 1 test.
==622== 
==622== HEAP SUMMARY:
==622==     in use at exit: 0 bytes in 0 blocks
==622==   total heap usage: 402 allocs, 402 frees, 128,459 bytes allocated
==622== 
==622== All heap blocks were freed -- no leaks are possible
==622== 
==622== For lists of detected and suppressed errors, rerun with: -s
==622== ERROR SUMMARY: 0 errors from 0 contexts (suppressed: 0 from 0)
<end of output>
Test time =   0.52 sec
----------------------------------------------------------
Test Passed.
"Pivot.Size2LargeSmall" end time: Feb 22 10:24 PST
"Pivot.Size2LargeSmall" time elapsed: 00:00:00
----------------------------------------------------------

6/50 Testing: Pivot.Size3LargeSmallLarge
6/50 Test: Pivot.Size3LargeSmallLarge
Command: "/usr/bin/valgrind" "--tool=memcheck" "--leak-check=yes" "--trace-children=no" "--error-exitcode=113" "/work/hw3/hw3/hw3_tests/llrec_tests/llrec_tests" "--gtest_filter=Pivot.Size3LargeSmallLarge"
Directory: /work/hw3/hw3/hw3_tests/llrec_tests
"Pivot.Size3LargeSmallLarge" start time: Feb 22 10:24 PST
Output:
----------------------------------------------------------
==623== Memcheck, a memory error detector
==623== Copyright (C) 2002-2017, and GNU GPL'd, by Julian Seward et al.
==623== Using Valgrind-3.15.0 and LibVEX; rerun with -h for copyright info
==623== Command: /work/hw3/hw3/hw3_tests/llrec_tests/llrec_tests --gtest_filter=Pivot.Size3LargeSmallLarge
==623== 
Running main() from /build/googletest-K1TalW/googletest-1.10.0/googletest/src/gtest_main.cc
Note: Google Test filter = Pivot.Size3LargeSmallLarge
[==========] Running 1 test from 1 test suite.
[----------] Global test environment set-up.
[----------] 1 test from Pivot
[ RUN      ] Pivot.Size3LargeSmallLarge
[       OK ] Pivot.Size3LargeSmallLarge (10 ms)
[----------] 1 test from Pivot (12 ms total)

[----------] Global test environment tear-down
[==========] 1 test from 1 test suite ran. (24 ms total)
[  PASSED  ] 1 test.
==623== 
==623== HEAP SUMMARY:
==623==     in use at exit: 0 bytes in 0 blocks
==623==   total heap usage: 403 allocs, 403 frees, 128,518 bytes allocated
==623== 
==623== All heap blocks were freed -- no leaks are possible
==623== 
==623== For lists of detected and suppressed errors, rerun with: -s
==623== ERROR SUMMARY: 0 errors from 0 contexts (suppressed: 0 from 0)
<end of output>
Test time =   0.62 sec
----------------------------------------------------------
Test Passed.
"Pivot.Size3LargeSmallLarge" end time: Feb 22 10:24 PST
"Pivot.Size3LargeSmallLarge" time elapsed: 00:00:00
----------------------------------------------------------

7/50 Testing: Pivot.Size3SmallLargeSmall
7/50 Test: Pivot.Size3SmallLargeSmall
Command: "/usr/bin/valgrind" "--tool=memcheck" "--leak-check=yes" "--trace-children=no" "--error-exitcode=113" "/work/hw3/hw3/hw3_tests/llrec_tests/llrec_tests" "--gtest_filter=Pivot.Size3SmallLargeSmall"
Directory: /work/hw3/hw3/hw3_tests/llrec_tests
"Pivot.Size3SmallLargeSmall" start time: Feb 22 10:24 PST
Output:
----------------------------------------------------------
==624== Memcheck, a memory error detector
==624== Copyright (C) 2002-2017, and GNU GPL'd, by Julian Seward et al.
==624== Using Valgrind-3.15.0 and LibVEX; rerun with -h for copyright info
==624== Command: /work/hw3/hw3/hw3_tests/llrec_tests/llrec_tests --gtest_filter=Pivot.Size3SmallLargeSmall
==624== 
Running main() from /build/googletest-K1TalW/googletest-1.10.0/googletest/src/gtest_main.cc
Note: Google Test filter = Pivot.Size3SmallLargeSmall
[==========] Running 1 test from 1 test suite.
[----------] Global test environment set-up.
[----------] 1 test from Pivot
[ RUN      ] Pivot.Size3SmallLargeSmall
[       OK ] Pivot.Size3SmallLargeSmall (9 ms)
[----------] 1 test from Pivot (12 ms total)

[----------] Global test environment tear-down
[==========] 1 test from 1 test suite ran. (22 ms total)
[  PASSED  ] 1 test.
==624== 
==624== HEAP SUMMARY:
==624==     in use at exit: 0 bytes in 0 blocks
==624==   total heap usage: 403 allocs, 403 frees, 128,518 bytes allocated
==624== 
==624== All heap blocks were freed -- no leaks are possible
==624== 
==624== For lists of detected and suppressed errors, rerun with: -s
==624== ERROR SUMMARY: 0 errors from 0 contexts (suppressed: 0 from 0)
<end of output>
Test time =   0.58 sec
----------------------------------------------------------
Test Passed.
"Pivot.Size3SmallLargeSmall" end time: Feb 22 10:24 PST
"Pivot.Size3SmallLargeSmall" time elapsed: 00:00:00
----------------------------------------------------------

8/50 Testing: Pivot.Size3LargeLargeSmall
8/50 Test: Pivot.Size3LargeLargeSmall
Command: "/usr/bin/valgrind" "--tool=memcheck" "--leak-check=yes" "--trace-children=no" "--error-exitcode=113" "/work/hw3/hw3/hw3_tests/llrec_tests/llrec_tests" "--gtest_filter=Pivot.Size3LargeLargeSmall"
Directory: /work/hw3/hw3/hw3_tests/llrec_tests
"Pivot.Size3LargeLargeSmall" start time: Feb 22 10:24 PST
Output:
----------------------------------------------------------
==625== Memcheck, a memory error detector
==625== Copyright (C) 2002-2017, and GNU GPL'd, by Julian Seward et al.
==625== Using Valgrind-3.15.0 and LibVEX; rerun with -h for copyright info
==625== Command: /work/hw3/hw3/hw3_tests/llrec_tests/llrec_tests --gtest_filter=Pivot.Size3LargeLargeSmall
==625== 
Running main() from /build/googletest-K1TalW/googletest-1.10.0/googletest/src/gtest_main.cc
Note: Google Test filter = Pivot.Size3LargeLargeSmall
[==========] Running 1 test from 1 test suite.
[----------] Global test environment set-up.
[----------] 1 test from Pivot
[ RUN      ] Pivot.Size3LargeLargeSmall
[       OK ] Pivot.Size3LargeLargeSmall (7 ms)
[----------] 1 test from Pivot (9 ms total)

[----------] Global test environment tear-down
[==========] 1 test from 1 test suite ran. (18 ms total)
[  PASSED  ] 1 test.
==625== 
==625== HEAP SUMMARY:
==625==     in use at exit: 0 bytes in 0 blocks
==625==   total heap usage: 403 allocs, 403 frees, 128,518 bytes allocated
==625== 
==625== All heap blocks were freed -- no leaks are possible
==625== 
==625== For lists of detected and suppressed errors, rerun with: -s
==625== ERROR SUMMARY: 0 errors from 0 contexts (suppressed: 0 from 0)
<end of output>
Test time =   0.52 sec
----------------------------------------------------------
Test Passed.
"Pivot.Size3LargeLargeSmall" end time: Feb 22 10:24 PST
"Pivot.Size3LargeLargeSmall" time elapsed: 00:00:00
----------------------------------------------------------

9/50 Testing: Pivot.Size6SmallThenLarge
9/50 Test: Pivot.Size6SmallThenLarge
Command: "/usr/bin/valgrind" "--tool=memcheck" "--leak-check=yes" "--trace-children=no" "--error-exitcode=113" "/work/hw3/hw3/hw3_tests/llrec_tests/llrec_tests" "--gtest_filter=Pivot.Size6SmallThenLarge"
Directory: /work/hw3/hw3/hw3_tests/llrec_tests
"Pivot.Size6SmallThenLarge" start time: Feb 22 10:24 PST
Output:
----------------------------------------------------------
==626== Memcheck, a memory error detector
==626== Copyright (C) 2002-2017, and GNU GPL'd, by Julian Seward et al.
==626== Using Valgrind-3.15.0 and LibVEX; rerun with -h for copyright info
==626== Command: /work/hw3/hw3/hw3_tests/llrec_tests/llrec_tests --gtest_filter=Pivot.Size6SmallThenLarge
==626== 
Running main() from /build/googletest-K1TalW/googletest-1.10.0/googletest/src/gtest_main.cc
Note: Google Test filter = Pivot.Size6SmallThenLarge
[==========] Running 1 test from 1 test suite.
[----------] Global test environment set-up.
[----------] 1 test from Pivot
[ RUN      ] Pivot.Size6SmallThenLarge
[       OK ] Pivot.Size6SmallThenLarge (8 ms)
[----------] 1 test from Pivot (9 ms total)

[----------] Global test environment tear-down
[==========] 1 test from 1 test suite ran. (18 ms total)
[  PASSED  ] 1 test.
==626== 
==626== HEAP SUMMARY:
==626==     in use at exit: 0 bytes in 0 blocks
==626==   total heap usage: 406 allocs, 406 frees, 128,583 bytes allocated
==626== 
==626== All heap blocks were freed -- no leaks are possible
==626== 
==626== For lists of detected and suppressed errors, rerun with: -s
==626== ERROR SUMMARY: 0 errors from 0 contexts (suppressed: 0 from 0)
<end of output>
Test time =   0.49 sec
----------------------------------------------------------
Test Passed.
"Pivot.Size6SmallThenLarge" end time: Feb 22 10:24 PST
"Pivot.Size6SmallThenLarge" time elapsed: 00:00:00
----------------------------------------------------------

10/50 Testing: Pivot.Size6LargeThenSmall
10/50 Test: Pivot.Size6LargeThenSmall
Command: "/usr/bin/valgrind" "--tool=memcheck" "--leak-check=yes" "--trace-children=no" "--error-exitcode=113" "/work/hw3/hw3/hw3_tests/llrec_tests/llrec_tests" "--gtest_filter=Pivot.Size6LargeThenSmall"
Directory: /work/hw3/hw3/hw3_tests/llrec_tests
"Pivot.Size6LargeThenSmall" start time: Feb 22 10:24 PST
Output:
----------------------------------------------------------
==627== Memcheck, a memory error detector
==627== Copyright (C) 2002-2017, and GNU GPL'd, by Julian Seward et al.
==627== Using Valgrind-3.15.0 and LibVEX; rerun with -h for copyright info
==627== Command: /work/hw3/hw3/hw3_tests/llrec_tests/llrec_tests --gtest_filter=Pivot.Size6LargeThenSmall
==627== 
Running main() from /build/googletest-K1TalW/googletest-1.10.0/googletest/src/gtest_main.cc
Note: Google Test filter = Pivot.Size6LargeThenSmall
[==========] Running 1 test from 1 test suite.
[----------] Global test environment set-up.
[----------] 1 test from Pivot
[ RUN      ] Pivot.Size6LargeThenSmall
[       OK ] Pivot.Size6LargeThenSmall (7 ms)
[----------] 1 test from Pivot (10 ms total)

[----------] Global test environment tear-down
[==========] 1 test from 1 test suite ran. (18 ms total)
[  PASSED  ] 1 test.
==627== 
==627== HEAP SUMMARY:
==627==     in use at exit: 0 bytes in 0 blocks
==627==   total heap usage: 406 allocs, 406 frees, 128,583 bytes allocated
==627== 
==627== All heap blocks were freed -- no leaks are possible
==627== 
==627== For lists of detected and suppressed errors, rerun with: -s
==627== ERROR SUMMARY: 0 errors from 0 contexts (suppressed: 0 from 0)
<end of output>
Test time =   0.49 sec
----------------------------------------------------------
Test Passed.
"Pivot.Size6LargeThenSmall" end time: Feb 22 10:24 PST
"Pivot.Size6LargeThenSmall" time elapsed: 00:00:00
----------------------------------------------------------

11/50 Testing: Pivot.Nominal
11/50 Test: Pivot.Nominal
Command: "/usr/bin/valgrind" "--tool=memcheck" "--leak-check=yes" "--trace-children=no" "--error-exitcode=113" "/work/hw3/hw3/hw3_tests/llrec_tests/llrec_tests" "--gtest_filter=Pivot.Nominal"
Directory: /work/hw3/hw3/hw3_tests/llrec_tests
"Pivot.Nominal" start time: Feb 22 10:24 PST
Output:
----------------------------------------------------------
==628== Memcheck, a memory error detector
==628== Copyright (C) 2002-2017, and GNU GPL'd, by Julian Seward et al.
==628== Using Valgrind-3.15.0 and LibVEX; rerun with -h for copyright info
==628== Command: /work/hw3/hw3/hw3_tests/llrec_tests/llrec_tests --gtest_filter=Pivot.Nominal
==628== 
Running main() from /build/googletest-K1TalW/googletest-1.10.0/googletest/src/gtest_main.cc
Note: Google Test filter = Pivot.Nominal
[==========] Running 1 test from 1 test suite.
[----------] Global test environment set-up.
[----------] 1 test from Pivot
[ RUN      ] Pivot.Nominal
[       OK ] Pivot.Nominal (7 ms)
[----------] 1 test from Pivot (9 ms total)

[----------] Global test environment tear-down
[==========] 1 test from 1 test suite ran. (18 ms total)
[  PASSED  ] 1 test.
==628== 
==628== HEAP SUMMARY:
==628==     in use at exit: 0 bytes in 0 blocks
==628==   total heap usage: 379 allocs, 379 frees, 127,680 bytes allocated
==628== 
==628== All heap blocks were freed -- no leaks are possible
==628== 
==628== For lists of detected and suppressed errors, rerun with: -s
==628== ERROR SUMMARY: 0 errors from 0 contexts (suppressed: 0 from 0)
<end of output>
Test time =   0.49 sec
----------------------------------------------------------
Test Passed.
"Pivot.Nominal" end time: Feb 22 10:24 PST
"Pivot.Nominal" time elapsed: 00:00:00
----------------------------------------------------------

12/50 Testing: Pivot.SameValues
12/50 Test: Pivot.SameValues
Command: "/usr/bin/valgrind" "--tool=memcheck" "--leak-check=yes" "--trace-children=no" "--error-exitcode=113" "/work/hw3/hw3/hw3_tests/llrec_tests/llrec_tests" "--gtest_filter=Pivot.SameValues"
Directory: /work/hw3/hw3/hw3_tests/llrec_tests
"Pivot.SameValues" start time: Feb 22 10:24 PST
Output:
----------------------------------------------------------
==629== Memcheck, a memory error detector
==629== Copyright (C) 2002-2017, and GNU GPL'd, by Julian Seward et al.
==629== Using Valgrind-3.15.0 and LibVEX; rerun with -h for copyright info
==629== Command: /work/hw3/hw3/hw3_tests/llrec_tests/llrec_tests --gtest_filter=Pivot.SameValues
==629== 
Running main() from /build/googletest-K1TalW/googletest-1.10.0/googletest/src/gtest_main.cc
Note: Google Test filter = Pivot.SameValues
[==========] Running 1 test from 1 test suite.
[----------] Global test environment set-up.
[----------] 1 test from Pivot
[ RUN      ] Pivot.SameValues
[       OK ] Pivot.SameValues (7 ms)
[----------] 1 test from Pivot (9 ms total)

[----------] Global test environment tear-down
[==========] 1 test from 1 test suite ran. (18 ms total)
[  PASSED  ] 1 test.
==629== 
==629== HEAP SUMMARY:
==629==     in use at exit: 0 bytes in 0 blocks
==629==   total heap usage: 403 allocs, 403 frees, 128,472 bytes allocated
==629== 
==629== All heap blocks were freed -- no leaks are possible
==629== 
==629== For lists of detected and suppressed errors, rerun with: -s
==629== ERROR SUMMARY: 0 errors from 0 contexts (suppressed: 0 from 0)
<end of output>
Test time =   0.50 sec
----------------------------------------------------------
Test Passed.
"Pivot.SameValues" end time: Feb 22 10:24 PST
"Pivot.SameValues" time elapsed: 00:00:00
----------------------------------------------------------

13/50 Testing: Pivot.NoCopySameNodeCheck
13/50 Test: Pivot.NoCopySameNodeCheck
Command: "/usr/bin/valgrind" "--tool=memcheck" "--leak-check=yes" "--trace-children=no" "--error-exitcode=113" "/work/hw3/hw3/hw3_tests/llrec_tests/llrec_tests" "--gtest_filter=Pivot.NoCopySameNodeCheck"
Directory: /work/hw3/hw3/hw3_tests/llrec_tests
"Pivot.NoCopySameNodeCheck" start time: Feb 22 10:24 PST
Output:
----------------------------------------------------------
==630== Memcheck, a memory error detector
==630== Copyright (C) 2002-2017, and GNU GPL'd, by Julian Seward et al.
==630== Using Valgrind-3.15.0 and LibVEX; rerun with -h for copyright info
==630== Command: /work/hw3/hw3/hw3_tests/llrec_tests/llrec_tests --gtest_filter=Pivot.NoCopySameNodeCheck
==630== 
Running main() from /build/googletest-K1TalW/googletest-1.10.0/googletest/src/gtest_main.cc
Note: Google Test filter = Pivot.NoCopySameNodeCheck
[==========] Running 1 test from 1 test suite.
[----------] Global test environment set-up.
[----------] 1 test from Pivot
[ RUN      ] Pivot.NoCopySameNodeCheck
[       OK ] Pivot.NoCopySameNodeCheck (11 ms)
[----------] 1 test from Pivot (13 ms total)

[----------] Global test environment tear-down
[==========] 1 test from 1 test suite ran. (22 ms total)
[  PASSED  ] 1 test.
==630== 
==630== HEAP SUMMARY:
==630==     in use at exit: 0 bytes in 0 blocks
==630==   total heap usage: 407 allocs, 407 frees, 128,591 bytes allocated
==630== 
==630== All heap blocks were freed -- no leaks are possible
==630== 
==630== For lists of detected and suppressed errors, rerun with: -s
==630== ERROR SUMMARY: 0 errors from 0 contexts (suppressed: 0 from 0)
<end of output>
Test time =   0.52 sec
----------------------------------------------------------
Test Passed.
"Pivot.NoCopySameNodeCheck" end time: Feb 22 10:24 PST
"Pivot.NoCopySameNodeCheck" time elapsed: 00:00:00
----------------------------------------------------------

14/50 Testing: Filter.EmptyList
14/50 Test: Filter.EmptyList
Command: "/usr/bin/valgrind" "--tool=memcheck" "--leak-check=yes" "--trace-children=no" "--error-exitcode=113" "/work/hw3/hw3/hw3_tests/llrec_tests/llrec_tests" "--gtest_filter=Filter.EmptyList"
Directory: /work/hw3/hw3/hw3_tests/llrec_tests
"Filter.EmptyList" start time: Feb 22 10:24 PST
Output:
----------------------------------------------------------
==631== Memcheck, a memory error detector
==631== Copyright (C) 2002-2017, and GNU GPL'd, by Julian Seward et al.
==631== Using Valgrind-3.15.0 and LibVEX; rerun with -h for copyright info
==631== Command: /work/hw3/hw3/hw3_tests/llrec_tests/llrec_tests --gtest_filter=Filter.EmptyList
==631== 
Running main() from /build/googletest-K1TalW/googletest-1.10.0/googletest/src/gtest_main.cc
Note: Google Test filter = Filter.EmptyList
[==========] Running 1 test from 1 test suite.
[----------] Global test environment set-up.
[----------] 1 test from Filter
[ RUN      ] Filter.EmptyList
[       OK ] Filter.EmptyList (4 ms)
[----------] 1 test from Filter (6 ms total)

[----------] Global test environment tear-down
[==========] 1 test from 1 test suite ran. (15 ms total)
[  PASSED  ] 1 test.
==631== 
==631== HEAP SUMMARY:
==631==     in use at exit: 0 bytes in 0 blocks
==631==   total heap usage: 397 allocs, 397 frees, 128,376 bytes allocated
==631== 
==631== All heap blocks were freed -- no leaks are possible
==631== 
==631== For lists of detected and suppressed errors, rerun with: -s
==631== ERROR SUMMARY: 0 errors from 0 contexts (suppressed: 0 from 0)
<end of output>
Test time =   0.50 sec
----------------------------------------------------------
Test Passed.
"Filter.EmptyList" end time: Feb 22 10:24 PST
"Filter.EmptyList" time elapsed: 00:00:00
----------------------------------------------------------

15/50 Testing: Filter.Size1_F
15/50 Test: Filter.Size1_F
Command: "/usr/bin/valgrind" "--tool=memcheck" "--leak-check=yes" "--trace-children=no" "--error-exitcode=113" "/work/hw3/hw3/hw3_tests/llrec_tests/llrec_tests" "--gtest_filter=Filter.Size1_F"
Directory: /work/hw3/hw3/hw3_tests/llrec_tests
"Filter.Size1_F" start time: Feb 22 10:24 PST
Output:
----------------------------------------------------------
==632== Memcheck, a memory error detector
==632== Copyright (C) 2002-2017, and GNU GPL'd, by Julian Seward et al.
==632== Using Valgrind-3.15.0 and LibVEX; rerun with -h for copyright info
==632== Command: /work/hw3/hw3/hw3_tests/llrec_tests/llrec_tests --gtest_filter=Filter.Size1_F
==632== 
Running main() from /build/googletest-K1TalW/googletest-1.10.0/googletest/src/gtest_main.cc
Note: Google Test filter = Filter.Size1_F
[==========] Running 1 test from 1 test suite.
[----------] Global test environment set-up.
[----------] 1 test from Filter
[ RUN      ] Filter.Size1_F
[       OK ] Filter.Size1_F (7 ms)
[----------] 1 test from Filter (8 ms total)

[----------] Global test environment tear-down
[==========] 1 test from 1 test suite ran. (18 ms total)
[  PASSED  ] 1 test.
==632== 
==632== HEAP SUMMARY:
==632==     in use at exit: 0 bytes in 0 blocks
==632==   total heap usage: 375 allocs, 375 frees, 127,613 bytes allocated
==632== 
==632== All heap blocks were freed -- no leaks are possible
==632== 
==632== For lists of detected and suppressed errors, rerun with: -s
==632== ERROR SUMMARY: 0 errors from 0 contexts (suppressed: 0 from 0)
<end of output>
Test time =   0.52 sec
----------------------------------------------------------
Test Passed.
"Filter.Size1_F" end time: Feb 22 10:24 PST
"Filter.Size1_F" time elapsed: 00:00:00
----------------------------------------------------------

16/50 Testing: Filter.Size1_nF
16/50 Test: Filter.Size1_nF
Command: "/usr/bin/valgrind" "--tool=memcheck" "--leak-check=yes" "--trace-children=no" "--error-exitcode=113" "/work/hw3/hw3/hw3_tests/llrec_tests/llrec_tests" "--gtest_filter=Filter.Size1_nF"
Directory: /work/hw3/hw3/hw3_tests/llrec_tests
"Filter.Size1_nF" start time: Feb 22 10:24 PST
Output:
----------------------------------------------------------
==633== Memcheck, a memory error detector
==633== Copyright (C) 2002-2017, and GNU GPL'd, by Julian Seward et al.
==633== Using Valgrind-3.15.0 and LibVEX; rerun with -h for copyright info
==633== Command: /work/hw3/hw3/hw3_tests/llrec_tests/llrec_tests --gtest_filter=Filter.Size1_nF
==633== 
Running main() from /build/googletest-K1TalW/googletest-1.10.0/googletest/src/gtest_main.cc
Note: Google Test filter = Filter.Size1_nF
[==========] Running 1 test from 1 test suite.
[----------] Global test environment set-up.
[----------] 1 test from Filter
[ RUN      ] Filter.Size1_nF
[       OK ] Filter.Size1_nF (7 ms)
[----------] 1 test from Filter (9 ms total)

[----------] Global test environment tear-down
[==========] 1 test from 1 test suite ran. (18 ms total)
[  PASSED  ] 1 test.
==633== 
==633== HEAP SUMMARY:
==633==     in use at exit: 0 bytes in 0 blocks
==633==   total heap usage: 376 allocs, 376 frees, 127,622 bytes allocated
==633== 
==633== All heap blocks were freed -- no leaks are possible
==633== 
==633== For lists of detected and suppressed errors, rerun with: -s
==633== ERROR SUMMARY: 0 errors from 0 contexts (suppressed: 0 from 0)
<end of output>
Test time =   0.49 sec
----------------------------------------------------------
Test Passed.
"Filter.Size1_nF" end time: Feb 22 10:24 PST
"Filter.Size1_nF" time elapsed: 00:00:00
----------------------------------------------------------

17/50 Testing: Filter.Size2_F_nF
17/50 Test: Filter.Size2_F_nF
Command: "/usr/bin/valgrind" "--tool=memcheck" "--leak-check=yes" "--trace-children=no" "--error-exitcode=113" "/work/hw3/hw3/hw3_tests/llrec_tests/llrec_tests" "--gtest_filter=Filter.Size2_F_nF"
Directory: /work/hw3/hw3/hw3_tests/llrec_tests
"Filter.Size2_F_nF" start time: Feb 22 10:24 PST
Output:
----------------------------------------------------------
==634== Memcheck, a memory error detector
==634== Copyright (C) 2002-2017, and GNU GPL'd, by Julian Seward et al.
==634== Using Valgrind-3.15.0 and LibVEX; rerun with -h for copyright info
==634== Command: /work/hw3/hw3/hw3_tests/llrec_tests/llrec_tests --gtest_filter=Filter.Size2_F_nF
==634== 
Running main() from /build/googletest-K1TalW/googletest-1.10.0/googletest/src/gtest_main.cc
Note: Google Test filter = Filter.Size2_F_nF
[==========] Running 1 test from 1 test suite.
[----------] Global test environment set-up.
[----------] 1 test from Filter
[ RUN      ] Filter.Size2_F_nF
[       OK ] Filter.Size2_F_nF (7 ms)
[----------] 1 test from Filter (9 ms total)

[----------] Global test environment tear-down
[==========] 1 test from 1 test suite ran. (18 ms total)
[  PASSED  ] 1 test.
==634== 
==634== HEAP SUMMARY:
==634==     in use at exit: 0 bytes in 0 blocks
==634==   total heap usage: 402 allocs, 402 frees, 128,435 bytes allocated
==634== 
==634== All heap blocks were freed -- no leaks are possible
==634== 
==634== For lists of detected and suppressed errors, rerun with: -s
==634== ERROR SUMMARY: 0 errors from 0 contexts (suppressed: 0 from 0)
<end of output>
Test time =   0.50 sec
----------------------------------------------------------
Test Passed.
"Filter.Size2_F_nF" end time: Feb 22 10:24 PST
"Filter.Size2_F_nF" time elapsed: 00:00:00
----------------------------------------------------------

18/50 Testing: Filter.Size2_nF_F
18/50 Test: Filter.Size2_nF_F
Command: "/usr/bin/valgrind" "--tool=memcheck" "--leak-check=yes" "--trace-children=no" "--error-exitcode=113" "/work/hw3/hw3/hw3_tests/llrec_tests/llrec_tests" "--gtest_filter=Filter.Size2_nF_F"
Directory: /work/hw3/hw3/hw3_tests/llrec_tests
"Filter.Size2_nF_F" start time: Feb 22 10:24 PST
Output:
----------------------------------------------------------
==635== Memcheck, a memory error detector
==635== Copyright (C) 2002-2017, and GNU GPL'd, by Julian Seward et al.
==635== Using Valgrind-3.15.0 and LibVEX; rerun with -h for copyright info
==635== Command: /work/hw3/hw3/hw3_tests/llrec_tests/llrec_tests --gtest_filter=Filter.Size2_nF_F
==635== 
Running main() from /build/googletest-K1TalW/googletest-1.10.0/googletest/src/gtest_main.cc
Note: Google Test filter = Filter.Size2_nF_F
[==========] Running 1 test from 1 test suite.
[----------] Global test environment set-up.
[----------] 1 test from Filter
[ RUN      ] Filter.Size2_nF_F
[       OK ] Filter.Size2_nF_F (6 ms)
[----------] 1 test from Filter (9 ms total)

[----------] Global test environment tear-down
[==========] 1 test from 1 test suite ran. (18 ms total)
[  PASSED  ] 1 test.
==635== 
==635== HEAP SUMMARY:
==635==     in use at exit: 0 bytes in 0 blocks
==635==   total heap usage: 401 allocs, 401 frees, 128,427 bytes allocated
==635== 
==635== All heap blocks were freed -- no leaks are possible
==635== 
==635== For lists of detected and suppressed errors, rerun with: -s
==635== ERROR SUMMARY: 0 errors from 0 contexts (suppressed: 0 from 0)
<end of output>
Test time =   0.51 sec
----------------------------------------------------------
Test Passed.
"Filter.Size2_nF_F" end time: Feb 22 10:24 PST
"Filter.Size2_nF_F" time elapsed: 00:00:00
----------------------------------------------------------

19/50 Testing: Filter.Size3_nF_F_nF
19/50 Test: Filter.Size3_nF_F_nF
Command: "/usr/bin/valgrind" "--tool=memcheck" "--leak-check=yes" "--trace-children=no" "--error-exitcode=113" "/work/hw3/hw3/hw3_tests/llrec_tests/llrec_tests" "--gtest_filter=Filter.Size3_nF_F_nF"
Directory: /work/hw3/hw3/hw3_tests/llrec_tests
"Filter.Size3_nF_F_nF" start time: Feb 22 10:24 PST
Output:
----------------------------------------------------------
==636== Memcheck, a memory error detector
==636== Copyright (C) 2002-2017, and GNU GPL'd, by Julian Seward et al.
==636== Using Valgrind-3.15.0 and LibVEX; rerun with -h for copyright info
==636== Command: /work/hw3/hw3/hw3_tests/llrec_tests/llrec_tests --gtest_filter=Filter.Size3_nF_F_nF
==636== 
Running main() from /build/googletest-K1TalW/googletest-1.10.0/googletest/src/gtest_main.cc
Note: Google Test filter = Filter.Size3_nF_F_nF
[==========] Running 1 test from 1 test suite.
[----------] Global test environment set-up.
[----------] 1 test from Filter
[ RUN      ] Filter.Size3_nF_F_nF
[       OK ] Filter.Size3_nF_F_nF (7 ms)
[----------] 1 test from Filter (9 ms total)

[----------] Global test environment tear-down
[==========] 1 test from 1 test suite ran. (19 ms total)
[  PASSED  ] 1 test.
==636== 
==636== HEAP SUMMARY:
==636==     in use at exit: 0 bytes in 0 blocks
==636==   total heap usage: 402 allocs, 402 frees, 128,472 bytes allocated
==636== 
==636== All heap blocks were freed -- no leaks are possible
==636== 
==636== For lists of detected and suppressed errors, rerun with: -s
==636== ERROR SUMMARY: 0 errors from 0 contexts (suppressed: 0 from 0)
<end of output>
Test time =   0.50 sec
----------------------------------------------------------
Test Passed.
"Filter.Size3_nF_F_nF" end time: Feb 22 10:24 PST
"Filter.Size3_nF_F_nF" time elapsed: 00:00:00
----------------------------------------------------------

20/50 Testing: Filter.Size3_F_nF_F
20/50 Test: Filter.Size3_F_nF_F
Command: "/usr/bin/valgrind" "--tool=memcheck" "--leak-check=yes" "--trace-children=no" "--error-exitcode=113" "/work/hw3/hw3/hw3_tests/llrec_tests/llrec_tests" "--gtest_filter=Filter.Size3_F_nF_F"
Directory: /work/hw3/hw3/hw3_tests/llrec_tests
"Filter.Size3_F_nF_F" start time: Feb 22 10:24 PST
Output:
----------------------------------------------------------
==637== Memcheck, a memory error detector
==637== Copyright (C) 2002-2017, and GNU GPL'd, by Julian Seward et al.
==637== Using Valgrind-3.15.0 and LibVEX; rerun with -h for copyright info
==637== Command: /work/hw3/hw3/hw3_tests/llrec_tests/llrec_tests --gtest_filter=Filter.Size3_F_nF_F
==637== 
Running main() from /build/googletest-K1TalW/googletest-1.10.0/googletest/src/gtest_main.cc
Note: Google Test filter = Filter.Size3_F_nF_F
[==========] Running 1 test from 1 test suite.
[----------] Global test environment set-up.
[----------] 1 test from Filter
[ RUN      ] Filter.Size3_F_nF_F
[       OK ] Filter.Size3_F_nF_F (6 ms)
[----------] 1 test from Filter (8 ms total)

[----------] Global test environment tear-down
[==========] 1 test from 1 test suite ran. (17 ms total)
[  PASSED  ] 1 test.
==637== 
==637== HEAP SUMMARY:
==637==     in use at exit: 0 bytes in 0 blocks
==637==   total heap usage: 402 allocs, 402 frees, 128,461 bytes allocated
==637== 
==637== All heap blocks were freed -- no leaks are possible
==637== 
==637== For lists of detected and suppressed errors, rerun with: -s
==637== ERROR SUMMARY: 0 errors from 0 contexts (suppressed: 0 from 0)
<end of output>
Test time =   0.49 sec
----------------------------------------------------------
Test Passed.
"Filter.Size3_F_nF_F" end time: Feb 22 10:24 PST
"Filter.Size3_F_nF_F" time elapsed: 00:00:00
----------------------------------------------------------

21/50 Testing: Filter.SameNodeCheck
21/50 Test: Filter.SameNodeCheck
Command: "/usr/bin/valgrind" "--tool=memcheck" "--leak-check=yes" "--trace-children=no" "--error-exitcode=113" "/work/hw3/hw3/hw3_tests/llrec_tests/llrec_tests" "--gtest_filter=Filter.SameNodeCheck"
Directory: /work/hw3/hw3/hw3_tests/llrec_tests
"Filter.SameNodeCheck" start time: Feb 22 10:24 PST
Output:
----------------------------------------------------------
==638== Memcheck, a memory error detector
==638== Copyright (C) 2002-2017, and GNU GPL'd, by Julian Seward et al.
==638== Using Valgrind-3.15.0 and LibVEX; rerun with -h for copyright info
==638== Command: /work/hw3/hw3/hw3_tests/llrec_tests/llrec_tests --gtest_filter=Filter.SameNodeCheck
==638== 
Running main() from /build/googletest-K1TalW/googletest-1.10.0/googletest/src/gtest_main.cc
Note: Google Test filter = Filter.SameNodeCheck
[==========] Running 1 test from 1 test suite.
[----------] Global test environment set-up.
[----------] 1 test from Filter
[ RUN      ] Filter.SameNodeCheck
[       OK ] Filter.SameNodeCheck (11 ms)
[----------] 1 test from Filter (14 ms total)

[----------] Global test environment tear-down
[==========] 1 test from 1 test suite ran. (22 ms total)
[  PASSED  ] 1 test.
==638== 
==638== HEAP SUMMARY:
==638==     in use at exit: 0 bytes in 0 blocks
==638==   total heap usage: 407 allocs, 407 frees, 128,568 bytes allocated
==638== 
==638== All heap blocks were freed -- no leaks are possible
==638== 
==638== For lists of detected and suppressed errors, rerun with: -s
==638== ERROR SUMMARY: 0 errors from 0 contexts (suppressed: 0 from 0)
<end of output>
Test time =   0.50 sec
----------------------------------------------------------
Test Passed.
"Filter.SameNodeCheck" end time: Feb 22 10:24 PST
"Filter.SameNodeCheck" time elapsed: 00:00:00
----------------------------------------------------------

22/50 Testing: Filter.MultipleCalls
22/50 Test: Filter.MultipleCalls
Command: "/usr/bin/valgrind" "--tool=memcheck" "--leak-check=yes" "--trace-children=no" "--error-exitcode=113" "/work/hw3/hw3/hw3_tests/llrec_tests/llrec_tests" "--gtest_filter=Filter.MultipleCalls"
Directory: /work/hw3/hw3/hw3_tests/llrec_tests
"Filter.MultipleCalls" start time: Feb 22 10:24 PST
Output:
----------------------------------------------------------
==639== Memcheck, a memory error detector
==639== Copyright (C) 2002-2017, and GNU GPL'd, by Julian Seward et al.
==639== Using Valgrind-3.15.0 and LibVEX; rerun with -h for copyright info
==639== Command: /work/hw3/hw3/hw3_tests/llrec_tests/llrec_tests --gtest_filter=Filter.MultipleCalls
==639== 
Running main() from /build/googletest-K1TalW/googletest-1.10.0/googletest/src/gtest_main.cc
Note: Google Test filter = Filter.MultipleCalls
[==========] Running 1 test from 1 test suite.
[----------] Global test environment set-up.
[----------] 1 test from Filter
[ RUN      ] Filter.MultipleCalls
[       OK ] Filter.MultipleCalls (9 ms)
[----------] 1 test from Filter (11 ms total)

[----------] Global test environment tear-down
[==========] 1 test from 1 test suite ran. (21 ms total)
[  PASSED  ] 1 test.
==639== 
==639== HEAP SUMMARY:
==639==     in use at exit: 0 bytes in 0 blocks
==639==   total heap usage: 407 allocs, 407 frees, 128,568 bytes allocated
==639== 
==639== All heap blocks were freed -- no leaks are possible
==639== 
==639== For lists of detected and suppressed errors, rerun with: -s
==639== ERROR SUMMARY: 0 errors from 0 contexts (suppressed: 0 from 0)
<end of output>
Test time =   0.50 sec
----------------------------------------------------------
Test Passed.
"Filter.MultipleCalls" end time: Feb 22 10:24 PST
"Filter.MultipleCalls" time elapsed: 00:00:00
----------------------------------------------------------

23/50 Testing: Filter.CompareWithLlrec
23/50 Test: Filter.CompareWithLlrec
Command: "/usr/bin/valgrind" "--tool=memcheck" "--leak-check=yes" "--trace-children=no" "--error-exitcode=113" "/work/hw3/hw3/hw3_tests/llrec_tests/llrec_tests" "--gtest_filter=Filter.CompareWithLlrec"
Directory: /work/hw3/hw3/hw3_tests/llrec_tests
"Filter.CompareWithLlrec" start time: Feb 22 10:24 PST
Output:
----------------------------------------------------------
==640== Memcheck, a memory error detector
==640== Copyright (C) 2002-2017, and GNU GPL'd, by Julian Seward et al.
==640== Using Valgrind-3.15.0 and LibVEX; rerun with -h for copyright info
==640== Command: /work/hw3/hw3/hw3_tests/llrec_tests/llrec_tests --gtest_filter=Filter.CompareWithLlrec
==640== 
Running main() from /build/googletest-K1TalW/googletest-1.10.0/googletest/src/gtest_main.cc
Note: Google Test filter = Filter.CompareWithLlrec
[==========] Running 1 test from 1 test suite.
[----------] Global test environment set-up.
[----------] 1 test from Filter
[ RUN      ] Filter.CompareWithLlrec
[       OK ] Filter.CompareWithLlrec (9 ms)
[----------] 1 test from Filter (11 ms total)

[----------] Global test environment tear-down
[==========] 1 test from 1 test suite ran. (20 ms total)
[  PASSED  ] 1 test.
==640== 
==640== HEAP SUMMARY:
==640==     in use at exit: 0 bytes in 0 blocks
==640==   total heap usage: 417 allocs, 417 frees, 128,713 bytes allocated
==640== 
==640== All heap blocks were freed -- no leaks are possible
==640== 
==640== For lists of detected and suppressed errors, rerun with: -s
==640== ERROR SUMMARY: 0 errors from 0 contexts (suppressed: 0 from 0)
<end of output>
Test time =   0.50 sec
----------------------------------------------------------
Test Passed.
"Filter.CompareWithLlrec" end time: Feb 22 10:24 PST
"Filter.CompareWithLlrec" time elapsed: 00:00:00
----------------------------------------------------------

24/50 Testing: Stack.BasicString
24/50 Test: Stack.BasicString
Command: "/usr/bin/valgrind" "--tool=memcheck" "--leak-check=yes" "--trace-children=no" "--error-exitcode=113" "/work/hw3/hw3/hw3_tests/stack_tests/stack_tests" "--gtest_filter=Stack.BasicString"
Directory: /work/hw3/hw3/hw3_tests/stack_tests
"Stack.BasicString" start time: Feb 22 10:24 PST
Output:
----------------------------------------------------------
==641== Memcheck, a memory error detector
==641== Copyright (C) 2002-2017, and GNU GPL'd, by Julian Seward et al.
==641== Using Valgrind-3.15.0 and LibVEX; rerun with -h for copyright info
==641== Command: /work/hw3/hw3/hw3_tests/stack_tests/stack_tests --gtest_filter=Stack.BasicString
==641== 
Running main() from /build/googletest-K1TalW/googletest-1.10.0/googletest/src/gtest_main.cc
Note: Google Test filter = Stack.BasicString
[==========] Running 1 test from 1 test suite.
[----------] Global test environment set-up.
[----------] 1 test from Stack
[ RUN      ] Stack.BasicString
[       OK ] Stack.BasicString (27 ms)
[----------] 1 test from Stack (30 ms total)

[----------] Global test environment tear-down
[==========] 1 test from 1 test suite ran. (60 ms total)
[  PASSED  ] 1 test.
==641== 
==641== HEAP SUMMARY:
==641==     in use at exit: 0 bytes in 0 blocks
==641==   total heap usage: 200 allocs, 200 frees, 116,078 bytes allocated
==641== 
==641== All heap blocks were freed -- no leaks are possible
==641== 
==641== For lists of detected and suppressed errors, rerun with: -s
==641== ERROR SUMMARY: 0 errors from 0 contexts (suppressed: 0 from 0)
<end of output>
Test time =   0.55 sec
----------------------------------------------------------
Test Passed.
"Stack.BasicString" end time: Feb 22 10:24 PST
"Stack.BasicString" time elapsed: 00:00:00
----------------------------------------------------------

25/50 Testing: Stack.RandomInt
25/50 Test: Stack.RandomInt
Command: "/usr/bin/valgrind" "--tool=memcheck" "--leak-check=yes" "--trace-children=no" "--error-exitcode=113" "/work/hw3/hw3/hw3_tests/stack_tests/stack_tests" "--gtest_filter=Stack.RandomInt"
Directory: /work/hw3/hw3/hw3_tests/stack_tests
"Stack.RandomInt" start time: Feb 22 10:24 PST
Output:
----------------------------------------------------------
==642== Memcheck, a memory error detector
==642== Copyright (C) 2002-2017, and GNU GPL'd, by Julian Seward et al.
==642== Using Valgrind-3.15.0 and LibVEX; rerun with -h for copyright info
==642== Command: /work/hw3/hw3/hw3_tests/stack_tests/stack_tests --gtest_filter=Stack.RandomInt
==642== 
Running main() from /build/googletest-K1TalW/googletest-1.10.0/googletest/src/gtest_main.cc
Note: Google Test filter = Stack.RandomInt
[==========] Running 1 test from 1 test suite.
[----------] Global test environment set-up.
[----------] 1 test from Stack
[ RUN      ] Stack.RandomInt
[       OK ] Stack.RandomInt (954 ms)
[----------] 1 test from Stack (956 ms total)

[----------] Global test environment tear-down
[==========] 1 test from 1 test suite ran. (965 ms total)
[  PASSED  ] 1 test.
==642== 
==642== HEAP SUMMARY:
==642==     in use at exit: 0 bytes in 0 blocks
==642==   total heap usage: 21,234 allocs, 21,234 frees, 1,076,940 bytes allocated
==642== 
==642== All heap blocks were freed -- no leaks are possible
==642== 
==642== For lists of detected and suppressed errors, rerun with: -s
==642== ERROR SUMMARY: 0 errors from 0 contexts (suppressed: 0 from 0)
<end of output>
Test time =   1.44 sec
----------------------------------------------------------
Test Passed.
"Stack.RandomInt" end time: Feb 22 10:24 PST
"Stack.RandomInt" time elapsed: 00:00:01
----------------------------------------------------------

26/50 Testing: HeapTest.ConstructionDestruction
26/50 Test: HeapTest.ConstructionDestruction
Command: "/usr/bin/valgrind" "--tool=memcheck" "--leak-check=yes" "--trace-children=no" "--error-exitcode=113" "/work/hw3/hw3/hw3_tests/heap_tests/heap_tests" "--gtest_filter=HeapTest.ConstructionDestruction"
Directory: /work/hw3/hw3/hw3_tests/heap_tests
"HeapTest.ConstructionDestruction" start time: Feb 22 10:24 PST
Output:
----------------------------------------------------------
==643== Memcheck, a memory error detector
==643== Copyright (C) 2002-2017, and GNU GPL'd, by Julian Seward et al.
==643== Using Valgrind-3.15.0 and LibVEX; rerun with -h for copyright info
==643== Command: /work/hw3/hw3/hw3_tests/heap_tests/heap_tests --gtest_filter=HeapTest.ConstructionDestruction
==643== 
Running main() from /build/googletest-K1TalW/googletest-1.10.0/googletest/src/gtest_main.cc
Note: Google Test filter = HeapTest.ConstructionDestruction
[==========] Running 1 test from 1 test suite.
[----------] Global test environment set-up.
[----------] 1 test from HeapTest
[ RUN      ] HeapTest.ConstructionDestruction
[       OK ] HeapTest.ConstructionDestruction (3 ms)
[----------] 1 test from HeapTest (5 ms total)

[----------] Global test environment tear-down
[==========] 1 test from 1 test suite ran. (15 ms total)
[  PASSED  ] 1 test.
==643== 
==643== HEAP SUMMARY:
==643==     in use at exit: 0 bytes in 0 blocks
==643==   total heap usage: 457 allocs, 457 frees, 130,896 bytes allocated
==643== 
==643== All heap blocks were freed -- no leaks are possible
==643== 
==643== For lists of detected and suppressed errors, rerun with: -s
==643== ERROR SUMMARY: 0 errors from 0 contexts (suppressed: 0 from 0)
<end of output>
Test time =   0.49 sec
----------------------------------------------------------
Test Passed.
"HeapTest.ConstructionDestruction" end time: Feb 22 10:24 PST
"HeapTest.ConstructionDestruction" time elapsed: 00:00:00
----------------------------------------------------------

27/50 Testing: HeapTest.InitiallyEmpty
27/50 Test: HeapTest.InitiallyEmpty
Command: "/usr/bin/valgrind" "--tool=memcheck" "--leak-check=yes" "--trace-children=no" "--error-exitcode=113" "/work/hw3/hw3/hw3_tests/heap_tests/heap_tests" "--gtest_filter=HeapTest.InitiallyEmpty"
Directory: /work/hw3/hw3/hw3_tests/heap_tests
"HeapTest.InitiallyEmpty" start time: Feb 22 10:24 PST
Output:
----------------------------------------------------------
==644== Memcheck, a memory error detector
==644== Copyright (C) 2002-2017, and GNU GPL'd, by Julian Seward et al.
==644== Using Valgrind-3.15.0 and LibVEX; rerun with -h for copyright info
==644== Command: /work/hw3/hw3/hw3_tests/heap_tests/heap_tests --gtest_filter=HeapTest.InitiallyEmpty
==644== 
Running main() from /build/googletest-K1TalW/googletest-1.10.0/googletest/src/gtest_main.cc
Note: Google Test filter = HeapTest.InitiallyEmpty
[==========] Running 1 test from 1 test suite.
[----------] Global test environment set-up.
[----------] 1 test from HeapTest
[ RUN      ] HeapTest.InitiallyEmpty
[       OK ] HeapTest.InitiallyEmpty (4 ms)
[----------] 1 test from HeapTest (7 ms total)

[----------] Global test environment tear-down
[==========] 1 test from 1 test suite ran. (15 ms total)
[  PASSED  ] 1 test.
==644== 
==644== HEAP SUMMARY:
==644==     in use at exit: 0 bytes in 0 blocks
==644==   total heap usage: 457 allocs, 457 frees, 130,779 bytes allocated
==644== 
==644== All heap blocks were freed -- no leaks are possible
==644== 
==644== For lists of detected and suppressed errors, rerun with: -s
==644== ERROR SUMMARY: 0 errors from 0 contexts (suppressed: 0 from 0)
<end of output>
Test time =   0.50 sec
----------------------------------------------------------
Test Passed.
"HeapTest.InitiallyEmpty" end time: Feb 22 10:24 PST
"HeapTest.InitiallyEmpty" time elapsed: 00:00:00
----------------------------------------------------------

28/50 Testing: HeapTest.EmptyTopException
28/50 Test: HeapTest.EmptyTopException
Command: "/usr/bin/valgrind" "--tool=memcheck" "--leak-check=yes" "--trace-children=no" "--error-exitcode=113" "/work/hw3/hw3/hw3_tests/heap_tests/heap_tests" "--gtest_filter=HeapTest.EmptyTopException"
Directory: /work/hw3/hw3/hw3_tests/heap_tests
"HeapTest.EmptyTopException" start time: Feb 22 10:24 PST
Output:
----------------------------------------------------------
==645== Memcheck, a memory error detector
==645== Copyright (C) 2002-2017, and GNU GPL'd, by Julian Seward et al.
==645== Using Valgrind-3.15.0 and LibVEX; rerun with -h for copyright info
==645== Command: /work/hw3/hw3/hw3_tests/heap_tests/heap_tests --gtest_filter=HeapTest.EmptyTopException
==645== 
Running main() from /build/googletest-K1TalW/googletest-1.10.0/googletest/src/gtest_main.cc
Note: Google Test filter = HeapTest.EmptyTopException
[==========] Running 1 test from 1 test suite.
[----------] Global test environment set-up.
[----------] 1 test from HeapTest
[ RUN      ] HeapTest.EmptyTopException
[       OK ] HeapTest.EmptyTopException (16 ms)
[----------] 1 test from HeapTest (19 ms total)

[----------] Global test environment tear-down
[==========] 1 test from 1 test suite ran. (27 ms total)
[  PASSED  ] 1 test.
==645== 
==645== HEAP SUMMARY:
==645==     in use at exit: 0 bytes in 0 blocks
==645==   total heap usage: 459 allocs, 459 frees, 130,979 bytes allocated
==645== 
==645== All heap blocks were freed -- no leaks are possible
==645== 
==645== For lists of detected and suppressed errors, rerun with: -s
==645== ERROR SUMMARY: 0 errors from 0 contexts (suppressed: 0 from 0)
<end of output>
Test time =   0.51 sec
----------------------------------------------------------
Test Passed.
"HeapTest.EmptyTopException" end time: Feb 22 10:24 PST
"HeapTest.EmptyTopException" time elapsed: 00:00:00
----------------------------------------------------------

29/50 Testing: HeapTest.EmptyPopException
29/50 Test: HeapTest.EmptyPopException
Command: "/usr/bin/valgrind" "--tool=memcheck" "--leak-check=yes" "--trace-children=no" "--error-exitcode=113" "/work/hw3/hw3/hw3_tests/heap_tests/heap_tests" "--gtest_filter=HeapTest.EmptyPopException"
Directory: /work/hw3/hw3/hw3_tests/heap_tests
"HeapTest.EmptyPopException" start time: Feb 22 10:24 PST
Output:
----------------------------------------------------------
==646== Memcheck, a memory error detector
==646== Copyright (C) 2002-2017, and GNU GPL'd, by Julian Seward et al.
==646== Using Valgrind-3.15.0 and LibVEX; rerun with -h for copyright info
==646== Command: /work/hw3/hw3/hw3_tests/heap_tests/heap_tests --gtest_filter=HeapTest.EmptyPopException
==646== 
Running main() from /build/googletest-K1TalW/googletest-1.10.0/googletest/src/gtest_main.cc
Note: Google Test filter = HeapTest.EmptyPopException
[==========] Running 1 test from 1 test suite.
[----------] Global test environment set-up.
[----------] 1 test from HeapTest
[ RUN      ] HeapTest.EmptyPopException
[       OK ] HeapTest.EmptyPopException (15 ms)
[----------] 1 test from HeapTest (18 ms total)

[----------] Global test environment tear-down
[==========] 1 test from 1 test suite ran. (26 ms total)
[  PASSED  ] 1 test.
==646== 
==646== HEAP SUMMARY:
==646==     in use at exit: 0 bytes in 0 blocks
==646==   total heap usage: 459 allocs, 459 frees, 130,979 bytes allocated
==646== 
==646== All heap blocks were freed -- no leaks are possible
==646== 
==646== For lists of detected and suppressed errors, rerun with: -s
==646== ERROR SUMMARY: 0 errors from 0 contexts (suppressed: 0 from 0)
<end of output>
Test time =   0.52 sec
----------------------------------------------------------
Test Passed.
"HeapTest.EmptyPopException" end time: Feb 22 10:24 PST
"HeapTest.EmptyPopException" time elapsed: 00:00:00
----------------------------------------------------------

30/50 Testing: HeapTest.SingleItemNonempty
30/50 Test: HeapTest.SingleItemNonempty
Command: "/usr/bin/valgrind" "--tool=memcheck" "--leak-check=yes" "--trace-children=no" "--error-exitcode=113" "/work/hw3/hw3/hw3_tests/heap_tests/heap_tests" "--gtest_filter=HeapTest.SingleItemNonempty"
Directory: /work/hw3/hw3/hw3_tests/heap_tests
"HeapTest.SingleItemNonempty" start time: Feb 22 10:24 PST
Output:
----------------------------------------------------------
==647== Memcheck, a memory error detector
==647== Copyright (C) 2002-2017, and GNU GPL'd, by Julian Seward et al.
==647== Using Valgrind-3.15.0 and LibVEX; rerun with -h for copyright info
==647== Command: /work/hw3/hw3/hw3_tests/heap_tests/heap_tests --gtest_filter=HeapTest.SingleItemNonempty
==647== 
Running main() from /build/googletest-K1TalW/googletest-1.10.0/googletest/src/gtest_main.cc
Note: Google Test filter = HeapTest.SingleItemNonempty
[==========] Running 1 test from 1 test suite.
[----------] Global test environment set-up.
[----------] 1 test from HeapTest
[ RUN      ] HeapTest.SingleItemNonempty
[       OK ] HeapTest.SingleItemNonempty (6 ms)
[----------] 1 test from HeapTest (9 ms total)

[----------] Global test environment tear-down
[==========] 1 test from 1 test suite ran. (17 ms total)
[  PASSED  ] 1 test.
==647== 
==647== HEAP SUMMARY:
==647==     in use at exit: 0 bytes in 0 blocks
==647==   total heap usage: 458 allocs, 458 frees, 130,811 bytes allocated
==647== 
==647== All heap blocks were freed -- no leaks are possible
==647== 
==647== For lists of detected and suppressed errors, rerun with: -s
==647== ERROR SUMMARY: 0 errors from 0 contexts (suppressed: 0 from 0)
<end of output>
Test time =   0.50 sec
----------------------------------------------------------
Test Passed.
"HeapTest.SingleItemNonempty" end time: Feb 22 10:24 PST
"HeapTest.SingleItemNonempty" time elapsed: 00:00:00
----------------------------------------------------------

31/50 Testing: HeapTest.SingleItemPush
31/50 Test: HeapTest.SingleItemPush
Command: "/usr/bin/valgrind" "--tool=memcheck" "--leak-check=yes" "--trace-children=no" "--error-exitcode=113" "/work/hw3/hw3/hw3_tests/heap_tests/heap_tests" "--gtest_filter=HeapTest.SingleItemPush"
Directory: /work/hw3/hw3/hw3_tests/heap_tests
"HeapTest.SingleItemPush" start time: Feb 22 10:24 PST
Output:
----------------------------------------------------------
==648== Memcheck, a memory error detector
==648== Copyright (C) 2002-2017, and GNU GPL'd, by Julian Seward et al.
==648== Using Valgrind-3.15.0 and LibVEX; rerun with -h for copyright info
==648== Command: /work/hw3/hw3/hw3_tests/heap_tests/heap_tests --gtest_filter=HeapTest.SingleItemPush
==648== 
Running main() from /build/googletest-K1TalW/googletest-1.10.0/googletest/src/gtest_main.cc
Note: Google Test filter = HeapTest.SingleItemPush
[==========] Running 1 test from 1 test suite.
[----------] Global test environment set-up.
[----------] 1 test from HeapTest
[ RUN      ] HeapTest.SingleItemPush
[       OK ] HeapTest.SingleItemPush (6 ms)
[----------] 1 test from HeapTest (9 ms total)

[----------] Global test environment tear-down
[==========] 1 test from 1 test suite ran. (17 ms total)
[  PASSED  ] 1 test.
==648== 
==648== HEAP SUMMARY:
==648==     in use at exit: 0 bytes in 0 blocks
==648==   total heap usage: 458 allocs, 458 frees, 130,783 bytes allocated
==648== 
==648== All heap blocks were freed -- no leaks are possible
==648== 
==648== For lists of detected and suppressed errors, rerun with: -s
==648== ERROR SUMMARY: 0 errors from 0 contexts (suppressed: 0 from 0)
<end of output>
Test time =   0.51 sec
----------------------------------------------------------
Test Passed.
"HeapTest.SingleItemPush" end time: Feb 22 10:24 PST
"HeapTest.SingleItemPush" time elapsed: 00:00:00
----------------------------------------------------------

32/50 Testing: HeapTest.SingleItemPushPop
32/50 Test: HeapTest.SingleItemPushPop
Command: "/usr/bin/valgrind" "--tool=memcheck" "--leak-check=yes" "--trace-children=no" "--error-exitcode=113" "/work/hw3/hw3/hw3_tests/heap_tests/heap_tests" "--gtest_filter=HeapTest.SingleItemPushPop"
Directory: /work/hw3/hw3/hw3_tests/heap_tests
"HeapTest.SingleItemPushPop" start time: Feb 22 10:24 PST
Output:
----------------------------------------------------------
==649== Memcheck, a memory error detector
==649== Copyright (C) 2002-2017, and GNU GPL'd, by Julian Seward et al.
==649== Using Valgrind-3.15.0 and LibVEX; rerun with -h for copyright info
==649== Command: /work/hw3/hw3/hw3_tests/heap_tests/heap_tests --gtest_filter=HeapTest.SingleItemPushPop
==649== 
Running main() from /build/googletest-K1TalW/googletest-1.10.0/googletest/src/gtest_main.cc
Note: Google Test filter = HeapTest.SingleItemPushPop
[==========] Running 1 test from 1 test suite.
[----------] Global test environment set-up.
[----------] 1 test from HeapTest
[ RUN      ] HeapTest.SingleItemPushPop
[       OK ] HeapTest.SingleItemPushPop (7 ms)
[----------] 1 test from HeapTest (9 ms total)

[----------] Global test environment tear-down
[==========] 1 test from 1 test suite ran. (18 ms total)
[  PASSED  ] 1 test.
==649== 
==649== HEAP SUMMARY:
==649==     in use at exit: 0 bytes in 0 blocks
==649==   total heap usage: 458 allocs, 458 frees, 130,804 bytes allocated
==649== 
==649== All heap blocks were freed -- no leaks are possible
==649== 
==649== For lists of detected and suppressed errors, rerun with: -s
==649== ERROR SUMMARY: 0 errors from 0 contexts (suppressed: 0 from 0)
<end of output>
Test time =   0.53 sec
----------------------------------------------------------
Test Passed.
"HeapTest.SingleItemPushPop" end time: Feb 22 10:24 PST
"HeapTest.SingleItemPushPop" time elapsed: 00:00:00
----------------------------------------------------------

33/50 Testing: HeapTest.TwoElementPush_LowPriFirst
33/50 Test: HeapTest.TwoElementPush_LowPriFirst
Command: "/usr/bin/valgrind" "--tool=memcheck" "--leak-check=yes" "--trace-children=no" "--error-exitcode=113" "/work/hw3/hw3/hw3_tests/heap_tests/heap_tests" "--gtest_filter=HeapTest.TwoElementPush_LowPriFirst"
Directory: /work/hw3/hw3/hw3_tests/heap_tests
"HeapTest.TwoElementPush_LowPriFirst" start time: Feb 22 10:24 PST
Output:
----------------------------------------------------------
==650== Memcheck, a memory error detector
==650== Copyright (C) 2002-2017, and GNU GPL'd, by Julian Seward et al.
==650== Using Valgrind-3.15.0 and LibVEX; rerun with -h for copyright info
==650== Command: /work/hw3/hw3/hw3_tests/heap_tests/heap_tests --gtest_filter=HeapTest.TwoElementPush_LowPriFirst
==650== 
Running main() from /build/googletest-K1TalW/googletest-1.10.0/googletest/src/gtest_main.cc
Note: Google Test filter = HeapTest.TwoElementPush_LowPriFirst
[==========] Running 1 test from 1 test suite.
[----------] Global test environment set-up.
[----------] 1 test from HeapTest
[ RUN      ] HeapTest.TwoElementPush_LowPriFirst
[       OK ] HeapTest.TwoElementPush_LowPriFirst (7 ms)
[----------] 1 test from HeapTest (9 ms total)

[----------] Global test environment tear-down
[==========] 1 test from 1 test suite ran. (19 ms total)
[  PASSED  ] 1 test.
==650== 
==650== HEAP SUMMARY:
==650==     in use at exit: 0 bytes in 0 blocks
==650==   total heap usage: 459 allocs, 459 frees, 131,010 bytes allocated
==650== 
==650== All heap blocks were freed -- no leaks are possible
==650== 
==650== For lists of detected and suppressed errors, rerun with: -s
==650== ERROR SUMMARY: 0 errors from 0 contexts (suppressed: 0 from 0)
<end of output>
Test time =   0.50 sec
----------------------------------------------------------
Test Passed.
"HeapTest.TwoElementPush_LowPriFirst" end time: Feb 22 10:24 PST
"HeapTest.TwoElementPush_LowPriFirst" time elapsed: 00:00:00
----------------------------------------------------------

34/50 Testing: HeapTest.TwoElementPush_HighPriFirst
34/50 Test: HeapTest.TwoElementPush_HighPriFirst
Command: "/usr/bin/valgrind" "--tool=memcheck" "--leak-check=yes" "--trace-children=no" "--error-exitcode=113" "/work/hw3/hw3/hw3_tests/heap_tests/heap_tests" "--gtest_filter=HeapTest.TwoElementPush_HighPriFirst"
Directory: /work/hw3/hw3/hw3_tests/heap_tests
"HeapTest.TwoElementPush_HighPriFirst" start time: Feb 22 10:24 PST
Output:
----------------------------------------------------------
==651== Memcheck, a memory error detector
==651== Copyright (C) 2002-2017, and GNU GPL'd, by Julian Seward et al.
==651== Using Valgrind-3.15.0 and LibVEX; rerun with -h for copyright info
==651== Command: /work/hw3/hw3/hw3_tests/heap_tests/heap_tests --gtest_filter=HeapTest.TwoElementPush_HighPriFirst
==651== 
Running main() from /build/googletest-K1TalW/googletest-1.10.0/googletest/src/gtest_main.cc
Note: Google Test filter = HeapTest.TwoElementPush_HighPriFirst
[==========] Running 1 test from 1 test suite.
[----------] Global test environment set-up.
[----------] 1 test from HeapTest
[ RUN      ] HeapTest.TwoElementPush_HighPriFirst
[       OK ] HeapTest.TwoElementPush_HighPriFirst (7 ms)
[----------] 1 test from HeapTest (9 ms total)

[----------] Global test environment tear-down
[==========] 1 test from 1 test suite ran. (20 ms total)
[  PASSED  ] 1 test.
==651== 
==651== HEAP SUMMARY:
==651==     in use at exit: 0 bytes in 0 blocks
==651==   total heap usage: 459 allocs, 459 frees, 131,044 bytes allocated
==651== 
==651== All heap blocks were freed -- no leaks are possible
==651== 
==651== For lists of detected and suppressed errors, rerun with: -s
==651== ERROR SUMMARY: 0 errors from 0 contexts (suppressed: 0 from 0)
<end of output>
Test time =   0.50 sec
----------------------------------------------------------
Test Passed.
"HeapTest.TwoElementPush_HighPriFirst" end time: Feb 22 10:24 PST
"HeapTest.TwoElementPush_HighPriFirst" time elapsed: 00:00:00
----------------------------------------------------------

35/50 Testing: HeapTest.Duplicates
35/50 Test: HeapTest.Duplicates
Command: "/usr/bin/valgrind" "--tool=memcheck" "--leak-check=yes" "--trace-children=no" "--error-exitcode=113" "/work/hw3/hw3/hw3_tests/heap_tests/heap_tests" "--gtest_filter=HeapTest.Duplicates"
Directory: /work/hw3/hw3/hw3_tests/heap_tests
"HeapTest.Duplicates" start time: Feb 22 10:24 PST
Output:
----------------------------------------------------------
==652== Memcheck, a memory error detector
==652== Copyright (C) 2002-2017, and GNU GPL'd, by Julian Seward et al.
==652== Using Valgrind-3.15.0 and LibVEX; rerun with -h for copyright info
==652== Command: /work/hw3/hw3/hw3_tests/heap_tests/heap_tests --gtest_filter=HeapTest.Duplicates
==652== 
Running main() from /build/googletest-K1TalW/googletest-1.10.0/googletest/src/gtest_main.cc
Note: Google Test filter = HeapTest.Duplicates
[==========] Running 1 test from 1 test suite.
[----------] Global test environment set-up.
[----------] 1 test from HeapTest
[ RUN      ] HeapTest.Duplicates
[       OK ] HeapTest.Duplicates (7 ms)
[----------] 1 test from HeapTest (10 ms total)

[----------] Global test environment tear-down
[==========] 1 test from 1 test suite ran. (19 ms total)
[  PASSED  ] 1 test.
==652== 
==652== HEAP SUMMARY:
==652==     in use at exit: 0 bytes in 0 blocks
==652==   total heap usage: 460 allocs, 460 frees, 130,779 bytes allocated
==652== 
==652== All heap blocks were freed -- no leaks are possible
==652== 
==652== For lists of detected and suppressed errors, rerun with: -s
==652== ERROR SUMMARY: 0 errors from 0 contexts (suppressed: 0 from 0)
<end of output>
Test time =   0.60 sec
----------------------------------------------------------
Test Passed.
"HeapTest.Duplicates" end time: Feb 22 10:24 PST
"HeapTest.Duplicates" time elapsed: 00:00:00
----------------------------------------------------------

36/50 Testing: HeapTest.NegativeElements
36/50 Test: HeapTest.NegativeElements
Command: "/usr/bin/valgrind" "--tool=memcheck" "--leak-check=yes" "--trace-children=no" "--error-exitcode=113" "/work/hw3/hw3/hw3_tests/heap_tests/heap_tests" "--gtest_filter=HeapTest.NegativeElements"
Directory: /work/hw3/hw3/hw3_tests/heap_tests
"HeapTest.NegativeElements" start time: Feb 22 10:24 PST
Output:
----------------------------------------------------------
==653== Memcheck, a memory error detector
==653== Copyright (C) 2002-2017, and GNU GPL'd, by Julian Seward et al.
==653== Using Valgrind-3.15.0 and LibVEX; rerun with -h for copyright info
==653== Command: /work/hw3/hw3/hw3_tests/heap_tests/heap_tests --gtest_filter=HeapTest.NegativeElements
==653== 
Running main() from /build/googletest-K1TalW/googletest-1.10.0/googletest/src/gtest_main.cc
Note: Google Test filter = HeapTest.NegativeElements
[==========] Running 1 test from 1 test suite.
[----------] Global test environment set-up.
[----------] 1 test from HeapTest
[ RUN      ] HeapTest.NegativeElements
[       OK ] HeapTest.NegativeElements (6 ms)
[----------] 1 test from HeapTest (9 ms total)

[----------] Global test environment tear-down
[==========] 1 test from 1 test suite ran. (18 ms total)
[  PASSED  ] 1 test.
==653== 
==653== HEAP SUMMARY:
==653==     in use at exit: 0 bytes in 0 blocks
==653==   total heap usage: 459 allocs, 459 frees, 130,805 bytes allocated
==653== 
==653== All heap blocks were freed -- no leaks are possible
==653== 
==653== For lists of detected and suppressed errors, rerun with: -s
==653== ERROR SUMMARY: 0 errors from 0 contexts (suppressed: 0 from 0)
<end of output>
Test time =   0.50 sec
----------------------------------------------------------
Test Passed.
"HeapTest.NegativeElements" end time: Feb 22 10:24 PST
"HeapTest.NegativeElements" time elapsed: 00:00:00
----------------------------------------------------------

37/50 Testing: HeapTest.ThreeElementPush_0_5_10
37/50 Test: HeapTest.ThreeElementPush_0_5_10
Command: "/usr/bin/valgrind" "--tool=memcheck" "--leak-check=yes" "--trace-children=no" "--error-exitcode=113" "/work/hw3/hw3/hw3_tests/heap_tests/heap_tests" "--gtest_filter=HeapTest.ThreeElementPush_0_5_10"
Directory: /work/hw3/hw3/hw3_tests/heap_tests
"HeapTest.ThreeElementPush_0_5_10" start time: Feb 22 10:24 PST
Output:
----------------------------------------------------------
==654== Memcheck, a memory error detector
==654== Copyright (C) 2002-2017, and GNU GPL'd, by Julian Seward et al.
==654== Using Valgrind-3.15.0 and LibVEX; rerun with -h for copyright info
==654== Command: /work/hw3/hw3/hw3_tests/heap_tests/heap_tests --gtest_filter=HeapTest.ThreeElementPush_0_5_10
==654== 
Running main() from /build/googletest-K1TalW/googletest-1.10.0/googletest/src/gtest_main.cc
Note: Google Test filter = HeapTest.ThreeElementPush_0_5_10
[==========] Running 1 test from 1 test suite.
[----------] Global test environment set-up.
[----------] 1 test from HeapTest
[ RUN      ] HeapTest.ThreeElementPush_0_5_10
[       OK ] HeapTest.ThreeElementPush_0_5_10 (8 ms)
[----------] 1 test from HeapTest (10 ms total)

[----------] Global test environment tear-down
[==========] 1 test from 1 test suite ran. (19 ms total)
[  PASSED  ] 1 test.
==654== 
==654== HEAP SUMMARY:
==654==     in use at exit: 0 bytes in 0 blocks
==654==   total heap usage: 460 allocs, 460 frees, 130,924 bytes allocated
==654== 
==654== All heap blocks were freed -- no leaks are possible
==654== 
==654== For lists of detected and suppressed errors, rerun with: -s
==654== ERROR SUMMARY: 0 errors from 0 contexts (suppressed: 0 from 0)
<end of output>
Test time =   0.50 sec
----------------------------------------------------------
Test Passed.
"HeapTest.ThreeElementPush_0_5_10" end time: Feb 22 10:24 PST
"HeapTest.ThreeElementPush_0_5_10" time elapsed: 00:00:00
----------------------------------------------------------

38/50 Testing: HeapTest.ThreeElementPush_0_10_5
38/50 Test: HeapTest.ThreeElementPush_0_10_5
Command: "/usr/bin/valgrind" "--tool=memcheck" "--leak-check=yes" "--trace-children=no" "--error-exitcode=113" "/work/hw3/hw3/hw3_tests/heap_tests/heap_tests" "--gtest_filter=HeapTest.ThreeElementPush_0_10_5"
Directory: /work/hw3/hw3/hw3_tests/heap_tests
"HeapTest.ThreeElementPush_0_10_5" start time: Feb 22 10:24 PST
Output:
----------------------------------------------------------
==655== Memcheck, a memory error detector
==655== Copyright (C) 2002-2017, and GNU GPL'd, by Julian Seward et al.
==655== Using Valgrind-3.15.0 and LibVEX; rerun with -h for copyright info
==655== Command: /work/hw3/hw3/hw3_tests/heap_tests/heap_tests --gtest_filter=HeapTest.ThreeElementPush_0_10_5
==655== 
Running main() from /build/googletest-K1TalW/googletest-1.10.0/googletest/src/gtest_main.cc
Note: Google Test filter = HeapTest.ThreeElementPush_0_10_5
[==========] Running 1 test from 1 test suite.
[----------] Global test environment set-up.
[----------] 1 test from HeapTest
[ RUN      ] HeapTest.ThreeElementPush_0_10_5
[       OK ] HeapTest.ThreeElementPush_0_10_5 (7 ms)
[----------] 1 test from HeapTest (9 ms total)

[----------] Global test environment tear-down
[==========] 1 test from 1 test suite ran. (18 ms total)
[  PASSED  ] 1 test.
==655== 
==655== HEAP SUMMARY:
==655==     in use at exit: 0 bytes in 0 blocks
==655==   total heap usage: 460 allocs, 460 frees, 130,924 bytes allocated
==655== 
==655== All heap blocks were freed -- no leaks are possible
==655== 
==655== For lists of detected and suppressed errors, rerun with: -s
==655== ERROR SUMMARY: 0 errors from 0 contexts (suppressed: 0 from 0)
<end of output>
Test time =   0.52 sec
----------------------------------------------------------
Test Passed.
"HeapTest.ThreeElementPush_0_10_5" end time: Feb 22 10:24 PST
"HeapTest.ThreeElementPush_0_10_5" time elapsed: 00:00:00
----------------------------------------------------------

39/50 Testing: HeapTest.ThreeElementPush_5_0_10
39/50 Test: HeapTest.ThreeElementPush_5_0_10
Command: "/usr/bin/valgrind" "--tool=memcheck" "--leak-check=yes" "--trace-children=no" "--error-exitcode=113" "/work/hw3/hw3/hw3_tests/heap_tests/heap_tests" "--gtest_filter=HeapTest.ThreeElementPush_5_0_10"
Directory: /work/hw3/hw3/hw3_tests/heap_tests
"HeapTest.ThreeElementPush_5_0_10" start time: Feb 22 10:24 PST
Output:
----------------------------------------------------------
==656== Memcheck, a memory error detector
==656== Copyright (C) 2002-2017, and GNU GPL'd, by Julian Seward et al.
==656== Using Valgrind-3.15.0 and LibVEX; rerun with -h for copyright info
==656== Command: /work/hw3/hw3/hw3_tests/heap_tests/heap_tests --gtest_filter=HeapTest.ThreeElementPush_5_0_10
==656== 
Running main() from /build/googletest-K1TalW/googletest-1.10.0/googletest/src/gtest_main.cc
Note: Google Test filter = HeapTest.ThreeElementPush_5_0_10
[==========] Running 1 test from 1 test suite.
[----------] Global test environment set-up.
[----------] 1 test from HeapTest
[ RUN      ] HeapTest.ThreeElementPush_5_0_10
[       OK ] HeapTest.ThreeElementPush_5_0_10 (8 ms)
[----------] 1 test from HeapTest (10 ms total)

[----------] Global test environment tear-down
[==========] 1 test from 1 test suite ran. (20 ms total)
[  PASSED  ] 1 test.
==656== 
==656== HEAP SUMMARY:
==656==     in use at exit: 0 bytes in 0 blocks
==656==   total heap usage: 460 allocs, 460 frees, 130,924 bytes allocated
==656== 
==656== All heap blocks were freed -- no leaks are possible
==656== 
==656== For lists of detected and suppressed errors, rerun with: -s
==656== ERROR SUMMARY: 0 errors from 0 contexts (suppressed: 0 from 0)
<end of output>
Test time =   0.50 sec
----------------------------------------------------------
Test Passed.
"HeapTest.ThreeElementPush_5_0_10" end time: Feb 22 10:24 PST
"HeapTest.ThreeElementPush_5_0_10" time elapsed: 00:00:00
----------------------------------------------------------

40/50 Testing: HeapTest.ThreeElementPush_5_10_0
40/50 Test: HeapTest.ThreeElementPush_5_10_0
Command: "/usr/bin/valgrind" "--tool=memcheck" "--leak-check=yes" "--trace-children=no" "--error-exitcode=113" "/work/hw3/hw3/hw3_tests/heap_tests/heap_tests" "--gtest_filter=HeapTest.ThreeElementPush_5_10_0"
Directory: /work/hw3/hw3/hw3_tests/heap_tests
"HeapTest.ThreeElementPush_5_10_0" start time: Feb 22 10:24 PST
Output:
----------------------------------------------------------
==657== Memcheck, a memory error detector
==657== Copyright (C) 2002-2017, and GNU GPL'd, by Julian Seward et al.
==657== Using Valgrind-3.15.0 and LibVEX; rerun with -h for copyright info
==657== Command: /work/hw3/hw3/hw3_tests/heap_tests/heap_tests --gtest_filter=HeapTest.ThreeElementPush_5_10_0
==657== 
Running main() from /build/googletest-K1TalW/googletest-1.10.0/googletest/src/gtest_main.cc
Note: Google Test filter = HeapTest.ThreeElementPush_5_10_0
[==========] Running 1 test from 1 test suite.
[----------] Global test environment set-up.
[----------] 1 test from HeapTest
[ RUN      ] HeapTest.ThreeElementPush_5_10_0
[       OK ] HeapTest.ThreeElementPush_5_10_0 (7 ms)
[----------] 1 test from HeapTest (10 ms total)

[----------] Global test environment tear-down
[==========] 1 test from 1 test suite ran. (19 ms total)
[  PASSED  ] 1 test.
==657== 
==657== HEAP SUMMARY:
==657==     in use at exit: 0 bytes in 0 blocks
==657==   total heap usage: 460 allocs, 460 frees, 130,924 bytes allocated
==657== 
==657== All heap blocks were freed -- no leaks are possible
==657== 
==657== For lists of detected and suppressed errors, rerun with: -s
==657== ERROR SUMMARY: 0 errors from 0 contexts (suppressed: 0 from 0)
<end of output>
Test time =   0.50 sec
----------------------------------------------------------
Test Passed.
"HeapTest.ThreeElementPush_5_10_0" end time: Feb 22 10:25 PST
"HeapTest.ThreeElementPush_5_10_0" time elapsed: 00:00:00
----------------------------------------------------------

41/50 Testing: HeapTest.ThreeElementPush_10_0_5
41/50 Test: HeapTest.ThreeElementPush_10_0_5
Command: "/usr/bin/valgrind" "--tool=memcheck" "--leak-check=yes" "--trace-children=no" "--error-exitcode=113" "/work/hw3/hw3/hw3_tests/heap_tests/heap_tests" "--gtest_filter=HeapTest.ThreeElementPush_10_0_5"
Directory: /work/hw3/hw3/hw3_tests/heap_tests
"HeapTest.ThreeElementPush_10_0_5" start time: Feb 22 10:25 PST
Output:
----------------------------------------------------------
==658== Memcheck, a memory error detector
==658== Copyright (C) 2002-2017, and GNU GPL'd, by Julian Seward et al.
==658== Using Valgrind-3.15.0 and LibVEX; rerun with -h for copyright info
==658== Command: /work/hw3/hw3/hw3_tests/heap_tests/heap_tests --gtest_filter=HeapTest.ThreeElementPush_10_0_5
==658== 
Running main() from /build/googletest-K1TalW/googletest-1.10.0/googletest/src/gtest_main.cc
Note: Google Test filter = HeapTest.ThreeElementPush_10_0_5
[==========] Running 1 test from 1 test suite.
[----------] Global test environment set-up.
[----------] 1 test from HeapTest
[ RUN      ] HeapTest.ThreeElementPush_10_0_5
[       OK ] HeapTest.ThreeElementPush_10_0_5 (8 ms)
[----------] 1 test from HeapTest (11 ms total)

[----------] Global test environment tear-down
[==========] 1 test from 1 test suite ran. (19 ms total)
[  PASSED  ] 1 test.
==658== 
==658== HEAP SUMMARY:
==658==     in use at exit: 0 bytes in 0 blocks
==658==   total heap usage: 460 allocs, 460 frees, 130,924 bytes allocated
==658== 
==658== All heap blocks were freed -- no leaks are possible
==658== 
==658== For lists of detected and suppressed errors, rerun with: -s
==658== ERROR SUMMARY: 0 errors from 0 contexts (suppressed: 0 from 0)
<end of output>
Test time =   0.56 sec
----------------------------------------------------------
Test Passed.
"HeapTest.ThreeElementPush_10_0_5" end time: Feb 22 10:25 PST
"HeapTest.ThreeElementPush_10_0_5" time elapsed: 00:00:00
----------------------------------------------------------

42/50 Testing: HeapTest.ThreeElementPush_10_5_0
42/50 Test: HeapTest.ThreeElementPush_10_5_0
Command: "/usr/bin/valgrind" "--tool=memcheck" "--leak-check=yes" "--trace-children=no" "--error-exitcode=113" "/work/hw3/hw3/hw3_tests/heap_tests/heap_tests" "--gtest_filter=HeapTest.ThreeElementPush_10_5_0"
Directory: /work/hw3/hw3/hw3_tests/heap_tests
"HeapTest.ThreeElementPush_10_5_0" start time: Feb 22 10:25 PST
Output:
----------------------------------------------------------
==659== Memcheck, a memory error detector
==659== Copyright (C) 2002-2017, and GNU GPL'd, by Julian Seward et al.
==659== Using Valgrind-3.15.0 and LibVEX; rerun with -h for copyright info
==659== Command: /work/hw3/hw3/hw3_tests/heap_tests/heap_tests --gtest_filter=HeapTest.ThreeElementPush_10_5_0
==659== 
Running main() from /build/googletest-K1TalW/googletest-1.10.0/googletest/src/gtest_main.cc
Note: Google Test filter = HeapTest.ThreeElementPush_10_5_0
[==========] Running 1 test from 1 test suite.
[----------] Global test environment set-up.
[----------] 1 test from HeapTest
[ RUN      ] HeapTest.ThreeElementPush_10_5_0
[       OK ] HeapTest.ThreeElementPush_10_5_0 (8 ms)
[----------] 1 test from HeapTest (10 ms total)

[----------] Global test environment tear-down
[==========] 1 test from 1 test suite ran. (19 ms total)
[  PASSED  ] 1 test.
==659== 
==659== HEAP SUMMARY:
==659==     in use at exit: 0 bytes in 0 blocks
==659==   total heap usage: 460 allocs, 460 frees, 130,924 bytes allocated
==659== 
==659== All heap blocks were freed -- no leaks are possible
==659== 
==659== For lists of detected and suppressed errors, rerun with: -s
==659== ERROR SUMMARY: 0 errors from 0 contexts (suppressed: 0 from 0)
<end of output>
Test time =   0.50 sec
----------------------------------------------------------
Test Passed.
"HeapTest.ThreeElementPush_10_5_0" end time: Feb 22 10:25 PST
"HeapTest.ThreeElementPush_10_5_0" time elapsed: 00:00:00
----------------------------------------------------------

43/50 Testing: HeapTest.GreaterComparator
43/50 Test: HeapTest.GreaterComparator
Command: "/usr/bin/valgrind" "--tool=memcheck" "--leak-check=yes" "--trace-children=no" "--error-exitcode=113" "/work/hw3/hw3/hw3_tests/heap_tests/heap_tests" "--gtest_filter=HeapTest.GreaterComparator"
Directory: /work/hw3/hw3/hw3_tests/heap_tests
"HeapTest.GreaterComparator" start time: Feb 22 10:25 PST
Output:
----------------------------------------------------------
==660== Memcheck, a memory error detector
==660== Copyright (C) 2002-2017, and GNU GPL'd, by Julian Seward et al.
==660== Using Valgrind-3.15.0 and LibVEX; rerun with -h for copyright info
==660== Command: /work/hw3/hw3/hw3_tests/heap_tests/heap_tests --gtest_filter=HeapTest.GreaterComparator
==660== 
Running main() from /build/googletest-K1TalW/googletest-1.10.0/googletest/src/gtest_main.cc
Note: Google Test filter = HeapTest.GreaterComparator
[==========] Running 1 test from 1 test suite.
[----------] Global test environment set-up.
[----------] 1 test from HeapTest
[ RUN      ] HeapTest.GreaterComparator
[       OK ] HeapTest.GreaterComparator (7 ms)
[----------] 1 test from HeapTest (10 ms total)

[----------] Global test environment tear-down
[==========] 1 test from 1 test suite ran. (20 ms total)
[  PASSED  ] 1 test.
==660== 
==660== HEAP SUMMARY:
==660==     in use at exit: 0 bytes in 0 blocks
==660==   total heap usage: 460 allocs, 460 frees, 130,828 bytes allocated
==660== 
==660== All heap blocks were freed -- no leaks are possible
==660== 
==660== For lists of detected and suppressed errors, rerun with: -s
==660== ERROR SUMMARY: 0 errors from 0 contexts (suppressed: 0 from 0)
<end of output>
Test time =   0.51 sec
----------------------------------------------------------
Test Passed.
"HeapTest.GreaterComparator" end time: Feb 22 10:25 PST
"HeapTest.GreaterComparator" time elapsed: 00:00:00
----------------------------------------------------------

44/50 Testing: HeapTest.StringStorage
44/50 Test: HeapTest.StringStorage
Command: "/usr/bin/valgrind" "--tool=memcheck" "--leak-check=yes" "--trace-children=no" "--error-exitcode=113" "/work/hw3/hw3/hw3_tests/heap_tests/heap_tests" "--gtest_filter=HeapTest.StringStorage"
Directory: /work/hw3/hw3/hw3_tests/heap_tests
"HeapTest.StringStorage" start time: Feb 22 10:25 PST
Output:
----------------------------------------------------------
==661== Memcheck, a memory error detector
==661== Copyright (C) 2002-2017, and GNU GPL'd, by Julian Seward et al.
==661== Using Valgrind-3.15.0 and LibVEX; rerun with -h for copyright info
==661== Command: /work/hw3/hw3/hw3_tests/heap_tests/heap_tests --gtest_filter=HeapTest.StringStorage
==661== 
Running main() from /build/googletest-K1TalW/googletest-1.10.0/googletest/src/gtest_main.cc
Note: Google Test filter = HeapTest.StringStorage
[==========] Running 1 test from 1 test suite.
[----------] Global test environment set-up.
[----------] 1 test from HeapTest
[ RUN      ] HeapTest.StringStorage
[       OK ] HeapTest.StringStorage (6 ms)
[----------] 1 test from HeapTest (8 ms total)

[----------] Global test environment tear-down
[==========] 1 test from 1 test suite ran. (18 ms total)
[  PASSED  ] 1 test.
==661== 
==661== HEAP SUMMARY:
==661==     in use at exit: 0 bytes in 0 blocks
==661==   total heap usage: 460 allocs, 460 frees, 130,996 bytes allocated
==661== 
==661== All heap blocks were freed -- no leaks are possible
==661== 
==661== For lists of detected and suppressed errors, rerun with: -s
==661== ERROR SUMMARY: 0 errors from 0 contexts (suppressed: 0 from 0)
<end of output>
Test time =   0.52 sec
----------------------------------------------------------
Test Passed.
"HeapTest.StringStorage" end time: Feb 22 10:25 PST
"HeapTest.StringStorage" time elapsed: 00:00:00
----------------------------------------------------------

45/50 Testing: HeapTest.FiveElementPush_TrinaryHeap
45/50 Test: HeapTest.FiveElementPush_TrinaryHeap
Command: "/usr/bin/valgrind" "--tool=memcheck" "--leak-check=yes" "--trace-children=no" "--error-exitcode=113" "/work/hw3/hw3/hw3_tests/heap_tests/heap_tests" "--gtest_filter=HeapTest.FiveElementPush_TrinaryHeap"
Directory: /work/hw3/hw3/hw3_tests/heap_tests
"HeapTest.FiveElementPush_TrinaryHeap" start time: Feb 22 10:25 PST
Output:
----------------------------------------------------------
==662== Memcheck, a memory error detector
==662== Copyright (C) 2002-2017, and GNU GPL'd, by Julian Seward et al.
==662== Using Valgrind-3.15.0 and LibVEX; rerun with -h for copyright info
==662== Command: /work/hw3/hw3/hw3_tests/heap_tests/heap_tests --gtest_filter=HeapTest.FiveElementPush_TrinaryHeap
==662== 
Running main() from /build/googletest-K1TalW/googletest-1.10.0/googletest/src/gtest_main.cc
Note: Google Test filter = HeapTest.FiveElementPush_TrinaryHeap
[==========] Running 1 test from 1 test suite.
[----------] Global test environment set-up.
[----------] 1 test from HeapTest
[ RUN      ] HeapTest.FiveElementPush_TrinaryHeap
[       OK ] HeapTest.FiveElementPush_TrinaryHeap (8 ms)
[----------] 1 test from HeapTest (11 ms total)

[----------] Global test environment tear-down
[==========] 1 test from 1 test suite ran. (19 ms total)
[  PASSED  ] 1 test.
==662== 
==662== HEAP SUMMARY:
==662==     in use at exit: 0 bytes in 0 blocks
==662==   total heap usage: 461 allocs, 461 frees, 131,092 bytes allocated
==662== 
==662== All heap blocks were freed -- no leaks are possible
==662== 
==662== For lists of detected and suppressed errors, rerun with: -s
==662== ERROR SUMMARY: 0 errors from 0 contexts (suppressed: 0 from 0)
<end of output>
Test time =   0.51 sec
----------------------------------------------------------
Test Passed.
"HeapTest.FiveElementPush_TrinaryHeap" end time: Feb 22 10:25 PST
"HeapTest.FiveElementPush_TrinaryHeap" time elapsed: 00:00:00
----------------------------------------------------------

46/50 Testing: HeapTest.SixElementPush_QuaternaryHeap
46/50 Test: HeapTest.SixElementPush_QuaternaryHeap
Command: "/usr/bin/valgrind" "--tool=memcheck" "--leak-check=yes" "--trace-children=no" "--error-exitcode=113" "/work/hw3/hw3/hw3_tests/heap_tests/heap_tests" "--gtest_filter=HeapTest.SixElementPush_QuaternaryHeap"
Directory: /work/hw3/hw3/hw3_tests/heap_tests
"HeapTest.SixElementPush_QuaternaryHeap" start time: Feb 22 10:25 PST
Output:
----------------------------------------------------------
==663== Memcheck, a memory error detector
==663== Copyright (C) 2002-2017, and GNU GPL'd, by Julian Seward et al.
==663== Using Valgrind-3.15.0 and LibVEX; rerun with -h for copyright info
==663== Command: /work/hw3/hw3/hw3_tests/heap_tests/heap_tests --gtest_filter=HeapTest.SixElementPush_QuaternaryHeap
==663== 
Running main() from /build/googletest-K1TalW/googletest-1.10.0/googletest/src/gtest_main.cc
Note: Google Test filter = HeapTest.SixElementPush_QuaternaryHeap
[==========] Running 1 test from 1 test suite.
[----------] Global test environment set-up.
[----------] 1 test from HeapTest
[ RUN      ] HeapTest.SixElementPush_QuaternaryHeap
[       OK ] HeapTest.SixElementPush_QuaternaryHeap (8 ms)
[----------] 1 test from HeapTest (10 ms total)

[----------] Global test environment tear-down
[==========] 1 test from 1 test suite ran. (19 ms total)
[  PASSED  ] 1 test.
==663== 
==663== HEAP SUMMARY:
==663==     in use at exit: 0 bytes in 0 blocks
==663==   total heap usage: 461 allocs, 461 frees, 131,160 bytes allocated
==663== 
==663== All heap blocks were freed -- no leaks are possible
==663== 
==663== For lists of detected and suppressed errors, rerun with: -s
==663== ERROR SUMMARY: 0 errors from 0 contexts (suppressed: 0 from 0)
<end of output>
Test time =   0.51 sec
----------------------------------------------------------
Test Passed.
"HeapTest.SixElementPush_QuaternaryHeap" end time: Feb 22 10:25 PST
"HeapTest.SixElementPush_QuaternaryHeap" time elapsed: 00:00:00
----------------------------------------------------------

47/50 Testing: HeapStress.50x50RandomElements_BinaryHeap
47/50 Test: HeapStress.50x50RandomElements_BinaryHeap
Command: "/usr/bin/valgrind" "--tool=memcheck" "--leak-check=yes" "--trace-children=no" "--error-exitcode=113" "/work/hw3/hw3/hw3_tests/heap_tests/heap_tests" "--gtest_filter=HeapStress.50x50RandomElements_BinaryHeap"
Directory: /work/hw3/hw3/hw3_tests/heap_tests
"HeapStress.50x50RandomElements_BinaryHeap" start time: Feb 22 10:25 PST
Output:
----------------------------------------------------------
==664== Memcheck, a memory error detector
==664== Copyright (C) 2002-2017, and GNU GPL'd, by Julian Seward et al.
==664== Using Valgrind-3.15.0 and LibVEX; rerun with -h for copyright info
==664== Command: /work/hw3/hw3/hw3_tests/heap_tests/heap_tests --gtest_filter=HeapStress.50x50RandomElements_BinaryHeap
==664== 
Running main() from /build/googletest-K1TalW/googletest-1.10.0/googletest/src/gtest_main.cc
Note: Google Test filter = HeapStress.50x50RandomElements_BinaryHeap
[==========] Running 1 test from 1 test suite.
[----------] Global test environment set-up.
[----------] 1 test from HeapStress
[ RUN      ] HeapStress.50x50RandomElements_BinaryHeap
[       OK ] HeapStress.50x50RandomElements_BinaryHeap (107 ms)
[----------] 1 test from HeapStress (110 ms total)

[----------] Global test environment tear-down
[==========] 1 test from 1 test suite ran. (119 ms total)
[  PASSED  ] 1 test.
==664== 
==664== HEAP SUMMARY:
==664==     in use at exit: 0 bytes in 0 blocks
==664==   total heap usage: 958 allocs, 958 frees, 178,794 bytes allocated
==664== 
==664== All heap blocks were freed -- no leaks are possible
==664== 
==664== For lists of detected and suppressed errors, rerun with: -s
==664== ERROR SUMMARY: 0 errors from 0 contexts (suppressed: 0 from 0)
<end of output>
Test time =   0.63 sec
----------------------------------------------------------
Test Passed.
"HeapStress.50x50RandomElements_BinaryHeap" end time: Feb 22 10:25 PST
"HeapStress.50x50RandomElements_BinaryHeap" time elapsed: 00:00:00
----------------------------------------------------------

48/50 Testing: HeapStress.50x50RandomElements_QuaternaryHeap
48/50 Test: HeapStress.50x50RandomElements_QuaternaryHeap
Command: "/usr/bin/valgrind" "--tool=memcheck" "--leak-check=yes" "--trace-children=no" "--error-exitcode=113" "/work/hw3/hw3/hw3_tests/heap_tests/heap_tests" "--gtest_filter=HeapStress.50x50RandomElements_QuaternaryHeap"
Directory: /work/hw3/hw3/hw3_tests/heap_tests
"HeapStress.50x50RandomElements_QuaternaryHeap" start time: Feb 22 10:25 PST
Output:
----------------------------------------------------------
==665== Memcheck, a memory error detector
==665== Copyright (C) 2002-2017, and GNU GPL'd, by Julian Seward et al.
==665== Using Valgrind-3.15.0 and LibVEX; rerun with -h for copyright info
==665== Command: /work/hw3/hw3/hw3_tests/heap_tests/heap_tests --gtest_filter=HeapStress.50x50RandomElements_QuaternaryHeap
==665== 
Running main() from /build/googletest-K1TalW/googletest-1.10.0/googletest/src/gtest_main.cc
Note: Google Test filter = HeapStress.50x50RandomElements_QuaternaryHeap
[==========] Running 1 test from 1 test suite.
[----------] Global test environment set-up.
[----------] 1 test from HeapStress
[ RUN      ] HeapStress.50x50RandomElements_QuaternaryHeap
[       OK ] HeapStress.50x50RandomElements_QuaternaryHeap (134 ms)
[----------] 1 test from HeapStress (138 ms total)

[----------] Global test environment tear-down
[==========] 1 test from 1 test suite ran. (150 ms total)
[  PASSED  ] 1 test.
==665== 
==665== HEAP SUMMARY:
==665==     in use at exit: 0 bytes in 0 blocks
==665==   total heap usage: 958 allocs, 958 frees, 178,930 bytes allocated
==665== 
==665== All heap blocks were freed -- no leaks are possible
==665== 
==665== For lists of detected and suppressed errors, rerun with: -s
==665== ERROR SUMMARY: 0 errors from 0 contexts (suppressed: 0 from 0)
<end of output>
Test time =   0.65 sec
----------------------------------------------------------
Test Passed.
"HeapStress.50x50RandomElements_QuaternaryHeap" end time: Feb 22 10:25 PST
"HeapStress.50x50RandomElements_QuaternaryHeap" time elapsed: 00:00:00
----------------------------------------------------------

49/50 Testing: HeapStress.50x50RandomElements_DodecenaryHeap
49/50 Test: HeapStress.50x50RandomElements_DodecenaryHeap
Command: "/usr/bin/valgrind" "--tool=memcheck" "--leak-check=yes" "--trace-children=no" "--error-exitcode=113" "/work/hw3/hw3/hw3_tests/heap_tests/heap_tests" "--gtest_filter=HeapStress.50x50RandomElements_DodecenaryHeap"
Directory: /work/hw3/hw3/hw3_tests/heap_tests
"HeapStress.50x50RandomElements_DodecenaryHeap" start time: Feb 22 10:25 PST
Output:
----------------------------------------------------------
==666== Memcheck, a memory error detector
==666== Copyright (C) 2002-2017, and GNU GPL'd, by Julian Seward et al.
==666== Using Valgrind-3.15.0 and LibVEX; rerun with -h for copyright info
==666== Command: /work/hw3/hw3/hw3_tests/heap_tests/heap_tests --gtest_filter=HeapStress.50x50RandomElements_DodecenaryHeap
==666== 
Running main() from /build/googletest-K1TalW/googletest-1.10.0/googletest/src/gtest_main.cc
Note: Google Test filter = HeapStress.50x50RandomElements_DodecenaryHeap
[==========] Running 1 test from 1 test suite.
[----------] Global test environment set-up.
[----------] 1 test from HeapStress
[ RUN      ] HeapStress.50x50RandomElements_DodecenaryHeap
[       OK ] HeapStress.50x50RandomElements_DodecenaryHeap (138 ms)
[----------] 1 test from HeapStress (141 ms total)

[----------] Global test environment tear-down
[==========] 1 test from 1 test suite ran. (150 ms total)
[  PASSED  ] 1 test.
==666== 
==666== HEAP SUMMARY:
==666==     in use at exit: 0 bytes in 0 blocks
==666==   total heap usage: 958 allocs, 958 frees, 178,930 bytes allocated
==666== 
==666== All heap blocks were freed -- no leaks are possible
==666== 
==666== For lists of detected and suppressed errors, rerun with: -s
==666== ERROR SUMMARY: 0 errors from 0 contexts (suppressed: 0 from 0)
<end of output>
Test time =   0.74 sec
----------------------------------------------------------
Test Passed.
"HeapStress.50x50RandomElements_DodecenaryHeap" end time: Feb 22 10:25 PST
"HeapStress.50x50RandomElements_DodecenaryHeap" time elapsed: 00:00:00
----------------------------------------------------------

50/50 Testing: HeapStress.2x2000RandomElements_Binary
50/50 Test: HeapStress.2x2000RandomElements_Binary
Command: "/usr/bin/valgrind" "--tool=memcheck" "--leak-check=yes" "--trace-children=no" "--error-exitcode=113" "/work/hw3/hw3/hw3_tests/heap_tests/heap_tests" "--gtest_filter=HeapStress.2x2000RandomElements_Binary"
Directory: /work/hw3/hw3/hw3_tests/heap_tests
"HeapStress.2x2000RandomElements_Binary" start time: Feb 22 10:25 PST
Output:
----------------------------------------------------------
==667== Memcheck, a memory error detector
==667== Copyright (C) 2002-2017, and GNU GPL'd, by Julian Seward et al.
==667== Using Valgrind-3.15.0 and LibVEX; rerun with -h for copyright info
==667== Command: /work/hw3/hw3/hw3_tests/heap_tests/heap_tests --gtest_filter=HeapStress.2x2000RandomElements_Binary
==667== 
Running main() from /build/googletest-K1TalW/googletest-1.10.0/googletest/src/gtest_main.cc
Note: Google Test filter = HeapStress.2x2000RandomElements_Binary
[==========] Running 1 test from 1 test suite.
[----------] Global test environment set-up.
[----------] 1 test from HeapStress
[ RUN      ] HeapStress.2x2000RandomElements_Binary
[       OK ] HeapStress.2x2000RandomElements_Binary (270 ms)
[----------] 1 test from HeapStress (273 ms total)

[----------] Global test environment tear-down
[==========] 1 test from 1 test suite ran. (293 ms total)
[  PASSED  ] 1 test.
==667== 
==667== HEAP SUMMARY:
==667==     in use at exit: 0 bytes in 0 blocks
==667==   total heap usage: 488 allocs, 488 frees, 195,940 bytes allocated
==667== 
==667== All heap blocks were freed -- no leaks are possible
==667== 
==667== For lists of detected and suppressed errors, rerun with: -s
==667== ERROR SUMMARY: 0 errors from 0 contexts (suppressed: 0 from 0)
<end of output>
Test time =   1.04 sec
----------------------------------------------------------
Test Passed.
"HeapStress.2x2000RandomElements_Binary" end time: Feb 22 10:25 PST
"HeapStress.2x2000RandomElements_Binary" time elapsed: 00:00:01
----------------------------------------------------------

End testing: Feb 22 10:25 PST
